#
# A fatal error has been detected by the Java Runtime Environment:
#
#  SIGSEGV (0xb) at pc=0x00007f4e82b28f92, pid=3868, tid=0x00007f4ed6189700
#
# JRE version: Java(TM) SE Runtime Environment (8.0_162-b12) (build 1.8.0_162-b12)
# Java VM: Java HotSpot(TM) 64-Bit Server VM (25.162-b12 mixed mode linux-amd64 compressed oops)
# Problematic frame:
# C  [libz3.so+0xdcf92]  Z3_mk_quantifier_const_ex+0x412
#
# Failed to write core dump. Core dumps have been disabled. To enable core dumping, try "ulimit -c unlimited" before starting Java again
#
# If you would like to submit a bug report, please visit:
#   http://bugreport.java.com/bugreport/crash.jsp
# The crash happened outside the Java Virtual Machine in native code.
# See problematic frame for where to report the bug.
#

---------------  T H R E A D  ---------------

Current thread (0x00007f4ed000b000):  JavaThread "main" [_thread_in_native, id=3869, stack(0x00007f4ed6089000,0x00007f4ed618a000)]

siginfo: si_signo: 11 (SIGSEGV), si_code: 1 (SEGV_MAPERR), si_addr: 0x0000000000000004

Registers:
RAX=0x0000000000000000, RBX=0x0000000000000000, RCX=0x00007f4ed01df9a0, RDX=0x00007f4ed01df9a0
RSP=0x00007f4ed61881b0, RBP=0x00007f4ed6188350, RSI=0x0000000002541480, RDI=0x00007f4e83ffbfd0
R8 =0x00007f4ed0000088, R9 =0x0000000000000004, R10=0x0000000000000313, R11=0x00007f4e82b28b80
R12=0x00007f4ed01b6220, R13=0x00007f4ed0192c38, R14=0x00007f4ed0199910, R15=0x00007f4ed01b6230
RIP=0x00007f4e82b28f92, EFLAGS=0x0000000000010212, CSGSFS=0x002b000000000033, ERR=0x0000000000000004
  TRAPNO=0x000000000000000e

Top of Stack: (sp=0x00007f4ed61881b0)
0x00007f4ed61881b0:   7478203d3e282029 00007f4ed0199910
0x00007f4ed61881c0:   0000000000000000 0000000000000000
0x00007f4ed61881d0:   0000000000000001 0000000000000000
0x00007f4ed61881e0:   0000000000000000 00000000000000b8
0x00007f4ed61881f0:   0000000000000000 0000000000000004
0x00007f4ed6188200:   00007f4ed0188ac8 00007f4ed01deef0
0x00007f4ed6188210:   00007f4ed01deec0 00007f4ed01df9a0
0x00007f4ed6188220:   0000000000000000 0000000000000000
0x00007f4ed6188230:   0000000000000000 0000000000000000
0x00007f4ed6188240:   0000000000000000 0000000000000000
0x00007f4ed6188250:   0000000000000000 0000000000000000
0x00007f4ed6188260:   0000000000000000 0000000000000000
0x00007f4ed6188270:   0000000000000000 0000000000000000
0x00007f4ed6188280:   0000000000000000 0000000000000000
0x00007f4ed6188290:   0000000000000000 0000000000000000
0x00007f4ed61882a0:   0000000000000000 0000000000000000
0x00007f4ed61882b0:   0000000000000000 0000000000000000
0x00007f4ed61882c0:   0000000000000000 0000000000000000
0x00007f4ed61882d0:   0000000000000000 0000000000000000
0x00007f4ed61882e0:   0000000000000000 0000000000000000
0x00007f4ed61882f0:   0000000000000000 0000000000000000
0x00007f4ed6188300:   0000000000000000 0000000000000000
0x00007f4ed6188310:   0000000000000000 428dd3e2ff70c400
0x00007f4ed6188320:   0000000000000000 00007f4ed000b1f8
0x00007f4ed6188330:   0000000000000001 00007f4ed61884e0
0x00007f4ed6188340:   00007f4ed0199910 00007f4ed01b6210
0x00007f4ed6188350:   0000000000000000 00007f4e82b29f65
0x00007f4ed6188360:   00007f4ed01b6210 0000000000000000
0x00007f4ed6188370:   0000000000000000 0000000000000000
0x00007f4ed6188380:   0000000000000000 00007f4ed0199910
0x00007f4ed6188390:   0000000000000003 00007f4eb8815b9b
0x00007f4ed61883a0:   0000000000000000 00007f4ed0199910 

Instructions: (pc=0x00007f4e82b28f92)
0x00007f4e82b28f72:   18 85 c0 89 85 88 fe ff ff 0f 85 0d fe ff ff 4d
0x00007f4e82b28f82:   39 fc 0f 84 b6 00 00 00 49 8b 1c 24 49 83 c4 08
0x00007f4e82b28f92:   66 83 7b 04 00 0f 84 13 fd ff ff 48 8b bd b0 fe
0x00007f4e82b28fa2:   ff ff 31 d2 be 03 00 00 00 e8 80 c6 00 00 80 bd 

Register to memory mapping:

RAX=0x0000000000000000 is an unknown value
RBX=0x0000000000000000 is an unknown value
RCX=0x00007f4ed01df9a0 is an unknown value
RDX=0x00007f4ed01df9a0 is an unknown value
RSP=0x00007f4ed61881b0 is pointing into the stack for thread: 0x00007f4ed000b000
RBP=0x00007f4ed6188350 is pointing into the stack for thread: 0x00007f4ed000b000
RSI=0x0000000002541480 is an unknown value
RDI=0x00007f4e83ffbfd0: <offset 0x15affd0> in /usr/lib/libz3.so at 0x00007f4e82a4c000
R8 =0x00007f4ed0000088 is an unknown value
R9 =0x0000000000000004 is an unknown value
R10=0x0000000000000313 is an unknown value
R11=0x00007f4e82b28b80: Z3_mk_quantifier_const_ex+0 in /usr/lib/libz3.so at 0x00007f4e82a4c000
R12=0x00007f4ed01b6220 is an unknown value
R13=0x00007f4ed0192c38 is an unknown value
R14=0x00007f4ed0199910 is an unknown value
R15=0x00007f4ed01b6230 is an unknown value


Stack: [0x00007f4ed6089000,0x00007f4ed618a000],  sp=0x00007f4ed61881b0,  free space=1020k
Native frames: (J=compiled Java code, j=interpreted, Vv=VM code, C=native code)
C  [libz3.so+0xdcf92]  Z3_mk_quantifier_const_ex+0x412
C  [libz3.so+0xddf65]  Z3_mk_quantifier_const+0x25

Java frames: (J=compiled Java code, j=interpreted, Vv=VM code)
j  com.microsoft.z3.Native.INTERNALmkQuantifierConst(JZII[JI[JJ)J+0
j  com.microsoft.z3.Native.mkQuantifierConst(JZII[JI[JJ)J+13
j  com.microsoft.z3.Quantifier.of(Lcom/microsoft/z3/Context;Z[Lcom/microsoft/z3/Expr;Lcom/microsoft/z3/Expr;I[Lcom/microsoft/z3/Pattern;[Lcom/microsoft/z3/Expr;Lcom/microsoft/z3/Symbol;Lcom/microsoft/z3/Symbol;)Lcom/microsoft/z3/Quantifier;+61
j  com.microsoft.z3.Context.mkExists([Lcom/microsoft/z3/Expr;Lcom/microsoft/z3/Expr;I[Lcom/microsoft/z3/Pattern;[Lcom/microsoft/z3/Expr;Lcom/microsoft/z3/Symbol;Lcom/microsoft/z3/Symbol;)Lcom/microsoft/z3/Quantifier;+13
j  formula.generator.QFPAGenerator.mkExistsQuantifier([Lcom/microsoft/z3/IntExpr;Lcom/microsoft/z3/Expr;)Lcom/microsoft/z3/Expr;+11
j  ocareach.ConverterZero.genZTPathForm(Lgraph/directed/zerograph/ZTPath;Lcom/microsoft/z3/IntExpr;Lcom/microsoft/z3/IntExpr;)Lcom/microsoft/z3/BoolExpr;+473
j  ocareach.ConverterZero.convertZero(Lautomata/State;Lautomata/State;)Ljava/lang/String;+170
j  ocareach.ConverterZero.convert()Ljava/lang/String;+25
j  other.ConverterZeroTest.main([Ljava/lang/String;)V+113
v  ~StubRoutines::call_stub

---------------  P R O C E S S  ---------------

Java Threads: ( => current thread )
  0x00007f4ed00c2000 JavaThread "Service Thread" daemon [_thread_blocked, id=3887, stack(0x00007f4eb8bbb000,0x00007f4eb8cbc000)]
  0x00007f4ed00bf000 JavaThread "C1 CompilerThread2" daemon [_thread_blocked, id=3886, stack(0x00007f4eb8cbc000,0x00007f4eb8dbd000)]
  0x00007f4ed00bd000 JavaThread "C2 CompilerThread1" daemon [_thread_blocked, id=3885, stack(0x00007f4eb8dbd000,0x00007f4eb8ebe000)]
  0x00007f4ed00ba000 JavaThread "C2 CompilerThread0" daemon [_thread_blocked, id=3884, stack(0x00007f4eb8ebe000,0x00007f4eb8fbf000)]
  0x00007f4ed00b8800 JavaThread "Signal Dispatcher" daemon [_thread_blocked, id=3883, stack(0x00007f4eb8fbf000,0x00007f4eb90c0000)]
  0x00007f4ed0085000 JavaThread "Finalizer" daemon [_thread_blocked, id=3882, stack(0x00007f4eb954b000,0x00007f4eb964c000)]
  0x00007f4ed0080800 JavaThread "Reference Handler" daemon [_thread_blocked, id=3881, stack(0x00007f4eb964c000,0x00007f4eb974d000)]
=>0x00007f4ed000b000 JavaThread "main" [_thread_in_native, id=3869, stack(0x00007f4ed6089000,0x00007f4ed618a000)]

Other Threads:
  0x00007f4ed0078800 VMThread [stack: 0x00007f4eb974d000,0x00007f4eb984e000] [id=3880]
  0x00007f4ed00c6800 WatcherThread [stack: 0x00007f4eb8aba000,0x00007f4eb8bbb000] [id=3888]

VM state:not at safepoint (normal execution)

VM Mutex/Monitor currently owned by a thread: None

Heap:
 PSYoungGen      total 36864K, used 3809K [0x00000000d7180000, 0x00000000d9a80000, 0x0000000100000000)
  eden space 31744K, 12% used [0x00000000d7180000,0x00000000d7538640,0x00000000d9080000)
  from space 5120K, 0% used [0x00000000d9580000,0x00000000d9580000,0x00000000d9a80000)
  to   space 5120K, 0% used [0x00000000d9080000,0x00000000d9080000,0x00000000d9580000)
 ParOldGen       total 84992K, used 0K [0x0000000085400000, 0x000000008a700000, 0x00000000d7180000)
  object space 84992K, 0% used [0x0000000085400000,0x0000000085400000,0x000000008a700000)
 Metaspace       used 4002K, capacity 5464K, committed 5760K, reserved 1056768K
  class space    used 430K, capacity 520K, committed 640K, reserved 1048576K

Card table byte_map: [0x00007f4ebf9d2000,0x00007f4ebfda9000] byte_map_base: 0x00007f4ebf5a8000

Marking Bits: (ParMarkBitMap*) 0x00007f4ed555fca0
 Begin Bits: [0x00007f4ebb5df000, 0x00007f4ebd48f000)
 End Bits:   [0x00007f4ebd48f000, 0x00007f4ebf33f000)

Polling page: 0x00007f4ed61b2000

CodeCache: size=245760Kb used=1463Kb max_used=1463Kb free=244296Kb
 bounds [0x00007f4ec0169000, 0x00007f4ec03d9000, 0x00007f4ecf169000]
 total_blobs=482 nmethods=191 adapters=205
 compilation: enabled

Compilation events (10 events):
Event: 0.219 Thread 0x00007f4ed00bf000 nmethod 180 0x00007f4ec02d4090 code [0x00007f4ec02d41e0, 0x00007f4ec02d42f0]
Event: 0.219 Thread 0x00007f4ed00bf000  183       3       com.microsoft.z3.Context::nCtx (5 bytes)
Event: 0.221 Thread 0x00007f4ed00bf000 nmethod 183 0x00007f4ec02d46d0 code [0x00007f4ec02d4820, 0x00007f4ec02d4970]
Event: 0.221 Thread 0x00007f4ed00bf000  185       3       com.microsoft.z3.enumerations.Z3_error_code::fromInt (54 bytes)
Event: 0.222 Thread 0x00007f4ed00bf000 nmethod 185 0x00007f4ec02d4a10 code [0x00007f4ec02d4c60, 0x00007f4ec02d5998]
Event: 0.222 Thread 0x00007f4ed00bf000  188       3       com.microsoft.z3.Z3Object::getNativeObject (5 bytes)
Event: 0.222 Thread 0x00007f4ed00bf000 nmethod 188 0x00007f4ec02d5f50 code [0x00007f4ec02d60a0, 0x00007f4ec02d61f0]
Event: 0.222 Thread 0x00007f4ed00bf000  186       3       com.microsoft.z3.enumerations.Z3_error_code$Z3_error_code_MappingHolder::access$000 (4 bytes)
Event: 0.222 Thread 0x00007f4ed00bf000 nmethod 186 0x00007f4ec02d6290 code [0x00007f4ec02d63e0, 0x00007f4ec02d6510]
Event: 0.222 Thread 0x00007f4ed00bf000  189       1       formula.generator.QFPAGenerator::getCtx (5 bytes)

GC Heap History (0 events):
No events

Deoptimization events (0 events):
No events

Classes redefined (0 events):
No events

Internal exceptions (2 events):
Event: 0.042 Thread 0x00007f4ed000b000 Exception <a 'java/lang/NoSuchMethodError': Method sun.misc.Unsafe.defineClass(Ljava/lang/String;[BII)Ljava/lang/Class; name or signature does not match> (0x00000000d7187ca0) thrown at [/HUDSON/workspace/8-2-build-linux-amd64/jdk8u162/10278/hotspot/src/sh
Event: 0.042 Thread 0x00007f4ed000b000 Exception <a 'java/lang/NoSuchMethodError': Method sun.misc.Unsafe.prefetchRead(Ljava/lang/Object;J)V name or signature does not match> (0x00000000d7187f88) thrown at [/HUDSON/workspace/8-2-build-linux-amd64/jdk8u162/10278/hotspot/src/share/vm/prims/jni.c

Events (10 events):
Event: 0.209 loading class table/dwt/DWTEntry
Event: 0.209 loading class table/dwt/DWTEntry done
Event: 0.210 loading class graph/directed/abs/LoopTag
Event: 0.210 loading class graph/directed/abs/LoopTag done
Event: 0.211 loading class graph/directed/abs/ASDGPath
Event: 0.211 loading class graph/directed/abs/ASDGPath done
Event: 0.213 loading class graph/directed/DGPath
Event: 0.213 loading class graph/directed/DGPath done
Event: 0.222 loading class com/microsoft/z3/Pattern
Event: 0.222 loading class com/microsoft/z3/Pattern done


Dynamic libraries:
00400000-00401000 r-xp 00000000 08:12 1328075                            /usr/local/jdk1.8.0_162/bin/java
00600000-00601000 rw-p 00000000 08:12 1328075                            /usr/local/jdk1.8.0_162/bin/java
0253f000-02560000 rw-p 00000000 00:00 0                                  [heap]
85400000-8a700000 rw-p 00000000 00:00 0 
8a700000-d7180000 ---p 00000000 00:00 0 
d7180000-d9a80000 rw-p 00000000 00:00 0 
d9a80000-100000000 ---p 00000000 00:00 0 
100000000-1000a0000 rw-p 00000000 00:00 0 
1000a0000-140000000 ---p 00000000 00:00 0 
7f4e82a4c000-7f4e83dda000 r-xp 00000000 08:12 1326236                    /usr/lib/libz3.so
7f4e83dda000-7f4e83fda000 ---p 0138e000 08:12 1326236                    /usr/lib/libz3.so
7f4e83fda000-7f4e83ffc000 r--p 0138e000 08:12 1326236                    /usr/lib/libz3.so
7f4e83ffc000-7f4e83fff000 rw-p 013b0000 08:12 1326236                    /usr/lib/libz3.so
7f4e83fff000-7f4e84000000 rw-p 00000000 00:00 0 
7f4e84000000-7f4e84021000 rw-p 00000000 00:00 0 
7f4e84021000-7f4e88000000 ---p 00000000 00:00 0 
7f4e88000000-7f4e88021000 rw-p 00000000 00:00 0 
7f4e88021000-7f4e8c000000 ---p 00000000 00:00 0 
7f4e8c000000-7f4e8c021000 rw-p 00000000 00:00 0 
7f4e8c021000-7f4e90000000 ---p 00000000 00:00 0 
7f4e90000000-7f4e900f6000 rw-p 00000000 00:00 0 
7f4e900f6000-7f4e94000000 ---p 00000000 00:00 0 
7f4e94000000-7f4e94021000 rw-p 00000000 00:00 0 
7f4e94021000-7f4e98000000 ---p 00000000 00:00 0 
7f4e98000000-7f4e9819d000 rw-p 00000000 00:00 0 
7f4e9819d000-7f4e9c000000 ---p 00000000 00:00 0 
7f4e9c000000-7f4e9c021000 rw-p 00000000 00:00 0 
7f4e9c021000-7f4ea0000000 ---p 00000000 00:00 0 
7f4ea0000000-7f4ea0021000 rw-p 00000000 00:00 0 
7f4ea0021000-7f4ea4000000 ---p 00000000 00:00 0 
7f4ea4000000-7f4ea4021000 rw-p 00000000 00:00 0 
7f4ea4021000-7f4ea8000000 ---p 00000000 00:00 0 
7f4ea8000000-7f4ea8021000 rw-p 00000000 00:00 0 
7f4ea8021000-7f4eac000000 ---p 00000000 00:00 0 
7f4eac000000-7f4eac021000 rw-p 00000000 00:00 0 
7f4eac021000-7f4eb0000000 ---p 00000000 00:00 0 
7f4eb0000000-7f4eb0021000 rw-p 00000000 00:00 0 
7f4eb0021000-7f4eb4000000 ---p 00000000 00:00 0 
7f4eb4000000-7f4eb4021000 rw-p 00000000 00:00 0 
7f4eb4021000-7f4eb8000000 ---p 00000000 00:00 0 
7f4eb8018000-7f4eb802e000 r-xp 00000000 08:12 3936818                    /lib/x86_64-linux-gnu/libgcc_s.so.1
7f4eb802e000-7f4eb822d000 ---p 00016000 08:12 3936818                    /lib/x86_64-linux-gnu/libgcc_s.so.1
7f4eb822d000-7f4eb822e000 rw-p 00015000 08:12 3936818                    /lib/x86_64-linux-gnu/libgcc_s.so.1
7f4eb822e000-7f4eb824f000 r-xp 00000000 08:12 1316011                    /usr/lib/x86_64-linux-gnu/libgomp.so.1.0.0
7f4eb824f000-7f4eb844e000 ---p 00021000 08:12 1316011                    /usr/lib/x86_64-linux-gnu/libgomp.so.1.0.0
7f4eb844e000-7f4eb844f000 r--p 00020000 08:12 1316011                    /usr/lib/x86_64-linux-gnu/libgomp.so.1.0.0
7f4eb844f000-7f4eb8450000 rw-p 00021000 08:12 1316011                    /usr/lib/x86_64-linux-gnu/libgomp.so.1.0.0
7f4eb8450000-7f4eb85c2000 r-xp 00000000 08:12 1317647                    /usr/lib/x86_64-linux-gnu/libstdc++.so.6.0.21
7f4eb85c2000-7f4eb87c2000 ---p 00172000 08:12 1317647                    /usr/lib/x86_64-linux-gnu/libstdc++.so.6.0.21
7f4eb87c2000-7f4eb87cc000 r--p 00172000 08:12 1317647                    /usr/lib/x86_64-linux-gnu/libstdc++.so.6.0.21
7f4eb87cc000-7f4eb87ce000 rw-p 0017c000 08:12 1317647                    /usr/lib/x86_64-linux-gnu/libstdc++.so.6.0.21
7f4eb87ce000-7f4eb87d2000 rw-p 00000000 00:00 0 
7f4eb87f6000-7f4eb8821000 r-xp 00000000 08:12 1326238                    /usr/lib/libz3java.so
7f4eb8821000-7f4eb8a21000 ---p 0002b000 08:12 1326238                    /usr/lib/libz3java.so
7f4eb8a21000-7f4eb8a22000 r--p 0002b000 08:12 1326238                    /usr/lib/libz3java.so
7f4eb8a22000-7f4eb8a24000 rw-p 0002c000 08:12 1326238                    /usr/lib/libz3java.so
7f4eb8a24000-7f4eb8aba000 r--s 0110a000 08:12 3150950                    /usr/local/jdk1.8.0_162/jre/lib/ext/jfxrt.jar
7f4eb8aba000-7f4eb8abb000 ---p 00000000 00:00 0 
7f4eb8abb000-7f4eb8bbb000 rw-p 00000000 00:00 0 
7f4eb8bbb000-7f4eb8bbe000 ---p 00000000 00:00 0 
7f4eb8bbe000-7f4eb8cbc000 rw-p 00000000 00:00 0 
7f4eb8cbc000-7f4eb8cbf000 ---p 00000000 00:00 0 
7f4eb8cbf000-7f4eb8dbd000 rw-p 00000000 00:00 0 
7f4eb8dbd000-7f4eb8dc0000 ---p 00000000 00:00 0 
7f4eb8dc0000-7f4eb8ebe000 rw-p 00000000 00:00 0 
7f4eb8ebe000-7f4eb8ec1000 ---p 00000000 00:00 0 
7f4eb8ec1000-7f4eb8fbf000 rw-p 00000000 00:00 0 
7f4eb8fbf000-7f4eb8fc2000 ---p 00000000 00:00 0 
7f4eb8fc2000-7f4eb90c0000 rw-p 00000000 00:00 0 
7f4eb90c0000-7f4eb954b000 r--p 00000000 08:12 1313896                    /usr/lib/locale/locale-archive
7f4eb954b000-7f4eb954e000 ---p 00000000 00:00 0 
7f4eb954e000-7f4eb964c000 rw-p 00000000 00:00 0 
7f4eb964c000-7f4eb964f000 ---p 00000000 00:00 0 
7f4eb964f000-7f4eb974d000 rw-p 00000000 00:00 0 
7f4eb974d000-7f4eb974e000 ---p 00000000 00:00 0 
7f4eb974e000-7f4eba830000 rw-p 00000000 00:00 0 
7f4eba830000-7f4ebaa09000 r--s 03d65000 08:12 2508527                    /usr/local/jdk1.8.0_162/jre/lib/rt.jar
7f4ebaa09000-7f4ebaf09000 rw-p 00000000 00:00 0 
7f4ebaf09000-7f4ebb209000 ---p 00000000 00:00 0 
7f4ebb209000-7f4ebf33f000 rw-p 00000000 00:00 0 
7f4ebf33f000-7f4ebf340000 ---p 00000000 00:00 0 
7f4ebf340000-7f4ebf440000 rw-p 00000000 00:00 0 
7f4ebf440000-7f4ebf441000 ---p 00000000 00:00 0 
7f4ebf441000-7f4ebf541000 rw-p 00000000 00:00 0 
7f4ebf541000-7f4ebf542000 ---p 00000000 00:00 0 
7f4ebf542000-7f4ebf642000 rw-p 00000000 00:00 0 
7f4ebf642000-7f4ebf643000 ---p 00000000 00:00 0 
7f4ebf643000-7f4ebf76d000 rw-p 00000000 00:00 0 
7f4ebf76d000-7f4ebf9d2000 ---p 00000000 00:00 0 
7f4ebf9d2000-7f4ebf9fc000 rw-p 00000000 00:00 0 
7f4ebf9fc000-7f4ebfc60000 ---p 00000000 00:00 0 
7f4ebfc60000-7f4ebfc76000 rw-p 00000000 00:00 0 
7f4ebfc76000-7f4ebfda8000 ---p 00000000 00:00 0 
7f4ebfda8000-7f4ebfdb3000 rw-p 00000000 00:00 0 
7f4ebfdb3000-7f4ec0169000 ---p 00000000 00:00 0 
7f4ec0169000-7f4ec03d9000 rwxp 00000000 00:00 0 
7f4ec03d9000-7f4ecf169000 ---p 00000000 00:00 0 
7f4ecf169000-7f4ecf184000 r-xp 00000000 08:12 3542971                    /usr/local/jdk1.8.0_162/jre/lib/amd64/libzip.so
7f4ecf184000-7f4ecf384000 ---p 0001b000 08:12 3542971                    /usr/local/jdk1.8.0_162/jre/lib/amd64/libzip.so
7f4ecf384000-7f4ecf385000 rw-p 0001b000 08:12 3542971                    /usr/local/jdk1.8.0_162/jre/lib/amd64/libzip.so
7f4ecf385000-7f4ecf390000 r-xp 00000000 08:12 3941570                    /lib/x86_64-linux-gnu/libnss_files-2.23.so
7f4ecf390000-7f4ecf58f000 ---p 0000b000 08:12 3941570                    /lib/x86_64-linux-gnu/libnss_files-2.23.so
7f4ecf58f000-7f4ecf590000 r--p 0000a000 08:12 3941570                    /lib/x86_64-linux-gnu/libnss_files-2.23.so
7f4ecf590000-7f4ecf591000 rw-p 0000b000 08:12 3941570                    /lib/x86_64-linux-gnu/libnss_files-2.23.so
7f4ecf591000-7f4ecf597000 rw-p 00000000 00:00 0 
7f4ecf597000-7f4ecf5a2000 r-xp 00000000 08:12 3941554                    /lib/x86_64-linux-gnu/libnss_nis-2.23.so
7f4ecf5a2000-7f4ecf7a1000 ---p 0000b000 08:12 3941554                    /lib/x86_64-linux-gnu/libnss_nis-2.23.so
7f4ecf7a1000-7f4ecf7a2000 r--p 0000a000 08:12 3941554                    /lib/x86_64-linux-gnu/libnss_nis-2.23.so
7f4ecf7a2000-7f4ecf7a3000 rw-p 0000b000 08:12 3941554                    /lib/x86_64-linux-gnu/libnss_nis-2.23.so
7f4ecf7a3000-7f4ecf7b9000 r-xp 00000000 08:12 3941565                    /lib/x86_64-linux-gnu/libnsl-2.23.so
7f4ecf7b9000-7f4ecf9b8000 ---p 00016000 08:12 3941565                    /lib/x86_64-linux-gnu/libnsl-2.23.so
7f4ecf9b8000-7f4ecf9b9000 r--p 00015000 08:12 3941565                    /lib/x86_64-linux-gnu/libnsl-2.23.so
7f4ecf9b9000-7f4ecf9ba000 rw-p 00016000 08:12 3941565                    /lib/x86_64-linux-gnu/libnsl-2.23.so
7f4ecf9ba000-7f4ecf9bc000 rw-p 00000000 00:00 0 
7f4ecf9bc000-7f4ecf9c4000 r-xp 00000000 08:12 3941578                    /lib/x86_64-linux-gnu/libnss_compat-2.23.so
7f4ecf9c4000-7f4ecfbc3000 ---p 00008000 08:12 3941578                    /lib/x86_64-linux-gnu/libnss_compat-2.23.so
7f4ecfbc3000-7f4ecfbc4000 r--p 00007000 08:12 3941578                    /lib/x86_64-linux-gnu/libnss_compat-2.23.so
7f4ecfbc4000-7f4ecfbc5000 rw-p 00008000 08:12 3941578                    /lib/x86_64-linux-gnu/libnss_compat-2.23.so
7f4ecfbc5000-7f4ecfbf0000 r-xp 00000000 08:12 3542965                    /usr/local/jdk1.8.0_162/jre/lib/amd64/libjava.so
7f4ecfbf0000-7f4ecfdef000 ---p 0002b000 08:12 3542965                    /usr/local/jdk1.8.0_162/jre/lib/amd64/libjava.so
7f4ecfdef000-7f4ecfdf1000 rw-p 0002a000 08:12 3542965                    /usr/local/jdk1.8.0_162/jre/lib/amd64/libjava.so
7f4ecfdf1000-7f4ecfdfe000 r-xp 00000000 08:12 3542970                    /usr/local/jdk1.8.0_162/jre/lib/amd64/libverify.so
7f4ecfdfe000-7f4ecfffe000 ---p 0000d000 08:12 3542970                    /usr/local/jdk1.8.0_162/jre/lib/amd64/libverify.so
7f4ecfffe000-7f4ed0000000 rw-p 0000d000 08:12 3542970                    /usr/local/jdk1.8.0_162/jre/lib/amd64/libverify.so
7f4ed0000000-7f4ed03e8000 rw-p 00000000 00:00 0 
7f4ed03e8000-7f4ed4000000 ---p 00000000 00:00 0 
7f4ed4001000-7f4ed4004000 r--s 00027000 08:12 5521420                    /home/clexma/Desktop/intern/workspace/OCAReach2QFPA/lib/com.microsoft.z3.jar
7f4ed4004000-7f4ed4009000 r--s 00084000 08:12 2508504                    /usr/local/jdk1.8.0_162/jre/lib/jfr.jar
7f4ed4009000-7f4ed407f000 rw-p 00000000 00:00 0 
7f4ed407f000-7f4ed4086000 r-xp 00000000 08:12 3941539                    /lib/x86_64-linux-gnu/librt-2.23.so
7f4ed4086000-7f4ed4285000 ---p 00007000 08:12 3941539                    /lib/x86_64-linux-gnu/librt-2.23.so
7f4ed4285000-7f4ed4286000 r--p 00006000 08:12 3941539                    /lib/x86_64-linux-gnu/librt-2.23.so
7f4ed4286000-7f4ed4287000 rw-p 00007000 08:12 3941539                    /lib/x86_64-linux-gnu/librt-2.23.so
7f4ed4287000-7f4ed438f000 r-xp 00000000 08:12 3941580                    /lib/x86_64-linux-gnu/libm-2.23.so
7f4ed438f000-7f4ed458e000 ---p 00108000 08:12 3941580                    /lib/x86_64-linux-gnu/libm-2.23.so
7f4ed458e000-7f4ed458f000 r--p 00107000 08:12 3941580                    /lib/x86_64-linux-gnu/libm-2.23.so
7f4ed458f000-7f4ed4590000 rw-p 00108000 08:12 3941580                    /lib/x86_64-linux-gnu/libm-2.23.so
7f4ed4590000-7f4ed5269000 r-xp 00000000 08:12 3542947                    /usr/local/jdk1.8.0_162/jre/lib/amd64/server/libjvm.so
7f4ed5269000-7f4ed5468000 ---p 00cd9000 08:12 3542947                    /usr/local/jdk1.8.0_162/jre/lib/amd64/server/libjvm.so
7f4ed5468000-7f4ed5542000 rw-p 00cd8000 08:12 3542947                    /usr/local/jdk1.8.0_162/jre/lib/amd64/server/libjvm.so
7f4ed5542000-7f4ed558d000 rw-p 00000000 00:00 0 
7f4ed558d000-7f4ed574d000 r-xp 00000000 08:12 3941576                    /lib/x86_64-linux-gnu/libc-2.23.so
7f4ed574d000-7f4ed594d000 ---p 001c0000 08:12 3941576                    /lib/x86_64-linux-gnu/libc-2.23.so
7f4ed594d000-7f4ed5951000 r--p 001c0000 08:12 3941576                    /lib/x86_64-linux-gnu/libc-2.23.so
7f4ed5951000-7f4ed5953000 rw-p 001c4000 08:12 3941576                    /lib/x86_64-linux-gnu/libc-2.23.so
7f4ed5953000-7f4ed5957000 rw-p 00000000 00:00 0 
7f4ed5957000-7f4ed595a000 r-xp 00000000 08:12 3941544                    /lib/x86_64-linux-gnu/libdl-2.23.so
7f4ed595a000-7f4ed5b59000 ---p 00003000 08:12 3941544                    /lib/x86_64-linux-gnu/libdl-2.23.so
7f4ed5b59000-7f4ed5b5a000 r--p 00002000 08:12 3941544                    /lib/x86_64-linux-gnu/libdl-2.23.so
7f4ed5b5a000-7f4ed5b5b000 rw-p 00003000 08:12 3941544                    /lib/x86_64-linux-gnu/libdl-2.23.so
7f4ed5b5b000-7f4ed5b71000 r-xp 00000000 08:12 1450668                    /usr/local/jdk1.8.0_162/lib/amd64/jli/libjli.so
7f4ed5b71000-7f4ed5d70000 ---p 00016000 08:12 1450668                    /usr/local/jdk1.8.0_162/lib/amd64/jli/libjli.so
7f4ed5d70000-7f4ed5d71000 rw-p 00015000 08:12 1450668                    /usr/local/jdk1.8.0_162/lib/amd64/jli/libjli.so
7f4ed5d71000-7f4ed5d89000 r-xp 00000000 08:12 3941548                    /lib/x86_64-linux-gnu/libpthread-2.23.so
7f4ed5d89000-7f4ed5f88000 ---p 00018000 08:12 3941548                    /lib/x86_64-linux-gnu/libpthread-2.23.so
7f4ed5f88000-7f4ed5f89000 r--p 00017000 08:12 3941548                    /lib/x86_64-linux-gnu/libpthread-2.23.so
7f4ed5f89000-7f4ed5f8a000 rw-p 00018000 08:12 3941548                    /lib/x86_64-linux-gnu/libpthread-2.23.so
7f4ed5f8a000-7f4ed5f8e000 rw-p 00000000 00:00 0 
7f4ed5f8e000-7f4ed5fb4000 r-xp 00000000 08:12 3941546                    /lib/x86_64-linux-gnu/ld-2.23.so
7f4ed5fb6000-7f4ed5fbb000 r--s 002f9000 08:12 2508525                    /usr/local/jdk1.8.0_162/jre/lib/charsets.jar
7f4ed5fbb000-7f4ed5fbe000 r--s 0001a000 08:12 2508541                    /usr/local/jdk1.8.0_162/jre/lib/jce.jar
7f4ed5fbe000-7f4ed6089000 rw-p 00000000 00:00 0 
7f4ed6089000-7f4ed608c000 ---p 00000000 00:00 0 
7f4ed608c000-7f4ed618f000 rw-p 00000000 00:00 0 
7f4ed6191000-7f4ed6196000 r--s 0009d000 08:12 2508535                    /usr/local/jdk1.8.0_162/jre/lib/jsse.jar
7f4ed6196000-7f4ed61a9000 r--s 00345000 08:12 2508531                    /usr/local/jdk1.8.0_162/jre/lib/resources.jar
7f4ed61a9000-7f4ed61b1000 rw-s 00000000 08:12 6967267                    /tmp/hsperfdata_clexma/3868
7f4ed61b1000-7f4ed61b2000 rw-p 00000000 00:00 0 
7f4ed61b2000-7f4ed61b3000 r--p 00000000 00:00 0 
7f4ed61b3000-7f4ed61b4000 r--p 00025000 08:12 3941546                    /lib/x86_64-linux-gnu/ld-2.23.so
7f4ed61b4000-7f4ed61b5000 rw-p 00026000 08:12 3941546                    /lib/x86_64-linux-gnu/ld-2.23.so
7f4ed61b5000-7f4ed61b6000 rw-p 00000000 00:00 0 
7ffc1cc50000-7ffc1cc71000 rw-p 00000000 00:00 0                          [stack]
7ffc1cca1000-7ffc1cca4000 r--p 00000000 00:00 0                          [vvar]
7ffc1cca4000-7ffc1cca6000 r-xp 00000000 00:00 0                          [vdso]
ffffffffff600000-ffffffffff601000 r-xp 00000000 00:00 0                  [vsyscall]

VM Arguments:
jvm_args: -Dfile.encoding=UTF-8 
java_command: other.ConverterZeroTest
java_class_path (initial): /usr/local/jdk1.8.0_162/jre/lib/resources.jar:/usr/local/jdk1.8.0_162/jre/lib/rt.jar:/usr/local/jdk1.8.0_162/jre/lib/jsse.jar:/usr/local/jdk1.8.0_162/jre/lib/jce.jar:/usr/local/jdk1.8.0_162/jre/lib/charsets.jar:/usr/local/jdk1.8.0_162/jre/lib/jfr.jar:/usr/local/jdk1.8.0_162/jre/lib/ext/localedata.jar:/usr/local/jdk1.8.0_162/jre/lib/ext/cldrdata.jar:/usr/local/jdk1.8.0_162/jre/lib/ext/dnsns.jar:/usr/local/jdk1.8.0_162/jre/lib/ext/sunec.jar:/usr/local/jdk1.8.0_162/jre/lib/ext/jaccess.jar:/usr/local/jdk1.8.0_162/jre/lib/ext/zipfs.jar:/usr/local/jdk1.8.0_162/jre/lib/ext/nashorn.jar:/usr/local/jdk1.8.0_162/jre/lib/ext/jfxrt.jar:/usr/local/jdk1.8.0_162/jre/lib/ext/sunpkcs11.jar:/usr/local/jdk1.8.0_162/jre/lib/ext/sunjce_provider.jar:/home/clexma/Desktop/intern/workspace/OCAReach2QFPA/bin:/home/clexma/Desktop/intern/workspace/OCAReach2QFPA/lib/com.microsoft.z3.jar:/home/clexma/.p2/pool/plugins/org.junit_4.12.0.v201504281640/junit.jar
Launcher Type: SUN_STANDARD

Environment Variables:
JAVA_HOME=/usr/local/jdk1.8.0_162
PATH=/home/clexma/bin:/home/clexma/.local/bin:/usr/local/sbin:/usr/local/bin:/usr/sbin:/usr/bin:/sbin:/bin:/usr/games:/usr/local/games:/node-v8.12.0-linux-x64/bin:/snap/bin:/home/clexma/bin:/usr/local/jdk1.8.0_162/bin
SHELL=/bin/zsh
DISPLAY=:0

Signal Handlers:
SIGSEGV: [libjvm.so+0xad03c0], sa_mask[0]=11111111011111111101111111111110, sa_flags=SA_RESTART|SA_SIGINFO
SIGBUS: [libjvm.so+0xad03c0], sa_mask[0]=11111111011111111101111111111110, sa_flags=SA_RESTART|SA_SIGINFO
SIGFPE: [libjvm.so+0x928210], sa_mask[0]=11111111011111111101111111111110, sa_flags=SA_RESTART|SA_SIGINFO
SIGPIPE: [libjvm.so+0x928210], sa_mask[0]=11111111011111111101111111111110, sa_flags=SA_RESTART|SA_SIGINFO
SIGXFSZ: [libjvm.so+0x928210], sa_mask[0]=11111111011111111101111111111110, sa_flags=SA_RESTART|SA_SIGINFO
SIGILL: [libjvm.so+0x928210], sa_mask[0]=11111111011111111101111111111110, sa_flags=SA_RESTART|SA_SIGINFO
SIGUSR1: SIG_DFL, sa_mask[0]=00000000000000000000000000000000, sa_flags=none
SIGUSR2: [libjvm.so+0x929a70], sa_mask[0]=00100000000000000000000000000000, sa_flags=SA_RESTART|SA_SIGINFO
SIGHUP: [libjvm.so+0x92ae70], sa_mask[0]=11111111011111111101111111111110, sa_flags=SA_RESTART|SA_SIGINFO
SIGINT: [libjvm.so+0x92ae70], sa_mask[0]=11111111011111111101111111111110, sa_flags=SA_RESTART|SA_SIGINFO
SIGTERM: [libjvm.so+0x92ae70], sa_mask[0]=11111111011111111101111111111110, sa_flags=SA_RESTART|SA_SIGINFO
SIGQUIT: [libjvm.so+0x92ae70], sa_mask[0]=11111111011111111101111111111110, sa_flags=SA_RESTART|SA_SIGINFO


---------------  S Y S T E M  ---------------

OS:DISTRIB_ID=Ubuntu
DISTRIB_RELEASE=16.04
DISTRIB_CODENAME=xenial
DISTRIB_DESCRIPTION="Ubuntu 16.04.6 LTS"

uname:Linux 4.15.0-54-generic #58~16.04.1-Ubuntu SMP Mon Jun 24 13:21:41 UTC 2019 x86_64
libc:glibc 2.23 NPTL 2.23 
rlimit: STACK 8192k, CORE 0k, NPROC 30873, NOFILE 1048576, AS infinity
load average:0.24 0.98 0.98

/proc/meminfo:
MemTotal:        8039572 kB
MemFree:         3492764 kB
MemAvailable:    4856180 kB
Buffers:          160232 kB
Cached:          1618648 kB
SwapCached:            0 kB
Active:          2921000 kB
Inactive:        1319932 kB
Active(anon):    2403252 kB
Inactive(anon):   309364 kB
Active(file):     517748 kB
Inactive(file):  1010568 kB
Unevictable:        8668 kB
Mlocked:            8668 kB
SwapTotal:       8260604 kB
SwapFree:        8260604 kB
Dirty:               100 kB
Writeback:             0 kB
AnonPages:       2470748 kB
Mapped:           584176 kB
Shmem:            316488 kB
Slab:             162444 kB
SReclaimable:     114664 kB
SUnreclaim:        47780 kB
KernelStack:       14688 kB
PageTables:        49536 kB
NFS_Unstable:          0 kB
Bounce:                0 kB
WritebackTmp:          0 kB
CommitLimit:    12280388 kB
Committed_AS:    8198468 kB
VmallocTotal:   34359738367 kB
VmallocUsed:           0 kB
VmallocChunk:          0 kB
HardwareCorrupted:     0 kB
AnonHugePages:         0 kB
ShmemHugePages:        0 kB
ShmemPmdMapped:        0 kB
CmaTotal:              0 kB
CmaFree:               0 kB
HugePages_Total:       0
HugePages_Free:        0
HugePages_Rsvd:        0
HugePages_Surp:        0
Hugepagesize:       2048 kB
DirectMap4k:      209764 kB
DirectMap2M:     5953536 kB
DirectMap1G:     3145728 kB


CPU:total 4 (initial active 4) (2 cores per cpu, 2 threads per core) family 6 model 61 stepping 4, cmov, cx8, fxsr, mmx, sse, sse2, sse3, ssse3, sse4.1, sse4.2, popcnt, avx, avx2, clmul, erms, 3dnowpref, lzcnt, ht, tsc, tscinvbit, bmi1, bmi2, adx

/proc/cpuinfo:
processor	: 0
vendor_id	: GenuineIntel
cpu family	: 6
model		: 61
model name	: Intel(R) Core(TM) i7-5500U CPU @ 2.40GHz
stepping	: 4
microcode	: 0x2d
cpu MHz		: 2889.774
cache size	: 4096 KB
physical id	: 0
siblings	: 4
core id		: 0
cpu cores	: 2
apicid		: 0
initial apicid	: 0
fpu		: yes
fpu_exception	: yes
cpuid level	: 20
wp		: yes
flags		: fpu vme de pse tsc msr pae mce cx8 apic sep mtrr pge mca cmov pat pse36 clflush dts acpi mmx fxsr sse sse2 ss ht tm pbe syscall nx pdpe1gb rdtscp lm constant_tsc arch_perfmon pebs bts rep_good nopl xtopology nonstop_tsc cpuid aperfmperf pni pclmulqdq dtes64 monitor ds_cpl vmx est tm2 ssse3 sdbg fma cx16 xtpr pdcm pcid sse4_1 sse4_2 x2apic movbe popcnt tsc_deadline_timer xsave avx f16c rdrand lahf_lm abm 3dnowprefetch cpuid_fault epb invpcid_single pti ssbd ibrs ibpb stibp tpr_shadow vnmi flexpriority ept vpid fsgsbase tsc_adjust bmi1 avx2 smep bmi2 erms invpcid rdseed adx smap intel_pt xsaveopt dtherm ida arat pln pts md_clear flush_l1d
bugs		: cpu_meltdown spectre_v1 spectre_v2 spec_store_bypass l1tf mds
bogomips	: 4788.80
clflush size	: 64
cache_alignment	: 64
address sizes	: 39 bits physical, 48 bits virtual
power management:

processor	: 1
vendor_id	: GenuineIntel
cpu family	: 6
model		: 61
model name	: Intel(R) Core(TM) i7-5500U CPU @ 2.40GHz
stepping	: 4
microcode	: 0x2d
cpu MHz		: 2818.887
cache size	: 4096 KB
physical id	: 0
siblings	: 4
core id		: 0
cpu cores	: 2
apicid		: 1
initial apicid	: 1
fpu		: yes
fpu_exception	: yes
cpuid level	: 20
wp		: yes
flags		: fpu vme de pse tsc msr pae mce cx8 apic sep mtrr pge mca cmov pat pse36 clflush dts acpi mmx fxsr sse sse2 ss ht tm pbe syscall nx pdpe1gb rdtscp lm constant_tsc arch_perfmon pebs bts rep_good nopl xtopology nonstop_tsc cpuid aperfmperf pni pclmulqdq dtes64 monitor ds_cpl vmx est tm2 ssse3 sdbg fma cx16 xtpr pdcm pcid sse4_1 sse4_2 x2apic movbe popcnt tsc_deadline_timer xsave avx f16c rdrand lahf_lm abm 3dnowprefetch cpuid_fault epb invpcid_single pti ssbd ibrs ibpb stibp tpr_shadow vnmi flexpriority ept vpid fsgsbase tsc_adjust bmi1 avx2 smep bmi2 erms invpcid rdseed adx smap intel_pt xsaveopt dtherm ida arat pln pts md_clear flush_l1d
bugs		: cpu_meltdown spectre_v1 spectre_v2 spec_store_bypass l1tf mds
bogomips	: 4788.80
clflush size	: 64
cache_alignment	: 64
address sizes	: 39 bits physical, 48 bits virtual
power management:

processor	: 2
vendor_id	: GenuineIntel
cpu family	: 6
model		: 61
model name	: Intel(R) Core(TM) i7-5500U CPU @ 2.40GHz
stepping	: 4
microcode	: 0x2d
cpu MHz		: 2044.579
cache size	: 4096 KB
physical id	: 0
siblings	: 4
core id		: 1
cpu cores	: 2
apicid		: 2
initial apicid	: 2
fpu		: yes
fpu_exception	: yes
cpuid level	: 20
wp		: yes
flags		: fpu vme de pse tsc msr pae mce cx8 apic sep mtrr pge mca cmov pat pse36 clflush dts acpi mmx fxsr sse sse2 ss ht tm pbe syscall nx pdpe1gb rdtscp lm constant_tsc arch_perfmon pebs bts rep_good nopl xtopology nonstop_tsc cpuid aperfmperf pni pclmulqdq dtes64 monitor ds_cpl vmx est tm2 ssse3 sdbg fma cx16 xtpr pdcm pcid sse4_1 sse4_2 x2apic movbe popcnt tsc_deadline_timer xsave avx f16c rdrand lahf_lm abm 3dnowprefetch cpuid_fault epb invpcid_single pti ssbd ibrs ibpb stibp tpr_shadow vnmi flexpriority ept vpid fsgsbase tsc_adjust bmi1 avx2 smep bmi2 erms invpcid rdseed adx smap intel_pt xsaveopt dtherm ida arat pln pts md_clear flush_l1d
bugs		: cpu_meltdown spectre_v1 spectre_v2 spec_store_bypass l1tf mds
bogomips	: 4788.80
clflush size	: 64
cache_alignment	: 64
address sizes	: 39 bits physical, 48 bits virtual
power management:

processor	: 3
vendor_id	: GenuineIntel
cpu family	: 6
model		: 61
model name	: Intel(R) Core(TM) i7-5500U CPU @ 2.40GHz
stepping	: 4
microcode	: 0x2d
cpu MHz		: 2260.093
cache size	: 4096 KB
physical id	: 0
siblings	: 4
core id		: 1
cpu cores	: 2
apicid		: 3
initial apicid	: 3
fpu		: yes
fpu_exception	: yes
cpuid level	: 20
wp		: yes
flags		: fpu vme de pse tsc msr pae mce cx8 apic sep mtrr pge mca cmov pat pse36 clflush dts acpi mmx fxsr sse sse2 ss ht tm pbe syscall nx pdpe1gb rdtscp lm constant_tsc arch_perfmon pebs bts rep_good nopl xtopology nonstop_tsc cpuid aperfmperf pni pclmulqdq dtes64 monitor ds_cpl vmx est tm2 ssse3 sdbg fma cx16 xtpr pdcm pcid sse4_1 sse4_2 x2apic movbe popcnt tsc_deadline_timer xsave avx f16c rdrand lahf_lm abm 3dnowprefetch cpuid_fault epb invpcid_single pti ssbd ibrs ibpb stibp tpr_shadow vnmi flexpriority ept vpid fsgsbase tsc_adjust bmi1 avx2 smep bmi2 erms invpcid rdseed adx smap intel_pt xsaveopt dtherm ida arat pln pts md_clear flush_l1d
bugs		: cpu_meltdown spectre_v1 spectre_v2 spec_store_bypass l1tf mds
bogomips	: 4788.80
clflush size	: 64
cache_alignment	: 64
address sizes	: 39 bits physical, 48 bits virtual
power management:



Memory: 4k page, physical 8039572k(3492764k free), swap 8260604k(8260604k free)

vm_info: Java HotSpot(TM) 64-Bit Server VM (25.162-b12) for linux-amd64 JRE (1.8.0_162-b12), built on Dec 19 2017 21:15:48 by "java_re" with gcc 4.3.0 20080428 (Red Hat 4.3.0-8)

time: Fri Jul  5 10:08:18 2019
elapsed time: 0 seconds (0d 0h 0m 0s)

