#
# A fatal error has been detected by the Java Runtime Environment:
#
#  SIGSEGV (0xb) at pc=0x00007fc14c95cc6c, pid=14264, tid=0x00007fc1777f4700
#
# JRE version: Java(TM) SE Runtime Environment (8.0_162-b12) (build 1.8.0_162-b12)
# Java VM: Java HotSpot(TM) 64-Bit Server VM (25.162-b12 mixed mode linux-amd64 compressed oops)
# Problematic frame:
# C  [libz3.so+0xdcc6c]  Z3_mk_quantifier_const_ex+0xec
#
# Failed to write core dump. Core dumps have been disabled. To enable core dumping, try "ulimit -c unlimited" before starting Java again
#
# If you would like to submit a bug report, please visit:
#   http://bugreport.java.com/bugreport/crash.jsp
# The crash happened outside the Java Virtual Machine in native code.
# See problematic frame for where to report the bug.
#

---------------  T H R E A D  ---------------

Current thread (0x00007fc17000b000):  JavaThread "main" [_thread_in_native, id=14269, stack(0x00007fc1776f4000,0x00007fc1777f5000)]

siginfo: si_signo: 11 (SIGSEGV), si_code: 1 (SEGV_MAPERR), si_addr: 0x0000000000000004

Registers:
RAX=0x0000000000000000, RBX=0x0000000000000000, RCX=0x0000000000000002, RDX=0x0000000000000001
RSP=0x00007fc1777f31b0, RBP=0x00007fc1777f3350, RSI=0x0000000000000000, RDI=0x0000000000000000
R8 =0x0000000000000000, R9 =0x0000000000000002, R10=0x0000000000000313, R11=0x00007fc14c95cb80
R12=0x0000000000000001, R13=0x00007fc1777f34e0, R14=0x00007fc1701b9ab8, R15=0x00007fc1701b2f60
RIP=0x00007fc14c95cc6c, EFLAGS=0x0000000000010202, CSGSFS=0x002b000000000033, ERR=0x0000000000000004
  TRAPNO=0x000000000000000e

Top of Stack: (sp=0x00007fc1777f31b0)
0x00007fc1777f31b0:   00b7597100bb0b00 00007fc1701b9ab8
0x00007fc1777f31c0:   0000000000000000 0000000000000000
0x00007fc1777f31d0:   0000000000000001 0000000000000000
0x00007fc1777f31e0:   0000000000000000 00000000000000b8
0x00007fc1777f31f0:   0000000000000000 0000000000000002
0x00007fc1777f3200:   00007fc1701a91e8 0000000000000000
0x00007fc1777f3210:   0000000000000000 0000000000000000
0x00007fc1777f3220:   0000000000000000 0000000000000000
0x00007fc1777f3230:   0000000000000000 0000000000000000
0x00007fc1777f3240:   0000000000000000 0000000000000000
0x00007fc1777f3250:   0000000000000000 0000000000000000
0x00007fc1777f3260:   0000000000000000 0000000000000000
0x00007fc1777f3270:   0000000000000000 0000000000000000
0x00007fc1777f3280:   0000000000000000 0000000000000000
0x00007fc1777f3290:   0000000000000000 0000000000000000
0x00007fc1777f32a0:   0000000000000000 0000000000000000
0x00007fc1777f32b0:   0000000000000000 0000000000000000
0x00007fc1777f32c0:   0000000000000000 0000000000000000
0x00007fc1777f32d0:   0000000000000000 0000000000000000
0x00007fc1777f32e0:   0000000000000000 0000000000000000
0x00007fc1777f32f0:   0000000000000000 0000000000000000
0x00007fc1777f3300:   0000000000000000 0000000000000000
0x00007fc1777f3310:   0000000000000000 584055e915bba400
0x00007fc1777f3320:   0000000000000000 00007fc17000b1f8
0x00007fc1777f3330:   0000000000000001 00007fc1777f34e0
0x00007fc1777f3340:   00007fc1701b9ab8 00007fc1701b2f60
0x00007fc1777f3350:   0000000000000000 00007fc14c95df65
0x00007fc1777f3360:   00007fc1701b2f60 0000000000000000
0x00007fc1777f3370:   0000000000000000 0000000000000000
0x00007fc1777f3380:   0000000000000000 00007fc1701b9ab8
0x00007fc1777f3390:   0000000000000003 00007fc14de53b9b
0x00007fc1777f33a0:   0000000000000000 00007fc1701b9ab8 

Instructions: (pc=0x00007fc14c95cc6c)
0x00007fc14c95cc4c:   85 ff 74 0b 8b 75 28 85 f6 0f 85 a5 01 00 00 8b
0x00007fc14c95cc5c:   8d a8 fe ff ff 85 c9 0f 84 6f 03 00 00 49 8b 1f
0x00007fc14c95cc6c:   66 83 7b 04 00 0f 85 eb 0b 00 00 8b 85 a8 fe ff
0x00007fc14c95cc7c:   ff 4d 8d 67 08 48 c7 85 c8 fe ff ff 00 00 00 00 

Register to memory mapping:

RAX=0x0000000000000000 is an unknown value
RBX=0x0000000000000000 is an unknown value
RCX=0x0000000000000002 is an unknown value
RDX=0x0000000000000001 is an unknown value
RSP=0x00007fc1777f31b0 is pointing into the stack for thread: 0x00007fc17000b000
RBP=0x00007fc1777f3350 is pointing into the stack for thread: 0x00007fc17000b000
RSI=0x0000000000000000 is an unknown value
RDI=0x0000000000000000 is an unknown value
R8 =0x0000000000000000 is an unknown value
R9 =0x0000000000000002 is an unknown value
R10=0x0000000000000313 is an unknown value
R11=0x00007fc14c95cb80: Z3_mk_quantifier_const_ex+0 in /usr/lib/libz3.so at 0x00007fc14c880000
R12=0x0000000000000001 is an unknown value
R13=0x00007fc1777f34e0 is pointing into the stack for thread: 0x00007fc17000b000
R14=0x00007fc1701b9ab8 is an unknown value
R15=0x00007fc1701b2f60 is an unknown value


Stack: [0x00007fc1776f4000,0x00007fc1777f5000],  sp=0x00007fc1777f31b0,  free space=1020k
Native frames: (J=compiled Java code, j=interpreted, Vv=VM code, C=native code)
C  [libz3.so+0xdcc6c]  Z3_mk_quantifier_const_ex+0xec
C  [libz3.so+0xddf65]  Z3_mk_quantifier_const+0x25

Java frames: (J=compiled Java code, j=interpreted, Vv=VM code)
j  com.microsoft.z3.Native.INTERNALmkQuantifierConst(JZII[JI[JJ)J+0
j  com.microsoft.z3.Native.mkQuantifierConst(JZII[JI[JJ)J+13
j  com.microsoft.z3.Quantifier.of(Lcom/microsoft/z3/Context;Z[Lcom/microsoft/z3/Expr;Lcom/microsoft/z3/Expr;I[Lcom/microsoft/z3/Pattern;[Lcom/microsoft/z3/Expr;Lcom/microsoft/z3/Symbol;Lcom/microsoft/z3/Symbol;)Lcom/microsoft/z3/Quantifier;+61
j  com.microsoft.z3.Context.mkExists([Lcom/microsoft/z3/Expr;Lcom/microsoft/z3/Expr;I[Lcom/microsoft/z3/Pattern;[Lcom/microsoft/z3/Expr;Lcom/microsoft/z3/Symbol;Lcom/microsoft/z3/Symbol;)Lcom/microsoft/z3/Quantifier;+13
j  formula.generator.QFPAGenerator.mkExistsQuantifier([Lcom/microsoft/z3/IntExpr;Lcom/microsoft/z3/Expr;)Lcom/microsoft/z3/Expr;+11
j  ocareach.ConverterZero.genZTPathForm(Lgraph/directed/zerograph/ZTPath;Lcom/microsoft/z3/IntExpr;Lcom/microsoft/z3/IntExpr;)Lcom/microsoft/z3/BoolExpr;+437
j  ocareach.ConverterZero.convertZero(Lautomata/State;Lautomata/State;)Ljava/lang/String;+170
j  ocareach.ConverterZero.convert()Ljava/lang/String;+25
j  other.ConverterZeroTest.main([Ljava/lang/String;)V+113
v  ~StubRoutines::call_stub

---------------  P R O C E S S  ---------------

Java Threads: ( => current thread )
  0x00007fc1700e4000 JavaThread "Service Thread" daemon [_thread_blocked, id=14281, stack(0x00007fc14e163000,0x00007fc14e264000)]
  0x00007fc1700bf000 JavaThread "C1 CompilerThread2" daemon [_thread_blocked, id=14280, stack(0x00007fc14e264000,0x00007fc14e365000)]
  0x00007fc1700bd000 JavaThread "C2 CompilerThread1" daemon [_thread_blocked, id=14279, stack(0x00007fc14e365000,0x00007fc14e466000)]
  0x00007fc1700ba000 JavaThread "C2 CompilerThread0" daemon [_thread_blocked, id=14278, stack(0x00007fc14e466000,0x00007fc14e567000)]
  0x00007fc1700b8800 JavaThread "Signal Dispatcher" daemon [_thread_blocked, id=14277, stack(0x00007fc14e567000,0x00007fc14e668000)]
  0x00007fc170085000 JavaThread "Finalizer" daemon [_thread_blocked, id=14276, stack(0x00007fc14eaf3000,0x00007fc14ebf4000)]
  0x00007fc170080800 JavaThread "Reference Handler" daemon [_thread_blocked, id=14275, stack(0x00007fc14ebf4000,0x00007fc14ecf5000)]
=>0x00007fc17000b000 JavaThread "main" [_thread_in_native, id=14269, stack(0x00007fc1776f4000,0x00007fc1777f5000)]

Other Threads:
  0x00007fc170078800 VMThread [stack: 0x00007fc14ecf5000,0x00007fc14edf6000] [id=14274]
  0x00007fc1700f1000 WatcherThread [stack: 0x00007fc14e062000,0x00007fc14e163000] [id=14282]

VM state:not at safepoint (normal execution)

VM Mutex/Monitor currently owned by a thread: None

Heap:
 PSYoungGen      total 36864K, used 3809K [0x00000000d7180000, 0x00000000d9a80000, 0x0000000100000000)
  eden space 31744K, 12% used [0x00000000d7180000,0x00000000d7538610,0x00000000d9080000)
  from space 5120K, 0% used [0x00000000d9580000,0x00000000d9580000,0x00000000d9a80000)
  to   space 5120K, 0% used [0x00000000d9080000,0x00000000d9080000,0x00000000d9580000)
 ParOldGen       total 84992K, used 0K [0x0000000085400000, 0x000000008a700000, 0x00000000d7180000)
  object space 84992K, 0% used [0x0000000085400000,0x0000000085400000,0x000000008a700000)
 Metaspace       used 3964K, capacity 5464K, committed 5760K, reserved 1056768K
  class space    used 430K, capacity 520K, committed 640K, reserved 1048576K

Card table byte_map: [0x00007fc1740bc000,0x00007fc174493000] byte_map_base: 0x00007fc173c92000

Marking Bits: (ParMarkBitMap*) 0x00007fc176bcaca0
 Begin Bits: [0x00007fc1582a0000, 0x00007fc15a150000)
 End Bits:   [0x00007fc15a150000, 0x00007fc15c000000)

Polling page: 0x00007fc17781d000

CodeCache: size=245760Kb used=1410Kb max_used=1410Kb free=244349Kb
 bounds [0x00007fc161000000, 0x00007fc161270000, 0x00007fc170000000]
 total_blobs=458 nmethods=167 adapters=205
 compilation: enabled

Compilation events (10 events):
Event: 0.199 Thread 0x00007fc1700bf000  162       3       java.util.AbstractList::listIterator (6 bytes)
Event: 0.199 Thread 0x00007fc1700bf000 nmethod 162 0x00007fc16115f450 code [0x00007fc16115f5c0, 0x00007fc16115f7c8]
Event: 0.199 Thread 0x00007fc1700bf000  163       1       com.microsoft.z3.Z3Object::getContext (5 bytes)
Event: 0.199 Thread 0x00007fc1700bf000 nmethod 163 0x00007fc16115f850 code [0x00007fc16115f9a0, 0x00007fc16115fab0]
Event: 0.200 Thread 0x00007fc1700bf000  164       3       java.lang.Integer::valueOf (32 bytes)
Event: 0.200 Thread 0x00007fc1700bf000 nmethod 164 0x00007fc16115fb10 code [0x00007fc16115fca0, 0x00007fc16115fff0]
Event: 0.200 Thread 0x00007fc1700bf000  165       3       java.lang.Integer::hashCode (8 bytes)
Event: 0.201 Thread 0x00007fc1700bf000 nmethod 165 0x00007fc161160190 code [0x00007fc161160300, 0x00007fc1611604b0]
Event: 0.201 Thread 0x00007fc1700bf000  166       3       java.lang.Integer::hashCode (2 bytes)
Event: 0.201 Thread 0x00007fc1700bf000 nmethod 166 0x00007fc161160910 code [0x00007fc161160a60, 0x00007fc161160b90]

GC Heap History (0 events):
No events

Deoptimization events (0 events):
No events

Classes redefined (0 events):
No events

Internal exceptions (2 events):
Event: 0.032 Thread 0x00007fc17000b000 Exception <a 'java/lang/NoSuchMethodError': Method sun.misc.Unsafe.defineClass(Ljava/lang/String;[BII)Ljava/lang/Class; name or signature does not match> (0x00000000d7187ca0) thrown at [/HUDSON/workspace/8-2-build-linux-amd64/jdk8u162/10278/hotspot/src/sh
Event: 0.032 Thread 0x00007fc17000b000 Exception <a 'java/lang/NoSuchMethodError': Method sun.misc.Unsafe.prefetchRead(Ljava/lang/Object;J)V name or signature does not match> (0x00000000d7187f88) thrown at [/HUDSON/workspace/8-2-build-linux-amd64/jdk8u162/10278/hotspot/src/share/vm/prims/jni.c

Events (10 events):
Event: 0.196 loading class table/dwt/DWTEntry
Event: 0.196 loading class table/dwt/DWTEntry done
Event: 0.196 loading class graph/directed/abs/LoopTag
Event: 0.196 loading class graph/directed/abs/LoopTag done
Event: 0.197 loading class graph/directed/abs/ASDGPath
Event: 0.197 loading class graph/directed/abs/ASDGPath done
Event: 0.198 loading class graph/directed/DGPath
Event: 0.198 loading class graph/directed/DGPath done
Event: 0.201 loading class com/microsoft/z3/Pattern
Event: 0.201 loading class com/microsoft/z3/Pattern done


Dynamic libraries:
00400000-00401000 r-xp 00000000 08:12 1328075                            /usr/local/jdk1.8.0_162/bin/java
00600000-00601000 rw-p 00000000 08:12 1328075                            /usr/local/jdk1.8.0_162/bin/java
01b9d000-01bbe000 rw-p 00000000 00:00 0                                  [heap]
85400000-8a700000 rw-p 00000000 00:00 0 
8a700000-d7180000 ---p 00000000 00:00 0 
d7180000-d9a80000 rw-p 00000000 00:00 0 
d9a80000-100000000 ---p 00000000 00:00 0 
100000000-1000a0000 rw-p 00000000 00:00 0 
1000a0000-140000000 ---p 00000000 00:00 0 
7fc124000000-7fc124021000 rw-p 00000000 00:00 0 
7fc124021000-7fc128000000 ---p 00000000 00:00 0 
7fc128000000-7fc128021000 rw-p 00000000 00:00 0 
7fc128021000-7fc12c000000 ---p 00000000 00:00 0 
7fc12c000000-7fc12c057000 rw-p 00000000 00:00 0 
7fc12c057000-7fc130000000 ---p 00000000 00:00 0 
7fc130000000-7fc13011b000 rw-p 00000000 00:00 0 
7fc13011b000-7fc134000000 ---p 00000000 00:00 0 
7fc134000000-7fc134021000 rw-p 00000000 00:00 0 
7fc134021000-7fc138000000 ---p 00000000 00:00 0 
7fc138000000-7fc1380cb000 rw-p 00000000 00:00 0 
7fc1380cb000-7fc13c000000 ---p 00000000 00:00 0 
7fc13c000000-7fc13c021000 rw-p 00000000 00:00 0 
7fc13c021000-7fc140000000 ---p 00000000 00:00 0 
7fc140000000-7fc140021000 rw-p 00000000 00:00 0 
7fc140021000-7fc144000000 ---p 00000000 00:00 0 
7fc144000000-7fc144021000 rw-p 00000000 00:00 0 
7fc144021000-7fc148000000 ---p 00000000 00:00 0 
7fc148000000-7fc148021000 rw-p 00000000 00:00 0 
7fc148021000-7fc14c000000 ---p 00000000 00:00 0 
7fc14c0c6000-7fc14c0dc000 r-xp 00000000 08:12 3936818                    /lib/x86_64-linux-gnu/libgcc_s.so.1
7fc14c0dc000-7fc14c2db000 ---p 00016000 08:12 3936818                    /lib/x86_64-linux-gnu/libgcc_s.so.1
7fc14c2db000-7fc14c2dc000 rw-p 00015000 08:12 3936818                    /lib/x86_64-linux-gnu/libgcc_s.so.1
7fc14c2dc000-7fc14c2fd000 r-xp 00000000 08:12 1316011                    /usr/lib/x86_64-linux-gnu/libgomp.so.1.0.0
7fc14c2fd000-7fc14c4fc000 ---p 00021000 08:12 1316011                    /usr/lib/x86_64-linux-gnu/libgomp.so.1.0.0
7fc14c4fc000-7fc14c4fd000 r--p 00020000 08:12 1316011                    /usr/lib/x86_64-linux-gnu/libgomp.so.1.0.0
7fc14c4fd000-7fc14c4fe000 rw-p 00021000 08:12 1316011                    /usr/lib/x86_64-linux-gnu/libgomp.so.1.0.0
7fc14c4fe000-7fc14c670000 r-xp 00000000 08:12 1317647                    /usr/lib/x86_64-linux-gnu/libstdc++.so.6.0.21
7fc14c670000-7fc14c870000 ---p 00172000 08:12 1317647                    /usr/lib/x86_64-linux-gnu/libstdc++.so.6.0.21
7fc14c870000-7fc14c87a000 r--p 00172000 08:12 1317647                    /usr/lib/x86_64-linux-gnu/libstdc++.so.6.0.21
7fc14c87a000-7fc14c87c000 rw-p 0017c000 08:12 1317647                    /usr/lib/x86_64-linux-gnu/libstdc++.so.6.0.21
7fc14c87c000-7fc14c880000 rw-p 00000000 00:00 0 
7fc14c880000-7fc14dc0e000 r-xp 00000000 08:12 1326236                    /usr/lib/libz3.so
7fc14dc0e000-7fc14de0e000 ---p 0138e000 08:12 1326236                    /usr/lib/libz3.so
7fc14de0e000-7fc14de30000 r--p 0138e000 08:12 1326236                    /usr/lib/libz3.so
7fc14de30000-7fc14de33000 rw-p 013b0000 08:12 1326236                    /usr/lib/libz3.so
7fc14de33000-7fc14de34000 rw-p 00000000 00:00 0 
7fc14de34000-7fc14de5f000 r-xp 00000000 08:12 1326238                    /usr/lib/libz3java.so
7fc14de5f000-7fc14e05f000 ---p 0002b000 08:12 1326238                    /usr/lib/libz3java.so
7fc14e05f000-7fc14e060000 r--p 0002b000 08:12 1326238                    /usr/lib/libz3java.so
7fc14e060000-7fc14e062000 rw-p 0002c000 08:12 1326238                    /usr/lib/libz3java.so
7fc14e062000-7fc14e063000 ---p 00000000 00:00 0 
7fc14e063000-7fc14e163000 rw-p 00000000 00:00 0 
7fc14e163000-7fc14e166000 ---p 00000000 00:00 0 
7fc14e166000-7fc14e264000 rw-p 00000000 00:00 0 
7fc14e264000-7fc14e267000 ---p 00000000 00:00 0 
7fc14e267000-7fc14e365000 rw-p 00000000 00:00 0 
7fc14e365000-7fc14e368000 ---p 00000000 00:00 0 
7fc14e368000-7fc14e466000 rw-p 00000000 00:00 0 
7fc14e466000-7fc14e469000 ---p 00000000 00:00 0 
7fc14e469000-7fc14e567000 rw-p 00000000 00:00 0 
7fc14e567000-7fc14e56a000 ---p 00000000 00:00 0 
7fc14e56a000-7fc14e668000 rw-p 00000000 00:00 0 
7fc14e668000-7fc14eaf3000 r--p 00000000 08:12 1313896                    /usr/lib/locale/locale-archive
7fc14eaf3000-7fc14eaf6000 ---p 00000000 00:00 0 
7fc14eaf6000-7fc14ebf4000 rw-p 00000000 00:00 0 
7fc14ebf4000-7fc14ebf7000 ---p 00000000 00:00 0 
7fc14ebf7000-7fc14ecf5000 rw-p 00000000 00:00 0 
7fc14ecf5000-7fc14ecf6000 ---p 00000000 00:00 0 
7fc14ecf6000-7fc14fd00000 rw-p 00000000 00:00 0 
7fc14fd00000-7fc150000000 ---p 00000000 00:00 0 
7fc150000000-7fc150021000 rw-p 00000000 00:00 0 
7fc150021000-7fc154000000 ---p 00000000 00:00 0 
7fc154000000-7fc154021000 rw-p 00000000 00:00 0 
7fc154021000-7fc158000000 ---p 00000000 00:00 0 
7fc158008000-7fc15809e000 r--s 0110a000 08:12 3150950                    /usr/local/jdk1.8.0_162/jre/lib/ext/jfxrt.jar
7fc15809e000-7fc15c000000 rw-p 00000000 00:00 0 
7fc15c000000-7fc15c021000 rw-p 00000000 00:00 0 
7fc15c021000-7fc160000000 ---p 00000000 00:00 0 
7fc160025000-7fc16002a000 r--s 00084000 08:12 2508504                    /usr/local/jdk1.8.0_162/jre/lib/jfr.jar
7fc16002a000-7fc1603be000 rw-p 00000000 00:00 0 
7fc1603be000-7fc160597000 r--s 03d65000 08:12 2508527                    /usr/local/jdk1.8.0_162/jre/lib/rt.jar
7fc160597000-7fc16096d000 rw-p 00000000 00:00 0 
7fc16096d000-7fc16096e000 ---p 00000000 00:00 0 
7fc16096e000-7fc160a6e000 rw-p 00000000 00:00 0 
7fc160a6e000-7fc160a6f000 ---p 00000000 00:00 0 
7fc160a6f000-7fc160b6f000 rw-p 00000000 00:00 0 
7fc160b6f000-7fc160b70000 ---p 00000000 00:00 0 
7fc160b70000-7fc160c70000 rw-p 00000000 00:00 0 
7fc160c70000-7fc160c71000 ---p 00000000 00:00 0 
7fc160c71000-7fc160d9b000 rw-p 00000000 00:00 0 
7fc160d9b000-7fc161000000 ---p 00000000 00:00 0 
7fc161000000-7fc161270000 rwxp 00000000 00:00 0 
7fc161270000-7fc170000000 ---p 00000000 00:00 0 
7fc170000000-7fc170409000 rw-p 00000000 00:00 0 
7fc170409000-7fc174000000 ---p 00000000 00:00 0 
7fc174001000-7fc174004000 r--s 00027000 08:12 5521420                    /home/clexma/Desktop/intern/workspace/OCAReach2QFPA/lib/com.microsoft.z3.jar
7fc174004000-7fc1740e6000 rw-p 00000000 00:00 0 
7fc1740e6000-7fc17434a000 ---p 00000000 00:00 0 
7fc17434a000-7fc174360000 rw-p 00000000 00:00 0 
7fc174360000-7fc174492000 ---p 00000000 00:00 0 
7fc174492000-7fc17449d000 rw-p 00000000 00:00 0 
7fc17449d000-7fc174853000 ---p 00000000 00:00 0 
7fc174853000-7fc17486e000 r-xp 00000000 08:12 3542971                    /usr/local/jdk1.8.0_162/jre/lib/amd64/libzip.so
7fc17486e000-7fc174a6e000 ---p 0001b000 08:12 3542971                    /usr/local/jdk1.8.0_162/jre/lib/amd64/libzip.so
7fc174a6e000-7fc174a6f000 rw-p 0001b000 08:12 3542971                    /usr/local/jdk1.8.0_162/jre/lib/amd64/libzip.so
7fc174a6f000-7fc174a7a000 r-xp 00000000 08:12 3941570                    /lib/x86_64-linux-gnu/libnss_files-2.23.so
7fc174a7a000-7fc174c79000 ---p 0000b000 08:12 3941570                    /lib/x86_64-linux-gnu/libnss_files-2.23.so
7fc174c79000-7fc174c7a000 r--p 0000a000 08:12 3941570                    /lib/x86_64-linux-gnu/libnss_files-2.23.so
7fc174c7a000-7fc174c7b000 rw-p 0000b000 08:12 3941570                    /lib/x86_64-linux-gnu/libnss_files-2.23.so
7fc174c7b000-7fc174c81000 rw-p 00000000 00:00 0 
7fc174c81000-7fc174c8c000 r-xp 00000000 08:12 3941554                    /lib/x86_64-linux-gnu/libnss_nis-2.23.so
7fc174c8c000-7fc174e8b000 ---p 0000b000 08:12 3941554                    /lib/x86_64-linux-gnu/libnss_nis-2.23.so
7fc174e8b000-7fc174e8c000 r--p 0000a000 08:12 3941554                    /lib/x86_64-linux-gnu/libnss_nis-2.23.so
7fc174e8c000-7fc174e8d000 rw-p 0000b000 08:12 3941554                    /lib/x86_64-linux-gnu/libnss_nis-2.23.so
7fc174e8d000-7fc174ea3000 r-xp 00000000 08:12 3941565                    /lib/x86_64-linux-gnu/libnsl-2.23.so
7fc174ea3000-7fc1750a2000 ---p 00016000 08:12 3941565                    /lib/x86_64-linux-gnu/libnsl-2.23.so
7fc1750a2000-7fc1750a3000 r--p 00015000 08:12 3941565                    /lib/x86_64-linux-gnu/libnsl-2.23.so
7fc1750a3000-7fc1750a4000 rw-p 00016000 08:12 3941565                    /lib/x86_64-linux-gnu/libnsl-2.23.so
7fc1750a4000-7fc1750a6000 rw-p 00000000 00:00 0 
7fc1750a6000-7fc1750ae000 r-xp 00000000 08:12 3941578                    /lib/x86_64-linux-gnu/libnss_compat-2.23.so
7fc1750ae000-7fc1752ad000 ---p 00008000 08:12 3941578                    /lib/x86_64-linux-gnu/libnss_compat-2.23.so
7fc1752ad000-7fc1752ae000 r--p 00007000 08:12 3941578                    /lib/x86_64-linux-gnu/libnss_compat-2.23.so
7fc1752ae000-7fc1752af000 rw-p 00008000 08:12 3941578                    /lib/x86_64-linux-gnu/libnss_compat-2.23.so
7fc1752af000-7fc1752da000 r-xp 00000000 08:12 3542965                    /usr/local/jdk1.8.0_162/jre/lib/amd64/libjava.so
7fc1752da000-7fc1754d9000 ---p 0002b000 08:12 3542965                    /usr/local/jdk1.8.0_162/jre/lib/amd64/libjava.so
7fc1754d9000-7fc1754db000 rw-p 0002a000 08:12 3542965                    /usr/local/jdk1.8.0_162/jre/lib/amd64/libjava.so
7fc1754db000-7fc1754e8000 r-xp 00000000 08:12 3542970                    /usr/local/jdk1.8.0_162/jre/lib/amd64/libverify.so
7fc1754e8000-7fc1756e8000 ---p 0000d000 08:12 3542970                    /usr/local/jdk1.8.0_162/jre/lib/amd64/libverify.so
7fc1756e8000-7fc1756ea000 rw-p 0000d000 08:12 3542970                    /usr/local/jdk1.8.0_162/jre/lib/amd64/libverify.so
7fc1756ea000-7fc1756f1000 r-xp 00000000 08:12 3941539                    /lib/x86_64-linux-gnu/librt-2.23.so
7fc1756f1000-7fc1758f0000 ---p 00007000 08:12 3941539                    /lib/x86_64-linux-gnu/librt-2.23.so
7fc1758f0000-7fc1758f1000 r--p 00006000 08:12 3941539                    /lib/x86_64-linux-gnu/librt-2.23.so
7fc1758f1000-7fc1758f2000 rw-p 00007000 08:12 3941539                    /lib/x86_64-linux-gnu/librt-2.23.so
7fc1758f2000-7fc1759fa000 r-xp 00000000 08:12 3941580                    /lib/x86_64-linux-gnu/libm-2.23.so
7fc1759fa000-7fc175bf9000 ---p 00108000 08:12 3941580                    /lib/x86_64-linux-gnu/libm-2.23.so
7fc175bf9000-7fc175bfa000 r--p 00107000 08:12 3941580                    /lib/x86_64-linux-gnu/libm-2.23.so
7fc175bfa000-7fc175bfb000 rw-p 00108000 08:12 3941580                    /lib/x86_64-linux-gnu/libm-2.23.so
7fc175bfb000-7fc1768d4000 r-xp 00000000 08:12 3542947                    /usr/local/jdk1.8.0_162/jre/lib/amd64/server/libjvm.so
7fc1768d4000-7fc176ad3000 ---p 00cd9000 08:12 3542947                    /usr/local/jdk1.8.0_162/jre/lib/amd64/server/libjvm.so
7fc176ad3000-7fc176bad000 rw-p 00cd8000 08:12 3542947                    /usr/local/jdk1.8.0_162/jre/lib/amd64/server/libjvm.so
7fc176bad000-7fc176bf8000 rw-p 00000000 00:00 0 
7fc176bf8000-7fc176db8000 r-xp 00000000 08:12 3941576                    /lib/x86_64-linux-gnu/libc-2.23.so
7fc176db8000-7fc176fb8000 ---p 001c0000 08:12 3941576                    /lib/x86_64-linux-gnu/libc-2.23.so
7fc176fb8000-7fc176fbc000 r--p 001c0000 08:12 3941576                    /lib/x86_64-linux-gnu/libc-2.23.so
7fc176fbc000-7fc176fbe000 rw-p 001c4000 08:12 3941576                    /lib/x86_64-linux-gnu/libc-2.23.so
7fc176fbe000-7fc176fc2000 rw-p 00000000 00:00 0 
7fc176fc2000-7fc176fc5000 r-xp 00000000 08:12 3941544                    /lib/x86_64-linux-gnu/libdl-2.23.so
7fc176fc5000-7fc1771c4000 ---p 00003000 08:12 3941544                    /lib/x86_64-linux-gnu/libdl-2.23.so
7fc1771c4000-7fc1771c5000 r--p 00002000 08:12 3941544                    /lib/x86_64-linux-gnu/libdl-2.23.so
7fc1771c5000-7fc1771c6000 rw-p 00003000 08:12 3941544                    /lib/x86_64-linux-gnu/libdl-2.23.so
7fc1771c6000-7fc1771dc000 r-xp 00000000 08:12 1450668                    /usr/local/jdk1.8.0_162/lib/amd64/jli/libjli.so
7fc1771dc000-7fc1773db000 ---p 00016000 08:12 1450668                    /usr/local/jdk1.8.0_162/lib/amd64/jli/libjli.so
7fc1773db000-7fc1773dc000 rw-p 00015000 08:12 1450668                    /usr/local/jdk1.8.0_162/lib/amd64/jli/libjli.so
7fc1773dc000-7fc1773f4000 r-xp 00000000 08:12 3941548                    /lib/x86_64-linux-gnu/libpthread-2.23.so
7fc1773f4000-7fc1775f3000 ---p 00018000 08:12 3941548                    /lib/x86_64-linux-gnu/libpthread-2.23.so
7fc1775f3000-7fc1775f4000 r--p 00017000 08:12 3941548                    /lib/x86_64-linux-gnu/libpthread-2.23.so
7fc1775f4000-7fc1775f5000 rw-p 00018000 08:12 3941548                    /lib/x86_64-linux-gnu/libpthread-2.23.so
7fc1775f5000-7fc1775f9000 rw-p 00000000 00:00 0 
7fc1775f9000-7fc17761f000 r-xp 00000000 08:12 3941546                    /lib/x86_64-linux-gnu/ld-2.23.so
7fc177621000-7fc177626000 r--s 002f9000 08:12 2508525                    /usr/local/jdk1.8.0_162/jre/lib/charsets.jar
7fc177626000-7fc177629000 r--s 0001a000 08:12 2508541                    /usr/local/jdk1.8.0_162/jre/lib/jce.jar
7fc177629000-7fc1776f4000 rw-p 00000000 00:00 0 
7fc1776f4000-7fc1776f7000 ---p 00000000 00:00 0 
7fc1776f7000-7fc1777fa000 rw-p 00000000 00:00 0 
7fc1777fc000-7fc177801000 r--s 0009d000 08:12 2508535                    /usr/local/jdk1.8.0_162/jre/lib/jsse.jar
7fc177801000-7fc177814000 r--s 00345000 08:12 2508531                    /usr/local/jdk1.8.0_162/jre/lib/resources.jar
7fc177814000-7fc17781c000 rw-s 00000000 08:12 6967249                    /tmp/hsperfdata_clexma/14264
7fc17781c000-7fc17781d000 rw-p 00000000 00:00 0 
7fc17781d000-7fc17781e000 r--p 00000000 00:00 0 
7fc17781e000-7fc17781f000 r--p 00025000 08:12 3941546                    /lib/x86_64-linux-gnu/ld-2.23.so
7fc17781f000-7fc177820000 rw-p 00026000 08:12 3941546                    /lib/x86_64-linux-gnu/ld-2.23.so
7fc177820000-7fc177821000 rw-p 00000000 00:00 0 
7fff35f50000-7fff35f71000 rw-p 00000000 00:00 0                          [stack]
7fff35fb0000-7fff35fb3000 r--p 00000000 00:00 0                          [vvar]
7fff35fb3000-7fff35fb5000 r-xp 00000000 00:00 0                          [vdso]
ffffffffff600000-ffffffffff601000 r-xp 00000000 00:00 0                  [vsyscall]

VM Arguments:
jvm_args: -Dfile.encoding=UTF-8 
java_command: other.ConverterZeroTest
java_class_path (initial): /usr/local/jdk1.8.0_162/jre/lib/resources.jar:/usr/local/jdk1.8.0_162/jre/lib/rt.jar:/usr/local/jdk1.8.0_162/jre/lib/jsse.jar:/usr/local/jdk1.8.0_162/jre/lib/jce.jar:/usr/local/jdk1.8.0_162/jre/lib/charsets.jar:/usr/local/jdk1.8.0_162/jre/lib/jfr.jar:/usr/local/jdk1.8.0_162/jre/lib/ext/localedata.jar:/usr/local/jdk1.8.0_162/jre/lib/ext/cldrdata.jar:/usr/local/jdk1.8.0_162/jre/lib/ext/dnsns.jar:/usr/local/jdk1.8.0_162/jre/lib/ext/sunec.jar:/usr/local/jdk1.8.0_162/jre/lib/ext/jaccess.jar:/usr/local/jdk1.8.0_162/jre/lib/ext/zipfs.jar:/usr/local/jdk1.8.0_162/jre/lib/ext/nashorn.jar:/usr/local/jdk1.8.0_162/jre/lib/ext/jfxrt.jar:/usr/local/jdk1.8.0_162/jre/lib/ext/sunpkcs11.jar:/usr/local/jdk1.8.0_162/jre/lib/ext/sunjce_provider.jar:/home/clexma/Desktop/intern/workspace/OCAReach2QFPA/bin:/home/clexma/Desktop/intern/workspace/OCAReach2QFPA/lib/com.microsoft.z3.jar:/home/clexma/.p2/pool/plugins/org.junit_4.12.0.v201504281640/junit.jar
Launcher Type: SUN_STANDARD

Environment Variables:
JAVA_HOME=/usr/local/jdk1.8.0_162
PATH=/home/clexma/bin:/home/clexma/.local/bin:/usr/local/sbin:/usr/local/bin:/usr/sbin:/usr/bin:/sbin:/bin:/usr/games:/usr/local/games:/node-v8.12.0-linux-x64/bin:/snap/bin:/home/clexma/bin:/usr/local/jdk1.8.0_162/bin
SHELL=/bin/zsh
DISPLAY=:0

Signal Handlers:
SIGSEGV: [libjvm.so+0xad03c0], sa_mask[0]=11111111011111111101111111111110, sa_flags=SA_RESTART|SA_SIGINFO
SIGBUS: [libjvm.so+0xad03c0], sa_mask[0]=11111111011111111101111111111110, sa_flags=SA_RESTART|SA_SIGINFO
SIGFPE: [libjvm.so+0x928210], sa_mask[0]=11111111011111111101111111111110, sa_flags=SA_RESTART|SA_SIGINFO
SIGPIPE: [libjvm.so+0x928210], sa_mask[0]=11111111011111111101111111111110, sa_flags=SA_RESTART|SA_SIGINFO
SIGXFSZ: [libjvm.so+0x928210], sa_mask[0]=11111111011111111101111111111110, sa_flags=SA_RESTART|SA_SIGINFO
SIGILL: [libjvm.so+0x928210], sa_mask[0]=11111111011111111101111111111110, sa_flags=SA_RESTART|SA_SIGINFO
SIGUSR1: SIG_DFL, sa_mask[0]=00000000000000000000000000000000, sa_flags=none
SIGUSR2: [libjvm.so+0x929a70], sa_mask[0]=00100000000000000000000000000000, sa_flags=SA_RESTART|SA_SIGINFO
SIGHUP: [libjvm.so+0x92ae70], sa_mask[0]=11111111011111111101111111111110, sa_flags=SA_RESTART|SA_SIGINFO
SIGINT: [libjvm.so+0x92ae70], sa_mask[0]=11111111011111111101111111111110, sa_flags=SA_RESTART|SA_SIGINFO
SIGTERM: [libjvm.so+0x92ae70], sa_mask[0]=11111111011111111101111111111110, sa_flags=SA_RESTART|SA_SIGINFO
SIGQUIT: [libjvm.so+0x92ae70], sa_mask[0]=11111111011111111101111111111110, sa_flags=SA_RESTART|SA_SIGINFO


---------------  S Y S T E M  ---------------

OS:DISTRIB_ID=Ubuntu
DISTRIB_RELEASE=16.04
DISTRIB_CODENAME=xenial
DISTRIB_DESCRIPTION="Ubuntu 16.04.6 LTS"

uname:Linux 4.15.0-54-generic #58~16.04.1-Ubuntu SMP Mon Jun 24 13:21:41 UTC 2019 x86_64
libc:glibc 2.23 NPTL 2.23 
rlimit: STACK 8192k, CORE 0k, NPROC 30873, NOFILE 1048576, AS infinity
load average:1.17 0.73 0.79

/proc/meminfo:
MemTotal:        8039572 kB
MemFree:          841336 kB
MemAvailable:    2843028 kB
Buffers:          364732 kB
Cached:          2463096 kB
SwapCached:            0 kB
Active:          4885560 kB
Inactive:        1884384 kB
Active(anon):    3867492 kB
Inactive(anon):   812676 kB
Active(file):    1018068 kB
Inactive(file):  1071708 kB
Unevictable:        8512 kB
Mlocked:            8600 kB
SwapTotal:       8260604 kB
SwapFree:        8260604 kB
Dirty:               500 kB
Writeback:             0 kB
AnonPages:       3948920 kB
Mapped:           933740 kB
Shmem:            819520 kB
Slab:             271404 kB
SReclaimable:     218612 kB
SUnreclaim:        52792 kB
KernelStack:       16696 kB
PageTables:        58384 kB
NFS_Unstable:          0 kB
Bounce:                0 kB
WritebackTmp:          0 kB
CommitLimit:    12280388 kB
Committed_AS:    9815324 kB
VmallocTotal:   34359738367 kB
VmallocUsed:           0 kB
VmallocChunk:          0 kB
HardwareCorrupted:     0 kB
AnonHugePages:         0 kB
ShmemHugePages:        0 kB
ShmemPmdMapped:        0 kB
CmaTotal:              0 kB
CmaFree:               0 kB
HugePages_Total:       0
HugePages_Free:        0
HugePages_Rsvd:        0
HugePages_Surp:        0
Hugepagesize:       2048 kB
DirectMap4k:      226148 kB
DirectMap2M:     5937152 kB
DirectMap1G:     3145728 kB


CPU:total 4 (initial active 4) (2 cores per cpu, 2 threads per core) family 6 model 61 stepping 4, cmov, cx8, fxsr, mmx, sse, sse2, sse3, ssse3, sse4.1, sse4.2, popcnt, avx, avx2, clmul, erms, 3dnowpref, lzcnt, ht, tsc, tscinvbit, bmi1, bmi2, adx

/proc/cpuinfo:
processor	: 0
vendor_id	: GenuineIntel
cpu family	: 6
model		: 61
model name	: Intel(R) Core(TM) i7-5500U CPU @ 2.40GHz
stepping	: 4
microcode	: 0x2d
cpu MHz		: 2961.671
cache size	: 4096 KB
physical id	: 0
siblings	: 4
core id		: 0
cpu cores	: 2
apicid		: 0
initial apicid	: 0
fpu		: yes
fpu_exception	: yes
cpuid level	: 20
wp		: yes
flags		: fpu vme de pse tsc msr pae mce cx8 apic sep mtrr pge mca cmov pat pse36 clflush dts acpi mmx fxsr sse sse2 ss ht tm pbe syscall nx pdpe1gb rdtscp lm constant_tsc arch_perfmon pebs bts rep_good nopl xtopology nonstop_tsc cpuid aperfmperf pni pclmulqdq dtes64 monitor ds_cpl vmx est tm2 ssse3 sdbg fma cx16 xtpr pdcm pcid sse4_1 sse4_2 x2apic movbe popcnt tsc_deadline_timer xsave avx f16c rdrand lahf_lm abm 3dnowprefetch cpuid_fault epb invpcid_single pti ssbd ibrs ibpb stibp tpr_shadow vnmi flexpriority ept vpid fsgsbase tsc_adjust bmi1 avx2 smep bmi2 erms invpcid rdseed adx smap intel_pt xsaveopt dtherm ida arat pln pts md_clear flush_l1d
bugs		: cpu_meltdown spectre_v1 spectre_v2 spec_store_bypass l1tf mds
bogomips	: 4788.82
clflush size	: 64
cache_alignment	: 64
address sizes	: 39 bits physical, 48 bits virtual
power management:

processor	: 1
vendor_id	: GenuineIntel
cpu family	: 6
model		: 61
model name	: Intel(R) Core(TM) i7-5500U CPU @ 2.40GHz
stepping	: 4
microcode	: 0x2d
cpu MHz		: 2900.171
cache size	: 4096 KB
physical id	: 0
siblings	: 4
core id		: 0
cpu cores	: 2
apicid		: 1
initial apicid	: 1
fpu		: yes
fpu_exception	: yes
cpuid level	: 20
wp		: yes
flags		: fpu vme de pse tsc msr pae mce cx8 apic sep mtrr pge mca cmov pat pse36 clflush dts acpi mmx fxsr sse sse2 ss ht tm pbe syscall nx pdpe1gb rdtscp lm constant_tsc arch_perfmon pebs bts rep_good nopl xtopology nonstop_tsc cpuid aperfmperf pni pclmulqdq dtes64 monitor ds_cpl vmx est tm2 ssse3 sdbg fma cx16 xtpr pdcm pcid sse4_1 sse4_2 x2apic movbe popcnt tsc_deadline_timer xsave avx f16c rdrand lahf_lm abm 3dnowprefetch cpuid_fault epb invpcid_single pti ssbd ibrs ibpb stibp tpr_shadow vnmi flexpriority ept vpid fsgsbase tsc_adjust bmi1 avx2 smep bmi2 erms invpcid rdseed adx smap intel_pt xsaveopt dtherm ida arat pln pts md_clear flush_l1d
bugs		: cpu_meltdown spectre_v1 spectre_v2 spec_store_bypass l1tf mds
bogomips	: 4788.82
clflush size	: 64
cache_alignment	: 64
address sizes	: 39 bits physical, 48 bits virtual
power management:

processor	: 2
vendor_id	: GenuineIntel
cpu family	: 6
model		: 61
model name	: Intel(R) Core(TM) i7-5500U CPU @ 2.40GHz
stepping	: 4
microcode	: 0x2d
cpu MHz		: 2893.480
cache size	: 4096 KB
physical id	: 0
siblings	: 4
core id		: 1
cpu cores	: 2
apicid		: 2
initial apicid	: 2
fpu		: yes
fpu_exception	: yes
cpuid level	: 20
wp		: yes
flags		: fpu vme de pse tsc msr pae mce cx8 apic sep mtrr pge mca cmov pat pse36 clflush dts acpi mmx fxsr sse sse2 ss ht tm pbe syscall nx pdpe1gb rdtscp lm constant_tsc arch_perfmon pebs bts rep_good nopl xtopology nonstop_tsc cpuid aperfmperf pni pclmulqdq dtes64 monitor ds_cpl vmx est tm2 ssse3 sdbg fma cx16 xtpr pdcm pcid sse4_1 sse4_2 x2apic movbe popcnt tsc_deadline_timer xsave avx f16c rdrand lahf_lm abm 3dnowprefetch cpuid_fault epb invpcid_single pti ssbd ibrs ibpb stibp tpr_shadow vnmi flexpriority ept vpid fsgsbase tsc_adjust bmi1 avx2 smep bmi2 erms invpcid rdseed adx smap intel_pt xsaveopt dtherm ida arat pln pts md_clear flush_l1d
bugs		: cpu_meltdown spectre_v1 spectre_v2 spec_store_bypass l1tf mds
bogomips	: 4788.82
clflush size	: 64
cache_alignment	: 64
address sizes	: 39 bits physical, 48 bits virtual
power management:

processor	: 3
vendor_id	: GenuineIntel
cpu family	: 6
model		: 61
model name	: Intel(R) Core(TM) i7-5500U CPU @ 2.40GHz
stepping	: 4
microcode	: 0x2d
cpu MHz		: 2893.360
cache size	: 4096 KB
physical id	: 0
siblings	: 4
core id		: 1
cpu cores	: 2
apicid		: 3
initial apicid	: 3
fpu		: yes
fpu_exception	: yes
cpuid level	: 20
wp		: yes
flags		: fpu vme de pse tsc msr pae mce cx8 apic sep mtrr pge mca cmov pat pse36 clflush dts acpi mmx fxsr sse sse2 ss ht tm pbe syscall nx pdpe1gb rdtscp lm constant_tsc arch_perfmon pebs bts rep_good nopl xtopology nonstop_tsc cpuid aperfmperf pni pclmulqdq dtes64 monitor ds_cpl vmx est tm2 ssse3 sdbg fma cx16 xtpr pdcm pcid sse4_1 sse4_2 x2apic movbe popcnt tsc_deadline_timer xsave avx f16c rdrand lahf_lm abm 3dnowprefetch cpuid_fault epb invpcid_single pti ssbd ibrs ibpb stibp tpr_shadow vnmi flexpriority ept vpid fsgsbase tsc_adjust bmi1 avx2 smep bmi2 erms invpcid rdseed adx smap intel_pt xsaveopt dtherm ida arat pln pts md_clear flush_l1d
bugs		: cpu_meltdown spectre_v1 spectre_v2 spec_store_bypass l1tf mds
bogomips	: 4788.82
clflush size	: 64
cache_alignment	: 64
address sizes	: 39 bits physical, 48 bits virtual
power management:



Memory: 4k page, physical 8039572k(841336k free), swap 8260604k(8260604k free)

vm_info: Java HotSpot(TM) 64-Bit Server VM (25.162-b12) for linux-amd64 JRE (1.8.0_162-b12), built on Dec 19 2017 21:15:48 by "java_re" with gcc 4.3.0 20080428 (Red Hat 4.3.0-8)

time: Thu Jul  4 14:38:53 2019
elapsed time: 0 seconds (0d 0h 0m 0s)

