#
# A fatal error has been detected by the Java Runtime Environment:
#
#  SIGSEGV (0xb) at pc=0x00007ff051c67c6c, pid=13978, tid=0x00007ff084b2a700
#
# JRE version: Java(TM) SE Runtime Environment (8.0_162-b12) (build 1.8.0_162-b12)
# Java VM: Java HotSpot(TM) 64-Bit Server VM (25.162-b12 mixed mode linux-amd64 compressed oops)
# Problematic frame:
# C  [libz3.so+0xdcc6c]  Z3_mk_quantifier_const_ex+0xec
#
# Failed to write core dump. Core dumps have been disabled. To enable core dumping, try "ulimit -c unlimited" before starting Java again
#
# If you would like to submit a bug report, please visit:
#   http://bugreport.java.com/bugreport/crash.jsp
# The crash happened outside the Java Virtual Machine in native code.
# See problematic frame for where to report the bug.
#

---------------  T H R E A D  ---------------

Current thread (0x00007ff07c00b000):  JavaThread "main" [_thread_in_native, id=13984, stack(0x00007ff084a2a000,0x00007ff084b2b000)]

siginfo: si_signo: 11 (SIGSEGV), si_code: 1 (SEGV_MAPERR), si_addr: 0x0000000000000004

Registers:
RAX=0x0000000000000000, RBX=0x0000000000000000, RCX=0x0000000000000002, RDX=0x0000000000000001
RSP=0x00007ff084b291b0, RBP=0x00007ff084b29350, RSI=0x0000000000000000, RDI=0x0000000000000000
R8 =0x0000000000000000, R9 =0x0000000000000002, R10=0x0000000000000313, R11=0x00007ff051c67b80
R12=0x0000000000000001, R13=0x00007ff084b294e0, R14=0x00007ff07c1a1088, R15=0x00007ff07c1e7490
RIP=0x00007ff051c67c6c, EFLAGS=0x0000000000010202, CSGSFS=0x002b000000000033, ERR=0x0000000000000004
  TRAPNO=0x000000000000000e

Top of Stack: (sp=0x00007ff084b291b0)
0x00007ff084b291b0:   00b7597100bb0b00 00007ff07c1a1088
0x00007ff084b291c0:   0000000000000000 0000000000000000
0x00007ff084b291d0:   0000000000000001 0000000000000000
0x00007ff084b291e0:   0000000000000000 00000000000000b8
0x00007ff084b291f0:   0000000000000000 0000000000000002
0x00007ff084b29200:   00007ff07c190748 0000000000000000
0x00007ff084b29210:   0000000000000000 0000000000000000
0x00007ff084b29220:   0000000000000000 0000000000000000
0x00007ff084b29230:   0000000000000000 0000000000000000
0x00007ff084b29240:   0000000000000000 0000000000000000
0x00007ff084b29250:   0000000000000000 0000000000000000
0x00007ff084b29260:   0000000000000000 0000000000000000
0x00007ff084b29270:   0000000000000000 0000000000000000
0x00007ff084b29280:   0000000000000000 0000000000000000
0x00007ff084b29290:   0000000000000000 0000000000000000
0x00007ff084b292a0:   0000000000000000 0000000000000000
0x00007ff084b292b0:   0000000000000000 0000000000000000
0x00007ff084b292c0:   0000000000000000 0000000000000000
0x00007ff084b292d0:   0000000000000000 0000000000000000
0x00007ff084b292e0:   0000000000000000 0000000000000000
0x00007ff084b292f0:   0000000000000000 0000000000000000
0x00007ff084b29300:   0000000000000000 0000000000000000
0x00007ff084b29310:   0000000000000000 70dbb5ea50418f00
0x00007ff084b29320:   0000000000000000 00007ff07c00b1f8
0x00007ff084b29330:   0000000000000001 00007ff084b294e0
0x00007ff084b29340:   00007ff07c1a1088 00007ff07c1e7490
0x00007ff084b29350:   0000000000000000 00007ff051c68f65
0x00007ff084b29360:   00007ff07c1e7490 0000000000000000
0x00007ff084b29370:   0000000000000000 0000000000000000
0x00007ff084b29380:   0000000000000000 00007ff07c1a1088
0x00007ff084b29390:   0000000000000003 00007ff05315eb9b
0x00007ff084b293a0:   0000000000000000 00007ff07c1a1088 

Instructions: (pc=0x00007ff051c67c6c)
0x00007ff051c67c4c:   85 ff 74 0b 8b 75 28 85 f6 0f 85 a5 01 00 00 8b
0x00007ff051c67c5c:   8d a8 fe ff ff 85 c9 0f 84 6f 03 00 00 49 8b 1f
0x00007ff051c67c6c:   66 83 7b 04 00 0f 85 eb 0b 00 00 8b 85 a8 fe ff
0x00007ff051c67c7c:   ff 4d 8d 67 08 48 c7 85 c8 fe ff ff 00 00 00 00 

Register to memory mapping:

RAX=0x0000000000000000 is an unknown value
RBX=0x0000000000000000 is an unknown value
RCX=0x0000000000000002 is an unknown value
RDX=0x0000000000000001 is an unknown value
RSP=0x00007ff084b291b0 is pointing into the stack for thread: 0x00007ff07c00b000
RBP=0x00007ff084b29350 is pointing into the stack for thread: 0x00007ff07c00b000
RSI=0x0000000000000000 is an unknown value
RDI=0x0000000000000000 is an unknown value
R8 =0x0000000000000000 is an unknown value
R9 =0x0000000000000002 is an unknown value
R10=0x0000000000000313 is an unknown value
R11=0x00007ff051c67b80: Z3_mk_quantifier_const_ex+0 in /usr/lib/libz3.so at 0x00007ff051b8b000
R12=0x0000000000000001 is an unknown value
R13=0x00007ff084b294e0 is pointing into the stack for thread: 0x00007ff07c00b000
R14=0x00007ff07c1a1088 is an unknown value
R15=0x00007ff07c1e7490 is an unknown value


Stack: [0x00007ff084a2a000,0x00007ff084b2b000],  sp=0x00007ff084b291b0,  free space=1020k
Native frames: (J=compiled Java code, j=interpreted, Vv=VM code, C=native code)
C  [libz3.so+0xdcc6c]  Z3_mk_quantifier_const_ex+0xec
C  [libz3.so+0xddf65]  Z3_mk_quantifier_const+0x25

Java frames: (J=compiled Java code, j=interpreted, Vv=VM code)
j  com.microsoft.z3.Native.INTERNALmkQuantifierConst(JZII[JI[JJ)J+0
j  com.microsoft.z3.Native.mkQuantifierConst(JZII[JI[JJ)J+13
j  com.microsoft.z3.Quantifier.of(Lcom/microsoft/z3/Context;Z[Lcom/microsoft/z3/Expr;Lcom/microsoft/z3/Expr;I[Lcom/microsoft/z3/Pattern;[Lcom/microsoft/z3/Expr;Lcom/microsoft/z3/Symbol;Lcom/microsoft/z3/Symbol;)Lcom/microsoft/z3/Quantifier;+61
j  com.microsoft.z3.Context.mkExists([Lcom/microsoft/z3/Expr;Lcom/microsoft/z3/Expr;I[Lcom/microsoft/z3/Pattern;[Lcom/microsoft/z3/Expr;Lcom/microsoft/z3/Symbol;Lcom/microsoft/z3/Symbol;)Lcom/microsoft/z3/Quantifier;+13
j  formula.generator.QFPAGenerator.mkExistsQuantifier([Lcom/microsoft/z3/IntExpr;Lcom/microsoft/z3/Expr;)Lcom/microsoft/z3/Expr;+11
j  ocareach.ConverterZero.genZTPathForm(Lgraph/directed/zerograph/ZTPath;Lcom/microsoft/z3/IntExpr;Lcom/microsoft/z3/IntExpr;)Lcom/microsoft/z3/BoolExpr;+413
j  ocareach.ConverterZero.convertZero(Lautomata/State;Lautomata/State;)Ljava/lang/String;+170
j  ocareach.ConverterZero.convert()Ljava/lang/String;+25
j  other.ConverterZeroTest.main([Ljava/lang/String;)V+113
v  ~StubRoutines::call_stub

---------------  P R O C E S S  ---------------

Java Threads: ( => current thread )
  0x00007ff07c0c2000 JavaThread "Service Thread" daemon [_thread_blocked, id=13996, stack(0x00007ff05346e000,0x00007ff05356f000)]
  0x00007ff07c0bf000 JavaThread "C1 CompilerThread2" daemon [_thread_blocked, id=13995, stack(0x00007ff05356f000,0x00007ff053670000)]
  0x00007ff07c0bd000 JavaThread "C2 CompilerThread1" daemon [_thread_blocked, id=13994, stack(0x00007ff053670000,0x00007ff053771000)]
  0x00007ff07c0ba000 JavaThread "C2 CompilerThread0" daemon [_thread_blocked, id=13993, stack(0x00007ff053771000,0x00007ff053872000)]
  0x00007ff07c0b8800 JavaThread "Signal Dispatcher" daemon [_thread_blocked, id=13992, stack(0x00007ff053872000,0x00007ff053973000)]
  0x00007ff07c085000 JavaThread "Finalizer" daemon [_thread_blocked, id=13991, stack(0x00007ff053dfe000,0x00007ff053eff000)]
  0x00007ff07c080800 JavaThread "Reference Handler" daemon [_thread_blocked, id=13990, stack(0x00007ff053eff000,0x00007ff054000000)]
=>0x00007ff07c00b000 JavaThread "main" [_thread_in_native, id=13984, stack(0x00007ff084a2a000,0x00007ff084b2b000)]

Other Threads:
  0x00007ff07c078800 VMThread [stack: 0x00007ff05809e000,0x00007ff05819f000] [id=13989]
  0x00007ff07c0c6800 WatcherThread [stack: 0x00007ff05336d000,0x00007ff05346e000] [id=13997]

VM state:not at safepoint (normal execution)

VM Mutex/Monitor currently owned by a thread: None

Heap:
 PSYoungGen      total 36864K, used 3809K [0x00000000d7180000, 0x00000000d9a80000, 0x0000000100000000)
  eden space 31744K, 12% used [0x00000000d7180000,0x00000000d7538618,0x00000000d9080000)
  from space 5120K, 0% used [0x00000000d9580000,0x00000000d9580000,0x00000000d9a80000)
  to   space 5120K, 0% used [0x00000000d9080000,0x00000000d9080000,0x00000000d9580000)
 ParOldGen       total 84992K, used 0K [0x0000000085400000, 0x000000008a700000, 0x00000000d7180000)
  object space 84992K, 0% used [0x0000000085400000,0x0000000085400000,0x000000008a700000)
 Metaspace       used 3948K, capacity 5464K, committed 5760K, reserved 1056768K
  class space    used 430K, capacity 520K, committed 640K, reserved 1048576K

Card table byte_map: [0x00007ff0813f2000,0x00007ff0817c9000] byte_map_base: 0x00007ff080fc8000

Marking Bits: (ParMarkBitMap*) 0x00007ff083f00ca0
 Begin Bits: [0x00007ff0582a0000, 0x00007ff05a150000)
 End Bits:   [0x00007ff05a150000, 0x00007ff05c000000)

Polling page: 0x00007ff084b53000

CodeCache: size=245760Kb used=1387Kb max_used=1387Kb free=244372Kb
 bounds [0x00007ff06d000000, 0x00007ff06d270000, 0x00007ff07c000000]
 total_blobs=450 nmethods=159 adapters=205
 compilation: enabled

Compilation events (10 events):
Event: 0.218 Thread 0x00007ff07c0bf000  154       1       com.microsoft.z3.Z3Object::getContext (5 bytes)
Event: 0.218 Thread 0x00007ff07c0bf000 nmethod 154 0x00007ff06d159a50 code [0x00007ff06d159ba0, 0x00007ff06d159cb0]
Event: 0.218 Thread 0x00007ff07c0bf000  155       3       java.nio.ByteBuffer::arrayOffset (35 bytes)
Event: 0.218 Thread 0x00007ff07c0bf000 nmethod 155 0x00007ff06d159d10 code [0x00007ff06d159ea0, 0x00007ff06d15a158]
Event: 0.219 Thread 0x00007ff07c0bf000  156       3       java.lang.Integer::valueOf (32 bytes)
Event: 0.219 Thread 0x00007ff07c0bf000 nmethod 156 0x00007ff06d15a290 code [0x00007ff06d15a420, 0x00007ff06d15a770]
Event: 0.219 Thread 0x00007ff07c0bf000  157       3       java.lang.Integer::hashCode (8 bytes)
Event: 0.219 Thread 0x00007ff07c0bf000 nmethod 157 0x00007ff06d15a910 code [0x00007ff06d15aa80, 0x00007ff06d15ac30]
Event: 0.219 Thread 0x00007ff07c0bf000  158       3       java.lang.Integer::hashCode (2 bytes)
Event: 0.219 Thread 0x00007ff07c0bf000 nmethod 158 0x00007ff06d15b090 code [0x00007ff06d15b1e0, 0x00007ff06d15b310]

GC Heap History (0 events):
No events

Deoptimization events (0 events):
No events

Classes redefined (0 events):
No events

Internal exceptions (2 events):
Event: 0.028 Thread 0x00007ff07c00b000 Exception <a 'java/lang/NoSuchMethodError': Method sun.misc.Unsafe.defineClass(Ljava/lang/String;[BII)Ljava/lang/Class; name or signature does not match> (0x00000000d7187ca0) thrown at [/HUDSON/workspace/8-2-build-linux-amd64/jdk8u162/10278/hotspot/src/sh
Event: 0.028 Thread 0x00007ff07c00b000 Exception <a 'java/lang/NoSuchMethodError': Method sun.misc.Unsafe.prefetchRead(Ljava/lang/Object;J)V name or signature does not match> (0x00000000d7187f88) thrown at [/HUDSON/workspace/8-2-build-linux-amd64/jdk8u162/10278/hotspot/src/share/vm/prims/jni.c

Events (10 events):
Event: 0.212 loading class table/dwt/DWTEntry
Event: 0.212 loading class table/dwt/DWTEntry done
Event: 0.213 loading class graph/directed/abs/LoopTag
Event: 0.213 loading class graph/directed/abs/LoopTag done
Event: 0.214 loading class graph/directed/abs/ASDGPath
Event: 0.214 loading class graph/directed/abs/ASDGPath done
Event: 0.216 loading class graph/directed/DGPath
Event: 0.216 loading class graph/directed/DGPath done
Event: 0.219 loading class com/microsoft/z3/Pattern
Event: 0.219 loading class com/microsoft/z3/Pattern done


Dynamic libraries:
00400000-00401000 r-xp 00000000 08:12 1328075                            /usr/local/jdk1.8.0_162/bin/java
00600000-00601000 rw-p 00000000 08:12 1328075                            /usr/local/jdk1.8.0_162/bin/java
011a6000-011c7000 rw-p 00000000 00:00 0                                  [heap]
85400000-8a700000 rw-p 00000000 00:00 0 
8a700000-d7180000 ---p 00000000 00:00 0 
d7180000-d9a80000 rw-p 00000000 00:00 0 
d9a80000-100000000 ---p 00000000 00:00 0 
100000000-1000a0000 rw-p 00000000 00:00 0 
1000a0000-140000000 ---p 00000000 00:00 0 
7ff02c000000-7ff02c021000 rw-p 00000000 00:00 0 
7ff02c021000-7ff030000000 ---p 00000000 00:00 0 
7ff034000000-7ff034021000 rw-p 00000000 00:00 0 
7ff034021000-7ff038000000 ---p 00000000 00:00 0 
7ff038000000-7ff038142000 rw-p 00000000 00:00 0 
7ff038142000-7ff03c000000 ---p 00000000 00:00 0 
7ff03c000000-7ff03c151000 rw-p 00000000 00:00 0 
7ff03c151000-7ff040000000 ---p 00000000 00:00 0 
7ff040000000-7ff040021000 rw-p 00000000 00:00 0 
7ff040021000-7ff044000000 ---p 00000000 00:00 0 
7ff044000000-7ff044021000 rw-p 00000000 00:00 0 
7ff044021000-7ff048000000 ---p 00000000 00:00 0 
7ff048000000-7ff048021000 rw-p 00000000 00:00 0 
7ff048021000-7ff04c000000 ---p 00000000 00:00 0 
7ff04c000000-7ff04c021000 rw-p 00000000 00:00 0 
7ff04c021000-7ff050000000 ---p 00000000 00:00 0 
7ff0513d1000-7ff0513e7000 r-xp 00000000 08:12 3936818                    /lib/x86_64-linux-gnu/libgcc_s.so.1
7ff0513e7000-7ff0515e6000 ---p 00016000 08:12 3936818                    /lib/x86_64-linux-gnu/libgcc_s.so.1
7ff0515e6000-7ff0515e7000 rw-p 00015000 08:12 3936818                    /lib/x86_64-linux-gnu/libgcc_s.so.1
7ff0515e7000-7ff051608000 r-xp 00000000 08:12 1316011                    /usr/lib/x86_64-linux-gnu/libgomp.so.1.0.0
7ff051608000-7ff051807000 ---p 00021000 08:12 1316011                    /usr/lib/x86_64-linux-gnu/libgomp.so.1.0.0
7ff051807000-7ff051808000 r--p 00020000 08:12 1316011                    /usr/lib/x86_64-linux-gnu/libgomp.so.1.0.0
7ff051808000-7ff051809000 rw-p 00021000 08:12 1316011                    /usr/lib/x86_64-linux-gnu/libgomp.so.1.0.0
7ff051809000-7ff05197b000 r-xp 00000000 08:12 1317647                    /usr/lib/x86_64-linux-gnu/libstdc++.so.6.0.21
7ff05197b000-7ff051b7b000 ---p 00172000 08:12 1317647                    /usr/lib/x86_64-linux-gnu/libstdc++.so.6.0.21
7ff051b7b000-7ff051b85000 r--p 00172000 08:12 1317647                    /usr/lib/x86_64-linux-gnu/libstdc++.so.6.0.21
7ff051b85000-7ff051b87000 rw-p 0017c000 08:12 1317647                    /usr/lib/x86_64-linux-gnu/libstdc++.so.6.0.21
7ff051b87000-7ff051b8b000 rw-p 00000000 00:00 0 
7ff051b8b000-7ff052f19000 r-xp 00000000 08:12 1326236                    /usr/lib/libz3.so
7ff052f19000-7ff053119000 ---p 0138e000 08:12 1326236                    /usr/lib/libz3.so
7ff053119000-7ff05313b000 r--p 0138e000 08:12 1326236                    /usr/lib/libz3.so
7ff05313b000-7ff05313e000 rw-p 013b0000 08:12 1326236                    /usr/lib/libz3.so
7ff05313e000-7ff05313f000 rw-p 00000000 00:00 0 
7ff05313f000-7ff05316a000 r-xp 00000000 08:12 1326238                    /usr/lib/libz3java.so
7ff05316a000-7ff05336a000 ---p 0002b000 08:12 1326238                    /usr/lib/libz3java.so
7ff05336a000-7ff05336b000 r--p 0002b000 08:12 1326238                    /usr/lib/libz3java.so
7ff05336b000-7ff05336d000 rw-p 0002c000 08:12 1326238                    /usr/lib/libz3java.so
7ff05336d000-7ff05336e000 ---p 00000000 00:00 0 
7ff05336e000-7ff05346e000 rw-p 00000000 00:00 0 
7ff05346e000-7ff053471000 ---p 00000000 00:00 0 
7ff053471000-7ff05356f000 rw-p 00000000 00:00 0 
7ff05356f000-7ff053572000 ---p 00000000 00:00 0 
7ff053572000-7ff053670000 rw-p 00000000 00:00 0 
7ff053670000-7ff053673000 ---p 00000000 00:00 0 
7ff053673000-7ff053771000 rw-p 00000000 00:00 0 
7ff053771000-7ff053774000 ---p 00000000 00:00 0 
7ff053774000-7ff053872000 rw-p 00000000 00:00 0 
7ff053872000-7ff053875000 ---p 00000000 00:00 0 
7ff053875000-7ff053973000 rw-p 00000000 00:00 0 
7ff053973000-7ff053dfe000 r--p 00000000 08:12 1313896                    /usr/lib/locale/locale-archive
7ff053dfe000-7ff053e01000 ---p 00000000 00:00 0 
7ff053e01000-7ff053eff000 rw-p 00000000 00:00 0 
7ff053eff000-7ff053f02000 ---p 00000000 00:00 0 
7ff053f02000-7ff054000000 rw-p 00000000 00:00 0 
7ff054000000-7ff054021000 rw-p 00000000 00:00 0 
7ff054021000-7ff058000000 ---p 00000000 00:00 0 
7ff058008000-7ff05809e000 r--s 0110a000 08:12 3150950                    /usr/local/jdk1.8.0_162/jre/lib/ext/jfxrt.jar
7ff05809e000-7ff05809f000 ---p 00000000 00:00 0 
7ff05809f000-7ff05c000000 rw-p 00000000 00:00 0 
7ff05c000000-7ff05c021000 rw-p 00000000 00:00 0 
7ff05c021000-7ff060000000 ---p 00000000 00:00 0 
7ff060000000-7ff060021000 rw-p 00000000 00:00 0 
7ff060021000-7ff064000000 ---p 00000000 00:00 0 
7ff064000000-7ff064021000 rw-p 00000000 00:00 0 
7ff064021000-7ff068000000 ---p 00000000 00:00 0 
7ff068000000-7ff068021000 rw-p 00000000 00:00 0 
7ff068021000-7ff06c000000 ---p 00000000 00:00 0 
7ff06c019000-7ff06ce27000 rw-p 00000000 00:00 0 
7ff06ce27000-7ff06d000000 r--s 03d65000 08:12 2508527                    /usr/local/jdk1.8.0_162/jre/lib/rt.jar
7ff06d000000-7ff06d270000 rwxp 00000000 00:00 0 
7ff06d270000-7ff07c000000 ---p 00000000 00:00 0 
7ff07c000000-7ff07c3e8000 rw-p 00000000 00:00 0 
7ff07c3e8000-7ff080000000 ---p 00000000 00:00 0 
7ff080038000-7ff08003b000 r--s 00027000 08:12 5521420                    /home/clexma/Desktop/intern/workspace/OCAReach2QFPA/lib/com.microsoft.z3.jar
7ff08003b000-7ff080040000 r--s 00084000 08:12 2508504                    /usr/local/jdk1.8.0_162/jre/lib/jfr.jar
7ff080040000-7ff080689000 rw-p 00000000 00:00 0 
7ff080689000-7ff080989000 ---p 00000000 00:00 0 
7ff080989000-7ff080d5f000 rw-p 00000000 00:00 0 
7ff080d5f000-7ff080d60000 ---p 00000000 00:00 0 
7ff080d60000-7ff080e60000 rw-p 00000000 00:00 0 
7ff080e60000-7ff080e61000 ---p 00000000 00:00 0 
7ff080e61000-7ff080f61000 rw-p 00000000 00:00 0 
7ff080f61000-7ff080f62000 ---p 00000000 00:00 0 
7ff080f62000-7ff081062000 rw-p 00000000 00:00 0 
7ff081062000-7ff081063000 ---p 00000000 00:00 0 
7ff081063000-7ff08118d000 rw-p 00000000 00:00 0 
7ff08118d000-7ff0813f2000 ---p 00000000 00:00 0 
7ff0813f2000-7ff08141c000 rw-p 00000000 00:00 0 
7ff08141c000-7ff081680000 ---p 00000000 00:00 0 
7ff081680000-7ff081696000 rw-p 00000000 00:00 0 
7ff081696000-7ff0817c8000 ---p 00000000 00:00 0 
7ff0817c8000-7ff0817d3000 rw-p 00000000 00:00 0 
7ff0817d3000-7ff081b89000 ---p 00000000 00:00 0 
7ff081b89000-7ff081ba4000 r-xp 00000000 08:12 3542971                    /usr/local/jdk1.8.0_162/jre/lib/amd64/libzip.so
7ff081ba4000-7ff081da4000 ---p 0001b000 08:12 3542971                    /usr/local/jdk1.8.0_162/jre/lib/amd64/libzip.so
7ff081da4000-7ff081da5000 rw-p 0001b000 08:12 3542971                    /usr/local/jdk1.8.0_162/jre/lib/amd64/libzip.so
7ff081da5000-7ff081db0000 r-xp 00000000 08:12 3941570                    /lib/x86_64-linux-gnu/libnss_files-2.23.so
7ff081db0000-7ff081faf000 ---p 0000b000 08:12 3941570                    /lib/x86_64-linux-gnu/libnss_files-2.23.so
7ff081faf000-7ff081fb0000 r--p 0000a000 08:12 3941570                    /lib/x86_64-linux-gnu/libnss_files-2.23.so
7ff081fb0000-7ff081fb1000 rw-p 0000b000 08:12 3941570                    /lib/x86_64-linux-gnu/libnss_files-2.23.so
7ff081fb1000-7ff081fb7000 rw-p 00000000 00:00 0 
7ff081fb7000-7ff081fc2000 r-xp 00000000 08:12 3941554                    /lib/x86_64-linux-gnu/libnss_nis-2.23.so
7ff081fc2000-7ff0821c1000 ---p 0000b000 08:12 3941554                    /lib/x86_64-linux-gnu/libnss_nis-2.23.so
7ff0821c1000-7ff0821c2000 r--p 0000a000 08:12 3941554                    /lib/x86_64-linux-gnu/libnss_nis-2.23.so
7ff0821c2000-7ff0821c3000 rw-p 0000b000 08:12 3941554                    /lib/x86_64-linux-gnu/libnss_nis-2.23.so
7ff0821c3000-7ff0821d9000 r-xp 00000000 08:12 3941565                    /lib/x86_64-linux-gnu/libnsl-2.23.so
7ff0821d9000-7ff0823d8000 ---p 00016000 08:12 3941565                    /lib/x86_64-linux-gnu/libnsl-2.23.so
7ff0823d8000-7ff0823d9000 r--p 00015000 08:12 3941565                    /lib/x86_64-linux-gnu/libnsl-2.23.so
7ff0823d9000-7ff0823da000 rw-p 00016000 08:12 3941565                    /lib/x86_64-linux-gnu/libnsl-2.23.so
7ff0823da000-7ff0823dc000 rw-p 00000000 00:00 0 
7ff0823dc000-7ff0823e4000 r-xp 00000000 08:12 3941578                    /lib/x86_64-linux-gnu/libnss_compat-2.23.so
7ff0823e4000-7ff0825e3000 ---p 00008000 08:12 3941578                    /lib/x86_64-linux-gnu/libnss_compat-2.23.so
7ff0825e3000-7ff0825e4000 r--p 00007000 08:12 3941578                    /lib/x86_64-linux-gnu/libnss_compat-2.23.so
7ff0825e4000-7ff0825e5000 rw-p 00008000 08:12 3941578                    /lib/x86_64-linux-gnu/libnss_compat-2.23.so
7ff0825e5000-7ff082610000 r-xp 00000000 08:12 3542965                    /usr/local/jdk1.8.0_162/jre/lib/amd64/libjava.so
7ff082610000-7ff08280f000 ---p 0002b000 08:12 3542965                    /usr/local/jdk1.8.0_162/jre/lib/amd64/libjava.so
7ff08280f000-7ff082811000 rw-p 0002a000 08:12 3542965                    /usr/local/jdk1.8.0_162/jre/lib/amd64/libjava.so
7ff082811000-7ff08281e000 r-xp 00000000 08:12 3542970                    /usr/local/jdk1.8.0_162/jre/lib/amd64/libverify.so
7ff08281e000-7ff082a1e000 ---p 0000d000 08:12 3542970                    /usr/local/jdk1.8.0_162/jre/lib/amd64/libverify.so
7ff082a1e000-7ff082a20000 rw-p 0000d000 08:12 3542970                    /usr/local/jdk1.8.0_162/jre/lib/amd64/libverify.so
7ff082a20000-7ff082a27000 r-xp 00000000 08:12 3941539                    /lib/x86_64-linux-gnu/librt-2.23.so
7ff082a27000-7ff082c26000 ---p 00007000 08:12 3941539                    /lib/x86_64-linux-gnu/librt-2.23.so
7ff082c26000-7ff082c27000 r--p 00006000 08:12 3941539                    /lib/x86_64-linux-gnu/librt-2.23.so
7ff082c27000-7ff082c28000 rw-p 00007000 08:12 3941539                    /lib/x86_64-linux-gnu/librt-2.23.so
7ff082c28000-7ff082d30000 r-xp 00000000 08:12 3941580                    /lib/x86_64-linux-gnu/libm-2.23.so
7ff082d30000-7ff082f2f000 ---p 00108000 08:12 3941580                    /lib/x86_64-linux-gnu/libm-2.23.so
7ff082f2f000-7ff082f30000 r--p 00107000 08:12 3941580                    /lib/x86_64-linux-gnu/libm-2.23.so
7ff082f30000-7ff082f31000 rw-p 00108000 08:12 3941580                    /lib/x86_64-linux-gnu/libm-2.23.so
7ff082f31000-7ff083c0a000 r-xp 00000000 08:12 3542947                    /usr/local/jdk1.8.0_162/jre/lib/amd64/server/libjvm.so
7ff083c0a000-7ff083e09000 ---p 00cd9000 08:12 3542947                    /usr/local/jdk1.8.0_162/jre/lib/amd64/server/libjvm.so
7ff083e09000-7ff083ee3000 rw-p 00cd8000 08:12 3542947                    /usr/local/jdk1.8.0_162/jre/lib/amd64/server/libjvm.so
7ff083ee3000-7ff083f2e000 rw-p 00000000 00:00 0 
7ff083f2e000-7ff0840ee000 r-xp 00000000 08:12 3941576                    /lib/x86_64-linux-gnu/libc-2.23.so
7ff0840ee000-7ff0842ee000 ---p 001c0000 08:12 3941576                    /lib/x86_64-linux-gnu/libc-2.23.so
7ff0842ee000-7ff0842f2000 r--p 001c0000 08:12 3941576                    /lib/x86_64-linux-gnu/libc-2.23.so
7ff0842f2000-7ff0842f4000 rw-p 001c4000 08:12 3941576                    /lib/x86_64-linux-gnu/libc-2.23.so
7ff0842f4000-7ff0842f8000 rw-p 00000000 00:00 0 
7ff0842f8000-7ff0842fb000 r-xp 00000000 08:12 3941544                    /lib/x86_64-linux-gnu/libdl-2.23.so
7ff0842fb000-7ff0844fa000 ---p 00003000 08:12 3941544                    /lib/x86_64-linux-gnu/libdl-2.23.so
7ff0844fa000-7ff0844fb000 r--p 00002000 08:12 3941544                    /lib/x86_64-linux-gnu/libdl-2.23.so
7ff0844fb000-7ff0844fc000 rw-p 00003000 08:12 3941544                    /lib/x86_64-linux-gnu/libdl-2.23.so
7ff0844fc000-7ff084512000 r-xp 00000000 08:12 1450668                    /usr/local/jdk1.8.0_162/lib/amd64/jli/libjli.so
7ff084512000-7ff084711000 ---p 00016000 08:12 1450668                    /usr/local/jdk1.8.0_162/lib/amd64/jli/libjli.so
7ff084711000-7ff084712000 rw-p 00015000 08:12 1450668                    /usr/local/jdk1.8.0_162/lib/amd64/jli/libjli.so
7ff084712000-7ff08472a000 r-xp 00000000 08:12 3941548                    /lib/x86_64-linux-gnu/libpthread-2.23.so
7ff08472a000-7ff084929000 ---p 00018000 08:12 3941548                    /lib/x86_64-linux-gnu/libpthread-2.23.so
7ff084929000-7ff08492a000 r--p 00017000 08:12 3941548                    /lib/x86_64-linux-gnu/libpthread-2.23.so
7ff08492a000-7ff08492b000 rw-p 00018000 08:12 3941548                    /lib/x86_64-linux-gnu/libpthread-2.23.so
7ff08492b000-7ff08492f000 rw-p 00000000 00:00 0 
7ff08492f000-7ff084955000 r-xp 00000000 08:12 3941546                    /lib/x86_64-linux-gnu/ld-2.23.so
7ff084957000-7ff08495c000 r--s 002f9000 08:12 2508525                    /usr/local/jdk1.8.0_162/jre/lib/charsets.jar
7ff08495c000-7ff08495f000 r--s 0001a000 08:12 2508541                    /usr/local/jdk1.8.0_162/jre/lib/jce.jar
7ff08495f000-7ff084a2a000 rw-p 00000000 00:00 0 
7ff084a2a000-7ff084a2d000 ---p 00000000 00:00 0 
7ff084a2d000-7ff084b30000 rw-p 00000000 00:00 0 
7ff084b32000-7ff084b37000 r--s 0009d000 08:12 2508535                    /usr/local/jdk1.8.0_162/jre/lib/jsse.jar
7ff084b37000-7ff084b4a000 r--s 00345000 08:12 2508531                    /usr/local/jdk1.8.0_162/jre/lib/resources.jar
7ff084b4a000-7ff084b52000 rw-s 00000000 08:12 6967249                    /tmp/hsperfdata_clexma/13978
7ff084b52000-7ff084b53000 rw-p 00000000 00:00 0 
7ff084b53000-7ff084b54000 r--p 00000000 00:00 0 
7ff084b54000-7ff084b55000 r--p 00025000 08:12 3941546                    /lib/x86_64-linux-gnu/ld-2.23.so
7ff084b55000-7ff084b56000 rw-p 00026000 08:12 3941546                    /lib/x86_64-linux-gnu/ld-2.23.so
7ff084b56000-7ff084b57000 rw-p 00000000 00:00 0 
7ffd29b20000-7ffd29b41000 rw-p 00000000 00:00 0                          [stack]
7ffd29bc8000-7ffd29bcb000 r--p 00000000 00:00 0                          [vvar]
7ffd29bcb000-7ffd29bcd000 r-xp 00000000 00:00 0                          [vdso]
ffffffffff600000-ffffffffff601000 r-xp 00000000 00:00 0                  [vsyscall]

VM Arguments:
jvm_args: -Dfile.encoding=UTF-8 
java_command: other.ConverterZeroTest
java_class_path (initial): /usr/local/jdk1.8.0_162/jre/lib/resources.jar:/usr/local/jdk1.8.0_162/jre/lib/rt.jar:/usr/local/jdk1.8.0_162/jre/lib/jsse.jar:/usr/local/jdk1.8.0_162/jre/lib/jce.jar:/usr/local/jdk1.8.0_162/jre/lib/charsets.jar:/usr/local/jdk1.8.0_162/jre/lib/jfr.jar:/usr/local/jdk1.8.0_162/jre/lib/ext/localedata.jar:/usr/local/jdk1.8.0_162/jre/lib/ext/cldrdata.jar:/usr/local/jdk1.8.0_162/jre/lib/ext/dnsns.jar:/usr/local/jdk1.8.0_162/jre/lib/ext/sunec.jar:/usr/local/jdk1.8.0_162/jre/lib/ext/jaccess.jar:/usr/local/jdk1.8.0_162/jre/lib/ext/zipfs.jar:/usr/local/jdk1.8.0_162/jre/lib/ext/nashorn.jar:/usr/local/jdk1.8.0_162/jre/lib/ext/jfxrt.jar:/usr/local/jdk1.8.0_162/jre/lib/ext/sunpkcs11.jar:/usr/local/jdk1.8.0_162/jre/lib/ext/sunjce_provider.jar:/home/clexma/Desktop/intern/workspace/OCAReach2QFPA/bin:/home/clexma/Desktop/intern/workspace/OCAReach2QFPA/lib/com.microsoft.z3.jar:/home/clexma/.p2/pool/plugins/org.junit_4.12.0.v201504281640/junit.jar
Launcher Type: SUN_STANDARD

Environment Variables:
JAVA_HOME=/usr/local/jdk1.8.0_162
PATH=/home/clexma/bin:/home/clexma/.local/bin:/usr/local/sbin:/usr/local/bin:/usr/sbin:/usr/bin:/sbin:/bin:/usr/games:/usr/local/games:/node-v8.12.0-linux-x64/bin:/snap/bin:/home/clexma/bin:/usr/local/jdk1.8.0_162/bin
SHELL=/bin/zsh
DISPLAY=:0

Signal Handlers:
SIGSEGV: [libjvm.so+0xad03c0], sa_mask[0]=11111111011111111101111111111110, sa_flags=SA_RESTART|SA_SIGINFO
SIGBUS: [libjvm.so+0xad03c0], sa_mask[0]=11111111011111111101111111111110, sa_flags=SA_RESTART|SA_SIGINFO
SIGFPE: [libjvm.so+0x928210], sa_mask[0]=11111111011111111101111111111110, sa_flags=SA_RESTART|SA_SIGINFO
SIGPIPE: [libjvm.so+0x928210], sa_mask[0]=11111111011111111101111111111110, sa_flags=SA_RESTART|SA_SIGINFO
SIGXFSZ: [libjvm.so+0x928210], sa_mask[0]=11111111011111111101111111111110, sa_flags=SA_RESTART|SA_SIGINFO
SIGILL: [libjvm.so+0x928210], sa_mask[0]=11111111011111111101111111111110, sa_flags=SA_RESTART|SA_SIGINFO
SIGUSR1: SIG_DFL, sa_mask[0]=00000000000000000000000000000000, sa_flags=none
SIGUSR2: [libjvm.so+0x929a70], sa_mask[0]=00100000000000000000000000000000, sa_flags=SA_RESTART|SA_SIGINFO
SIGHUP: [libjvm.so+0x92ae70], sa_mask[0]=11111111011111111101111111111110, sa_flags=SA_RESTART|SA_SIGINFO
SIGINT: [libjvm.so+0x92ae70], sa_mask[0]=11111111011111111101111111111110, sa_flags=SA_RESTART|SA_SIGINFO
SIGTERM: [libjvm.so+0x92ae70], sa_mask[0]=11111111011111111101111111111110, sa_flags=SA_RESTART|SA_SIGINFO
SIGQUIT: [libjvm.so+0x92ae70], sa_mask[0]=11111111011111111101111111111110, sa_flags=SA_RESTART|SA_SIGINFO


---------------  S Y S T E M  ---------------

OS:DISTRIB_ID=Ubuntu
DISTRIB_RELEASE=16.04
DISTRIB_CODENAME=xenial
DISTRIB_DESCRIPTION="Ubuntu 16.04.6 LTS"

uname:Linux 4.15.0-54-generic #58~16.04.1-Ubuntu SMP Mon Jun 24 13:21:41 UTC 2019 x86_64
libc:glibc 2.23 NPTL 2.23 
rlimit: STACK 8192k, CORE 0k, NPROC 30873, NOFILE 1048576, AS infinity
load average:1.44 1.58 1.06

/proc/meminfo:
MemTotal:        8039572 kB
MemFree:          871176 kB
MemAvailable:    2872168 kB
Buffers:          364304 kB
Cached:          2470056 kB
SwapCached:            0 kB
Active:          4848272 kB
Inactive:        1891388 kB
Active(anon):    3830668 kB
Inactive(anon):   819840 kB
Active(file):    1017604 kB
Inactive(file):  1071548 kB
Unevictable:        8512 kB
Mlocked:            8600 kB
SwapTotal:       8260604 kB
SwapFree:        8260604 kB
Dirty:              4128 kB
Writeback:             0 kB
AnonPages:       3911712 kB
Mapped:           935280 kB
Shmem:            826676 kB
Slab:             271376 kB
SReclaimable:     218536 kB
SUnreclaim:        52840 kB
KernelStack:       16776 kB
PageTables:        58444 kB
NFS_Unstable:          0 kB
Bounce:                0 kB
WritebackTmp:          0 kB
CommitLimit:    12280388 kB
Committed_AS:    9833796 kB
VmallocTotal:   34359738367 kB
VmallocUsed:           0 kB
VmallocChunk:          0 kB
HardwareCorrupted:     0 kB
AnonHugePages:         0 kB
ShmemHugePages:        0 kB
ShmemPmdMapped:        0 kB
CmaTotal:              0 kB
CmaFree:               0 kB
HugePages_Total:       0
HugePages_Free:        0
HugePages_Rsvd:        0
HugePages_Surp:        0
Hugepagesize:       2048 kB
DirectMap4k:      226148 kB
DirectMap2M:     5937152 kB
DirectMap1G:     3145728 kB


CPU:total 4 (initial active 4) (2 cores per cpu, 2 threads per core) family 6 model 61 stepping 4, cmov, cx8, fxsr, mmx, sse, sse2, sse3, ssse3, sse4.1, sse4.2, popcnt, avx, avx2, clmul, erms, 3dnowpref, lzcnt, ht, tsc, tscinvbit, bmi1, bmi2, adx

/proc/cpuinfo:
processor	: 0
vendor_id	: GenuineIntel
cpu family	: 6
model		: 61
model name	: Intel(R) Core(TM) i7-5500U CPU @ 2.40GHz
stepping	: 4
microcode	: 0x2d
cpu MHz		: 2928.615
cache size	: 4096 KB
physical id	: 0
siblings	: 4
core id		: 0
cpu cores	: 2
apicid		: 0
initial apicid	: 0
fpu		: yes
fpu_exception	: yes
cpuid level	: 20
wp		: yes
flags		: fpu vme de pse tsc msr pae mce cx8 apic sep mtrr pge mca cmov pat pse36 clflush dts acpi mmx fxsr sse sse2 ss ht tm pbe syscall nx pdpe1gb rdtscp lm constant_tsc arch_perfmon pebs bts rep_good nopl xtopology nonstop_tsc cpuid aperfmperf pni pclmulqdq dtes64 monitor ds_cpl vmx est tm2 ssse3 sdbg fma cx16 xtpr pdcm pcid sse4_1 sse4_2 x2apic movbe popcnt tsc_deadline_timer xsave avx f16c rdrand lahf_lm abm 3dnowprefetch cpuid_fault epb invpcid_single pti ssbd ibrs ibpb stibp tpr_shadow vnmi flexpriority ept vpid fsgsbase tsc_adjust bmi1 avx2 smep bmi2 erms invpcid rdseed adx smap intel_pt xsaveopt dtherm ida arat pln pts md_clear flush_l1d
bugs		: cpu_meltdown spectre_v1 spectre_v2 spec_store_bypass l1tf mds
bogomips	: 4788.82
clflush size	: 64
cache_alignment	: 64
address sizes	: 39 bits physical, 48 bits virtual
power management:

processor	: 1
vendor_id	: GenuineIntel
cpu family	: 6
model		: 61
model name	: Intel(R) Core(TM) i7-5500U CPU @ 2.40GHz
stepping	: 4
microcode	: 0x2d
cpu MHz		: 2941.835
cache size	: 4096 KB
physical id	: 0
siblings	: 4
core id		: 0
cpu cores	: 2
apicid		: 1
initial apicid	: 1
fpu		: yes
fpu_exception	: yes
cpuid level	: 20
wp		: yes
flags		: fpu vme de pse tsc msr pae mce cx8 apic sep mtrr pge mca cmov pat pse36 clflush dts acpi mmx fxsr sse sse2 ss ht tm pbe syscall nx pdpe1gb rdtscp lm constant_tsc arch_perfmon pebs bts rep_good nopl xtopology nonstop_tsc cpuid aperfmperf pni pclmulqdq dtes64 monitor ds_cpl vmx est tm2 ssse3 sdbg fma cx16 xtpr pdcm pcid sse4_1 sse4_2 x2apic movbe popcnt tsc_deadline_timer xsave avx f16c rdrand lahf_lm abm 3dnowprefetch cpuid_fault epb invpcid_single pti ssbd ibrs ibpb stibp tpr_shadow vnmi flexpriority ept vpid fsgsbase tsc_adjust bmi1 avx2 smep bmi2 erms invpcid rdseed adx smap intel_pt xsaveopt dtherm ida arat pln pts md_clear flush_l1d
bugs		: cpu_meltdown spectre_v1 spectre_v2 spec_store_bypass l1tf mds
bogomips	: 4788.82
clflush size	: 64
cache_alignment	: 64
address sizes	: 39 bits physical, 48 bits virtual
power management:

processor	: 2
vendor_id	: GenuineIntel
cpu family	: 6
model		: 61
model name	: Intel(R) Core(TM) i7-5500U CPU @ 2.40GHz
stepping	: 4
microcode	: 0x2d
cpu MHz		: 2893.251
cache size	: 4096 KB
physical id	: 0
siblings	: 4
core id		: 1
cpu cores	: 2
apicid		: 2
initial apicid	: 2
fpu		: yes
fpu_exception	: yes
cpuid level	: 20
wp		: yes
flags		: fpu vme de pse tsc msr pae mce cx8 apic sep mtrr pge mca cmov pat pse36 clflush dts acpi mmx fxsr sse sse2 ss ht tm pbe syscall nx pdpe1gb rdtscp lm constant_tsc arch_perfmon pebs bts rep_good nopl xtopology nonstop_tsc cpuid aperfmperf pni pclmulqdq dtes64 monitor ds_cpl vmx est tm2 ssse3 sdbg fma cx16 xtpr pdcm pcid sse4_1 sse4_2 x2apic movbe popcnt tsc_deadline_timer xsave avx f16c rdrand lahf_lm abm 3dnowprefetch cpuid_fault epb invpcid_single pti ssbd ibrs ibpb stibp tpr_shadow vnmi flexpriority ept vpid fsgsbase tsc_adjust bmi1 avx2 smep bmi2 erms invpcid rdseed adx smap intel_pt xsaveopt dtherm ida arat pln pts md_clear flush_l1d
bugs		: cpu_meltdown spectre_v1 spectre_v2 spec_store_bypass l1tf mds
bogomips	: 4788.82
clflush size	: 64
cache_alignment	: 64
address sizes	: 39 bits physical, 48 bits virtual
power management:

processor	: 3
vendor_id	: GenuineIntel
cpu family	: 6
model		: 61
model name	: Intel(R) Core(TM) i7-5500U CPU @ 2.40GHz
stepping	: 4
microcode	: 0x2d
cpu MHz		: 2893.249
cache size	: 4096 KB
physical id	: 0
siblings	: 4
core id		: 1
cpu cores	: 2
apicid		: 3
initial apicid	: 3
fpu		: yes
fpu_exception	: yes
cpuid level	: 20
wp		: yes
flags		: fpu vme de pse tsc msr pae mce cx8 apic sep mtrr pge mca cmov pat pse36 clflush dts acpi mmx fxsr sse sse2 ss ht tm pbe syscall nx pdpe1gb rdtscp lm constant_tsc arch_perfmon pebs bts rep_good nopl xtopology nonstop_tsc cpuid aperfmperf pni pclmulqdq dtes64 monitor ds_cpl vmx est tm2 ssse3 sdbg fma cx16 xtpr pdcm pcid sse4_1 sse4_2 x2apic movbe popcnt tsc_deadline_timer xsave avx f16c rdrand lahf_lm abm 3dnowprefetch cpuid_fault epb invpcid_single pti ssbd ibrs ibpb stibp tpr_shadow vnmi flexpriority ept vpid fsgsbase tsc_adjust bmi1 avx2 smep bmi2 erms invpcid rdseed adx smap intel_pt xsaveopt dtherm ida arat pln pts md_clear flush_l1d
bugs		: cpu_meltdown spectre_v1 spectre_v2 spec_store_bypass l1tf mds
bogomips	: 4788.82
clflush size	: 64
cache_alignment	: 64
address sizes	: 39 bits physical, 48 bits virtual
power management:



Memory: 4k page, physical 8039572k(870896k free), swap 8260604k(8260604k free)

vm_info: Java HotSpot(TM) 64-Bit Server VM (25.162-b12) for linux-amd64 JRE (1.8.0_162-b12), built on Dec 19 2017 21:15:48 by "java_re" with gcc 4.3.0 20080428 (Red Hat 4.3.0-8)

time: Thu Jul  4 14:28:29 2019
elapsed time: 0 seconds (0d 0h 0m 0s)

