#
# A fatal error has been detected by the Java Runtime Environment:
#
#  SIGSEGV (0xb) at pc=0x00007febf66f8c6c, pid=14179, tid=0x00007fec1d5a4700
#
# JRE version: Java(TM) SE Runtime Environment (8.0_162-b12) (build 1.8.0_162-b12)
# Java VM: Java HotSpot(TM) 64-Bit Server VM (25.162-b12 mixed mode linux-amd64 compressed oops)
# Problematic frame:
# C  [libz3.so+0xdcc6c]  Z3_mk_quantifier_const_ex+0xec
#
# Failed to write core dump. Core dumps have been disabled. To enable core dumping, try "ulimit -c unlimited" before starting Java again
#
# If you would like to submit a bug report, please visit:
#   http://bugreport.java.com/bugreport/crash.jsp
# The crash happened outside the Java Virtual Machine in native code.
# See problematic frame for where to report the bug.
#

---------------  T H R E A D  ---------------

Current thread (0x00007fec1400b000):  JavaThread "main" [_thread_in_native, id=14185, stack(0x00007fec1d4a4000,0x00007fec1d5a5000)]

siginfo: si_signo: 11 (SIGSEGV), si_code: 1 (SEGV_MAPERR), si_addr: 0x0000000000000004

Registers:
RAX=0x0000000000000000, RBX=0x0000000000000000, RCX=0x0000000000000002, RDX=0x0000000000000001
RSP=0x00007fec1d5a31b0, RBP=0x00007fec1d5a3350, RSI=0x0000000000000000, RDI=0x0000000000000000
R8 =0x0000000000000000, R9 =0x0000000000000002, R10=0x0000000000000313, R11=0x00007febf66f8b80
R12=0x0000000000000001, R13=0x00007fec1d5a34e0, R14=0x00007fec141f8f68, R15=0x00007fec141f2410
RIP=0x00007febf66f8c6c, EFLAGS=0x0000000000010202, CSGSFS=0x002b000000000033, ERR=0x0000000000000004
  TRAPNO=0x000000000000000e

Top of Stack: (sp=0x00007fec1d5a31b0)
0x00007fec1d5a31b0:   00b7597100bb0b00 00007fec141f8f68
0x00007fec1d5a31c0:   0000000000000000 0000000000000000
0x00007fec1d5a31d0:   0000000000000001 0000000000000000
0x00007fec1d5a31e0:   0000000000000000 00000000000000b8
0x00007fec1d5a31f0:   0000000000000000 0000000000000002
0x00007fec1d5a3200:   00007fec141e8698 0000000000000000
0x00007fec1d5a3210:   0000000000000000 0000000000000000
0x00007fec1d5a3220:   0000000000000000 0000000000000000
0x00007fec1d5a3230:   0000000000000000 0000000000000000
0x00007fec1d5a3240:   0000000000000000 0000000000000000
0x00007fec1d5a3250:   0000000000000000 0000000000000000
0x00007fec1d5a3260:   0000000000000000 0000000000000000
0x00007fec1d5a3270:   0000000000000000 0000000000000000
0x00007fec1d5a3280:   0000000000000000 0000000000000000
0x00007fec1d5a3290:   0000000000000000 0000000000000000
0x00007fec1d5a32a0:   0000000000000000 0000000000000000
0x00007fec1d5a32b0:   0000000000000000 0000000000000000
0x00007fec1d5a32c0:   0000000000000000 0000000000000000
0x00007fec1d5a32d0:   0000000000000000 0000000000000000
0x00007fec1d5a32e0:   0000000000000000 0000000000000000
0x00007fec1d5a32f0:   0000000000000000 0000000000000000
0x00007fec1d5a3300:   0000000000000000 0000000000000000
0x00007fec1d5a3310:   0000000000000000 a3e51949f723ba00
0x00007fec1d5a3320:   0000000000000000 00007fec1400b1f8
0x00007fec1d5a3330:   0000000000000001 00007fec1d5a34e0
0x00007fec1d5a3340:   00007fec141f8f68 00007fec141f2410
0x00007fec1d5a3350:   0000000000000000 00007febf66f9f65
0x00007fec1d5a3360:   00007fec141f2410 0000000000000000
0x00007fec1d5a3370:   0000000000000000 0000000000000000
0x00007fec1d5a3380:   0000000000000000 00007fec141f8f68
0x00007fec1d5a3390:   0000000000000003 00007febf7befb9b
0x00007fec1d5a33a0:   0000000000000000 00007fec141f8f68 

Instructions: (pc=0x00007febf66f8c6c)
0x00007febf66f8c4c:   85 ff 74 0b 8b 75 28 85 f6 0f 85 a5 01 00 00 8b
0x00007febf66f8c5c:   8d a8 fe ff ff 85 c9 0f 84 6f 03 00 00 49 8b 1f
0x00007febf66f8c6c:   66 83 7b 04 00 0f 85 eb 0b 00 00 8b 85 a8 fe ff
0x00007febf66f8c7c:   ff 4d 8d 67 08 48 c7 85 c8 fe ff ff 00 00 00 00 

Register to memory mapping:

RAX=0x0000000000000000 is an unknown value
RBX=0x0000000000000000 is an unknown value
RCX=0x0000000000000002 is an unknown value
RDX=0x0000000000000001 is an unknown value
RSP=0x00007fec1d5a31b0 is pointing into the stack for thread: 0x00007fec1400b000
RBP=0x00007fec1d5a3350 is pointing into the stack for thread: 0x00007fec1400b000
RSI=0x0000000000000000 is an unknown value
RDI=0x0000000000000000 is an unknown value
R8 =0x0000000000000000 is an unknown value
R9 =0x0000000000000002 is an unknown value
R10=0x0000000000000313 is an unknown value
R11=0x00007febf66f8b80: Z3_mk_quantifier_const_ex+0 in /usr/lib/libz3.so at 0x00007febf661c000
R12=0x0000000000000001 is an unknown value
R13=0x00007fec1d5a34e0 is pointing into the stack for thread: 0x00007fec1400b000
R14=0x00007fec141f8f68 is an unknown value
R15=0x00007fec141f2410 is an unknown value


Stack: [0x00007fec1d4a4000,0x00007fec1d5a5000],  sp=0x00007fec1d5a31b0,  free space=1020k
Native frames: (J=compiled Java code, j=interpreted, Vv=VM code, C=native code)
C  [libz3.so+0xdcc6c]  Z3_mk_quantifier_const_ex+0xec
C  [libz3.so+0xddf65]  Z3_mk_quantifier_const+0x25

Java frames: (J=compiled Java code, j=interpreted, Vv=VM code)
j  com.microsoft.z3.Native.INTERNALmkQuantifierConst(JZII[JI[JJ)J+0
j  com.microsoft.z3.Native.mkQuantifierConst(JZII[JI[JJ)J+13
j  com.microsoft.z3.Quantifier.of(Lcom/microsoft/z3/Context;Z[Lcom/microsoft/z3/Expr;Lcom/microsoft/z3/Expr;I[Lcom/microsoft/z3/Pattern;[Lcom/microsoft/z3/Expr;Lcom/microsoft/z3/Symbol;Lcom/microsoft/z3/Symbol;)Lcom/microsoft/z3/Quantifier;+61
j  com.microsoft.z3.Context.mkExists([Lcom/microsoft/z3/Expr;Lcom/microsoft/z3/Expr;I[Lcom/microsoft/z3/Pattern;[Lcom/microsoft/z3/Expr;Lcom/microsoft/z3/Symbol;Lcom/microsoft/z3/Symbol;)Lcom/microsoft/z3/Quantifier;+13
j  formula.generator.QFPAGenerator.mkExistsQuantifier([Lcom/microsoft/z3/IntExpr;Lcom/microsoft/z3/Expr;)Lcom/microsoft/z3/Expr;+11
j  ocareach.ConverterZero.genZTPathForm(Lgraph/directed/zerograph/ZTPath;Lcom/microsoft/z3/IntExpr;Lcom/microsoft/z3/IntExpr;)Lcom/microsoft/z3/BoolExpr;+429
j  ocareach.ConverterZero.convertZero(Lautomata/State;Lautomata/State;)Ljava/lang/String;+170
j  ocareach.ConverterZero.convert()Ljava/lang/String;+25
j  other.ConverterZeroTest.main([Ljava/lang/String;)V+113
v  ~StubRoutines::call_stub

---------------  P R O C E S S  ---------------

Java Threads: ( => current thread )
  0x00007fec140c2000 JavaThread "Service Thread" daemon [_thread_blocked, id=14197, stack(0x00007febf7eff000,0x00007febf8000000)]
  0x00007fec140bf000 JavaThread "C1 CompilerThread2" daemon [_thread_blocked, id=14196, stack(0x00007febfc09e000,0x00007febfc19f000)]
  0x00007fec140bd000 JavaThread "C2 CompilerThread1" daemon [_thread_blocked, id=14195, stack(0x00007febfc19f000,0x00007febfc2a0000)]
  0x00007fec140ba000 JavaThread "C2 CompilerThread0" daemon [_thread_blocked, id=14194, stack(0x00007fec04028000,0x00007fec04129000)]
  0x00007fec140b8800 JavaThread "Signal Dispatcher" daemon [_thread_blocked, id=14193, stack(0x00007fec04129000,0x00007fec0422a000)]
  0x00007fec14085000 JavaThread "Finalizer" daemon [_thread_blocked, id=14192, stack(0x00007fec046b5000,0x00007fec047b6000)]
  0x00007fec14080800 JavaThread "Reference Handler" daemon [_thread_blocked, id=14191, stack(0x00007fec047b6000,0x00007fec048b7000)]
=>0x00007fec1400b000 JavaThread "main" [_thread_in_native, id=14185, stack(0x00007fec1d4a4000,0x00007fec1d5a5000)]

Other Threads:
  0x00007fec14078800 VMThread [stack: 0x00007fec048b7000,0x00007fec049b8000] [id=14190]
  0x00007fec140c6800 WatcherThread [stack: 0x00007febf7dfe000,0x00007febf7eff000] [id=14198]

VM state:not at safepoint (normal execution)

VM Mutex/Monitor currently owned by a thread: None

Heap:
 PSYoungGen      total 36864K, used 3809K [0x00000000d7180000, 0x00000000d9a80000, 0x0000000100000000)
  eden space 31744K, 12% used [0x00000000d7180000,0x00000000d7538600,0x00000000d9080000)
  from space 5120K, 0% used [0x00000000d9580000,0x00000000d9580000,0x00000000d9a80000)
  to   space 5120K, 0% used [0x00000000d9080000,0x00000000d9080000,0x00000000d9580000)
 ParOldGen       total 84992K, used 0K [0x0000000085400000, 0x000000008a700000, 0x00000000d7180000)
  object space 84992K, 0% used [0x0000000085400000,0x0000000085400000,0x000000008a700000)
 Metaspace       used 3958K, capacity 5464K, committed 5760K, reserved 1056768K
  class space    used 430K, capacity 520K, committed 640K, reserved 1048576K

Card table byte_map: [0x00007fec19e6c000,0x00007fec1a243000] byte_map_base: 0x00007fec19a42000

Marking Bits: (ParMarkBitMap*) 0x00007fec1c97aca0
 Begin Bits: [0x00007febfc2a0000, 0x00007febfe150000)
 End Bits:   [0x00007febfe150000, 0x00007fec00000000)

Polling page: 0x00007fec1d5cd000

CodeCache: size=245760Kb used=1396Kb max_used=1396Kb free=244364Kb
 bounds [0x00007fec05000000, 0x00007fec05270000, 0x00007fec14000000]
 total_blobs=450 nmethods=159 adapters=205
 compilation: enabled

Compilation events (10 events):
Event: 0.225 Thread 0x00007fec140bf000  153       3       java.nio.ByteBuffer::arrayOffset (35 bytes)
Event: 0.225 Thread 0x00007fec140bf000 nmethod 153 0x00007fec0515ba50 code [0x00007fec0515bbe0, 0x00007fec0515be98]
Event: 0.225 Thread 0x00007fec140bf000  154       1       com.microsoft.z3.Z3Object::getContext (5 bytes)
Event: 0.225 Thread 0x00007fec140bf000 nmethod 154 0x00007fec0515bfd0 code [0x00007fec0515c120, 0x00007fec0515c230]
Event: 0.226 Thread 0x00007fec140bf000  155       3       java.lang.Integer::valueOf (32 bytes)
Event: 0.226 Thread 0x00007fec140bf000 nmethod 155 0x00007fec0515c290 code [0x00007fec0515c420, 0x00007fec0515c770]
Event: 0.226 Thread 0x00007fec140bf000  156       3       java.lang.Integer::hashCode (8 bytes)
Event: 0.226 Thread 0x00007fec140bf000 nmethod 156 0x00007fec0515c910 code [0x00007fec0515ca80, 0x00007fec0515cc30]
Event: 0.226 Thread 0x00007fec140bf000  157       3       java.lang.Integer::hashCode (2 bytes)
Event: 0.226 Thread 0x00007fec140bf000 nmethod 157 0x00007fec0515d090 code [0x00007fec0515d1e0, 0x00007fec0515d310]

GC Heap History (0 events):
No events

Deoptimization events (0 events):
No events

Classes redefined (0 events):
No events

Internal exceptions (2 events):
Event: 0.021 Thread 0x00007fec1400b000 Exception <a 'java/lang/NoSuchMethodError': Method sun.misc.Unsafe.defineClass(Ljava/lang/String;[BII)Ljava/lang/Class; name or signature does not match> (0x00000000d7187ca0) thrown at [/HUDSON/workspace/8-2-build-linux-amd64/jdk8u162/10278/hotspot/src/sh
Event: 0.021 Thread 0x00007fec1400b000 Exception <a 'java/lang/NoSuchMethodError': Method sun.misc.Unsafe.prefetchRead(Ljava/lang/Object;J)V name or signature does not match> (0x00000000d7187f88) thrown at [/HUDSON/workspace/8-2-build-linux-amd64/jdk8u162/10278/hotspot/src/share/vm/prims/jni.c

Events (10 events):
Event: 0.220 loading class table/dwt/DWTEntry
Event: 0.220 loading class table/dwt/DWTEntry done
Event: 0.221 loading class graph/directed/abs/LoopTag
Event: 0.221 loading class graph/directed/abs/LoopTag done
Event: 0.221 loading class graph/directed/abs/ASDGPath
Event: 0.221 loading class graph/directed/abs/ASDGPath done
Event: 0.223 loading class graph/directed/DGPath
Event: 0.223 loading class graph/directed/DGPath done
Event: 0.226 loading class com/microsoft/z3/Pattern
Event: 0.226 loading class com/microsoft/z3/Pattern done


Dynamic libraries:
00400000-00401000 r-xp 00000000 08:12 1328075                            /usr/local/jdk1.8.0_162/bin/java
00600000-00601000 rw-p 00000000 08:12 1328075                            /usr/local/jdk1.8.0_162/bin/java
0082e000-0084f000 rw-p 00000000 00:00 0                                  [heap]
85400000-8a700000 rw-p 00000000 00:00 0 
8a700000-d7180000 ---p 00000000 00:00 0 
d7180000-d9a80000 rw-p 00000000 00:00 0 
d9a80000-100000000 ---p 00000000 00:00 0 
100000000-1000a0000 rw-p 00000000 00:00 0 
1000a0000-140000000 ---p 00000000 00:00 0 
7febc8000000-7febc8021000 rw-p 00000000 00:00 0 
7febc8021000-7febcc000000 ---p 00000000 00:00 0 
7febcc000000-7febcc021000 rw-p 00000000 00:00 0 
7febcc021000-7febd0000000 ---p 00000000 00:00 0 
7febd0000000-7febd0056000 rw-p 00000000 00:00 0 
7febd0056000-7febd4000000 ---p 00000000 00:00 0 
7febd4000000-7febd4143000 rw-p 00000000 00:00 0 
7febd4143000-7febd8000000 ---p 00000000 00:00 0 
7febd8000000-7febd8021000 rw-p 00000000 00:00 0 
7febd8021000-7febdc000000 ---p 00000000 00:00 0 
7febdc000000-7febdc0c2000 rw-p 00000000 00:00 0 
7febdc0c2000-7febe0000000 ---p 00000000 00:00 0 
7febe0000000-7febe0021000 rw-p 00000000 00:00 0 
7febe0021000-7febe4000000 ---p 00000000 00:00 0 
7febe4000000-7febe4021000 rw-p 00000000 00:00 0 
7febe4021000-7febe8000000 ---p 00000000 00:00 0 
7febe8000000-7febe8021000 rw-p 00000000 00:00 0 
7febe8021000-7febec000000 ---p 00000000 00:00 0 
7febec000000-7febec021000 rw-p 00000000 00:00 0 
7febec021000-7febf0000000 ---p 00000000 00:00 0 
7febf0000000-7febf0021000 rw-p 00000000 00:00 0 
7febf0021000-7febf4000000 ---p 00000000 00:00 0 
7febf5e62000-7febf5e78000 r-xp 00000000 08:12 3936818                    /lib/x86_64-linux-gnu/libgcc_s.so.1
7febf5e78000-7febf6077000 ---p 00016000 08:12 3936818                    /lib/x86_64-linux-gnu/libgcc_s.so.1
7febf6077000-7febf6078000 rw-p 00015000 08:12 3936818                    /lib/x86_64-linux-gnu/libgcc_s.so.1
7febf6078000-7febf6099000 r-xp 00000000 08:12 1316011                    /usr/lib/x86_64-linux-gnu/libgomp.so.1.0.0
7febf6099000-7febf6298000 ---p 00021000 08:12 1316011                    /usr/lib/x86_64-linux-gnu/libgomp.so.1.0.0
7febf6298000-7febf6299000 r--p 00020000 08:12 1316011                    /usr/lib/x86_64-linux-gnu/libgomp.so.1.0.0
7febf6299000-7febf629a000 rw-p 00021000 08:12 1316011                    /usr/lib/x86_64-linux-gnu/libgomp.so.1.0.0
7febf629a000-7febf640c000 r-xp 00000000 08:12 1317647                    /usr/lib/x86_64-linux-gnu/libstdc++.so.6.0.21
7febf640c000-7febf660c000 ---p 00172000 08:12 1317647                    /usr/lib/x86_64-linux-gnu/libstdc++.so.6.0.21
7febf660c000-7febf6616000 r--p 00172000 08:12 1317647                    /usr/lib/x86_64-linux-gnu/libstdc++.so.6.0.21
7febf6616000-7febf6618000 rw-p 0017c000 08:12 1317647                    /usr/lib/x86_64-linux-gnu/libstdc++.so.6.0.21
7febf6618000-7febf661c000 rw-p 00000000 00:00 0 
7febf661c000-7febf79aa000 r-xp 00000000 08:12 1326236                    /usr/lib/libz3.so
7febf79aa000-7febf7baa000 ---p 0138e000 08:12 1326236                    /usr/lib/libz3.so
7febf7baa000-7febf7bcc000 r--p 0138e000 08:12 1326236                    /usr/lib/libz3.so
7febf7bcc000-7febf7bcf000 rw-p 013b0000 08:12 1326236                    /usr/lib/libz3.so
7febf7bcf000-7febf7bd0000 rw-p 00000000 00:00 0 
7febf7bd0000-7febf7bfb000 r-xp 00000000 08:12 1326238                    /usr/lib/libz3java.so
7febf7bfb000-7febf7dfb000 ---p 0002b000 08:12 1326238                    /usr/lib/libz3java.so
7febf7dfb000-7febf7dfc000 r--p 0002b000 08:12 1326238                    /usr/lib/libz3java.so
7febf7dfc000-7febf7dfe000 rw-p 0002c000 08:12 1326238                    /usr/lib/libz3java.so
7febf7dfe000-7febf7dff000 ---p 00000000 00:00 0 
7febf7dff000-7febf7eff000 rw-p 00000000 00:00 0 
7febf7eff000-7febf7f02000 ---p 00000000 00:00 0 
7febf7f02000-7febf8000000 rw-p 00000000 00:00 0 
7febf8000000-7febf8021000 rw-p 00000000 00:00 0 
7febf8021000-7febfc000000 ---p 00000000 00:00 0 
7febfc008000-7febfc09e000 r--s 0110a000 08:12 3150950                    /usr/local/jdk1.8.0_162/jre/lib/ext/jfxrt.jar
7febfc09e000-7febfc0a1000 ---p 00000000 00:00 0 
7febfc0a1000-7febfc19f000 rw-p 00000000 00:00 0 
7febfc19f000-7febfc1a2000 ---p 00000000 00:00 0 
7febfc1a2000-7fec00000000 rw-p 00000000 00:00 0 
7fec00000000-7fec00021000 rw-p 00000000 00:00 0 
7fec00021000-7fec04000000 ---p 00000000 00:00 0 
7fec04028000-7fec0402b000 ---p 00000000 00:00 0 
7fec0402b000-7fec04129000 rw-p 00000000 00:00 0 
7fec04129000-7fec0412c000 ---p 00000000 00:00 0 
7fec0412c000-7fec0422a000 rw-p 00000000 00:00 0 
7fec0422a000-7fec046b5000 r--p 00000000 08:12 1313896                    /usr/lib/locale/locale-archive
7fec046b5000-7fec046b8000 ---p 00000000 00:00 0 
7fec046b8000-7fec047b6000 rw-p 00000000 00:00 0 
7fec047b6000-7fec047b9000 ---p 00000000 00:00 0 
7fec047b9000-7fec048b7000 rw-p 00000000 00:00 0 
7fec048b7000-7fec048b8000 ---p 00000000 00:00 0 
7fec048b8000-7fec05000000 rw-p 00000000 00:00 0 
7fec05000000-7fec05270000 rwxp 00000000 00:00 0 
7fec05270000-7fec14000000 ---p 00000000 00:00 0 
7fec14000000-7fec143db000 rw-p 00000000 00:00 0 
7fec143db000-7fec18000000 ---p 00000000 00:00 0 
7fec18012000-7fec18015000 r--s 00027000 08:12 5521420                    /home/clexma/Desktop/intern/workspace/OCAReach2QFPA/lib/com.microsoft.z3.jar
7fec18015000-7fec1801a000 r--s 00084000 08:12 2508504                    /usr/local/jdk1.8.0_162/jre/lib/jfr.jar
7fec1801a000-7fec189b4000 rw-p 00000000 00:00 0 
7fec189b4000-7fec18b8d000 r--s 03d65000 08:12 2508527                    /usr/local/jdk1.8.0_162/jre/lib/rt.jar
7fec18b8d000-7fec19103000 rw-p 00000000 00:00 0 
7fec19103000-7fec19403000 ---p 00000000 00:00 0 
7fec19403000-7fec197d9000 rw-p 00000000 00:00 0 
7fec197d9000-7fec197da000 ---p 00000000 00:00 0 
7fec197da000-7fec198da000 rw-p 00000000 00:00 0 
7fec198da000-7fec198db000 ---p 00000000 00:00 0 
7fec198db000-7fec199db000 rw-p 00000000 00:00 0 
7fec199db000-7fec199dc000 ---p 00000000 00:00 0 
7fec199dc000-7fec19adc000 rw-p 00000000 00:00 0 
7fec19adc000-7fec19add000 ---p 00000000 00:00 0 
7fec19add000-7fec19c07000 rw-p 00000000 00:00 0 
7fec19c07000-7fec19e6c000 ---p 00000000 00:00 0 
7fec19e6c000-7fec19e96000 rw-p 00000000 00:00 0 
7fec19e96000-7fec1a0fa000 ---p 00000000 00:00 0 
7fec1a0fa000-7fec1a110000 rw-p 00000000 00:00 0 
7fec1a110000-7fec1a242000 ---p 00000000 00:00 0 
7fec1a242000-7fec1a24d000 rw-p 00000000 00:00 0 
7fec1a24d000-7fec1a603000 ---p 00000000 00:00 0 
7fec1a603000-7fec1a61e000 r-xp 00000000 08:12 3542971                    /usr/local/jdk1.8.0_162/jre/lib/amd64/libzip.so
7fec1a61e000-7fec1a81e000 ---p 0001b000 08:12 3542971                    /usr/local/jdk1.8.0_162/jre/lib/amd64/libzip.so
7fec1a81e000-7fec1a81f000 rw-p 0001b000 08:12 3542971                    /usr/local/jdk1.8.0_162/jre/lib/amd64/libzip.so
7fec1a81f000-7fec1a82a000 r-xp 00000000 08:12 3941570                    /lib/x86_64-linux-gnu/libnss_files-2.23.so
7fec1a82a000-7fec1aa29000 ---p 0000b000 08:12 3941570                    /lib/x86_64-linux-gnu/libnss_files-2.23.so
7fec1aa29000-7fec1aa2a000 r--p 0000a000 08:12 3941570                    /lib/x86_64-linux-gnu/libnss_files-2.23.so
7fec1aa2a000-7fec1aa2b000 rw-p 0000b000 08:12 3941570                    /lib/x86_64-linux-gnu/libnss_files-2.23.so
7fec1aa2b000-7fec1aa31000 rw-p 00000000 00:00 0 
7fec1aa31000-7fec1aa3c000 r-xp 00000000 08:12 3941554                    /lib/x86_64-linux-gnu/libnss_nis-2.23.so
7fec1aa3c000-7fec1ac3b000 ---p 0000b000 08:12 3941554                    /lib/x86_64-linux-gnu/libnss_nis-2.23.so
7fec1ac3b000-7fec1ac3c000 r--p 0000a000 08:12 3941554                    /lib/x86_64-linux-gnu/libnss_nis-2.23.so
7fec1ac3c000-7fec1ac3d000 rw-p 0000b000 08:12 3941554                    /lib/x86_64-linux-gnu/libnss_nis-2.23.so
7fec1ac3d000-7fec1ac53000 r-xp 00000000 08:12 3941565                    /lib/x86_64-linux-gnu/libnsl-2.23.so
7fec1ac53000-7fec1ae52000 ---p 00016000 08:12 3941565                    /lib/x86_64-linux-gnu/libnsl-2.23.so
7fec1ae52000-7fec1ae53000 r--p 00015000 08:12 3941565                    /lib/x86_64-linux-gnu/libnsl-2.23.so
7fec1ae53000-7fec1ae54000 rw-p 00016000 08:12 3941565                    /lib/x86_64-linux-gnu/libnsl-2.23.so
7fec1ae54000-7fec1ae56000 rw-p 00000000 00:00 0 
7fec1ae56000-7fec1ae5e000 r-xp 00000000 08:12 3941578                    /lib/x86_64-linux-gnu/libnss_compat-2.23.so
7fec1ae5e000-7fec1b05d000 ---p 00008000 08:12 3941578                    /lib/x86_64-linux-gnu/libnss_compat-2.23.so
7fec1b05d000-7fec1b05e000 r--p 00007000 08:12 3941578                    /lib/x86_64-linux-gnu/libnss_compat-2.23.so
7fec1b05e000-7fec1b05f000 rw-p 00008000 08:12 3941578                    /lib/x86_64-linux-gnu/libnss_compat-2.23.so
7fec1b05f000-7fec1b08a000 r-xp 00000000 08:12 3542965                    /usr/local/jdk1.8.0_162/jre/lib/amd64/libjava.so
7fec1b08a000-7fec1b289000 ---p 0002b000 08:12 3542965                    /usr/local/jdk1.8.0_162/jre/lib/amd64/libjava.so
7fec1b289000-7fec1b28b000 rw-p 0002a000 08:12 3542965                    /usr/local/jdk1.8.0_162/jre/lib/amd64/libjava.so
7fec1b28b000-7fec1b298000 r-xp 00000000 08:12 3542970                    /usr/local/jdk1.8.0_162/jre/lib/amd64/libverify.so
7fec1b298000-7fec1b498000 ---p 0000d000 08:12 3542970                    /usr/local/jdk1.8.0_162/jre/lib/amd64/libverify.so
7fec1b498000-7fec1b49a000 rw-p 0000d000 08:12 3542970                    /usr/local/jdk1.8.0_162/jre/lib/amd64/libverify.so
7fec1b49a000-7fec1b4a1000 r-xp 00000000 08:12 3941539                    /lib/x86_64-linux-gnu/librt-2.23.so
7fec1b4a1000-7fec1b6a0000 ---p 00007000 08:12 3941539                    /lib/x86_64-linux-gnu/librt-2.23.so
7fec1b6a0000-7fec1b6a1000 r--p 00006000 08:12 3941539                    /lib/x86_64-linux-gnu/librt-2.23.so
7fec1b6a1000-7fec1b6a2000 rw-p 00007000 08:12 3941539                    /lib/x86_64-linux-gnu/librt-2.23.so
7fec1b6a2000-7fec1b7aa000 r-xp 00000000 08:12 3941580                    /lib/x86_64-linux-gnu/libm-2.23.so
7fec1b7aa000-7fec1b9a9000 ---p 00108000 08:12 3941580                    /lib/x86_64-linux-gnu/libm-2.23.so
7fec1b9a9000-7fec1b9aa000 r--p 00107000 08:12 3941580                    /lib/x86_64-linux-gnu/libm-2.23.so
7fec1b9aa000-7fec1b9ab000 rw-p 00108000 08:12 3941580                    /lib/x86_64-linux-gnu/libm-2.23.so
7fec1b9ab000-7fec1c684000 r-xp 00000000 08:12 3542947                    /usr/local/jdk1.8.0_162/jre/lib/amd64/server/libjvm.so
7fec1c684000-7fec1c883000 ---p 00cd9000 08:12 3542947                    /usr/local/jdk1.8.0_162/jre/lib/amd64/server/libjvm.so
7fec1c883000-7fec1c95d000 rw-p 00cd8000 08:12 3542947                    /usr/local/jdk1.8.0_162/jre/lib/amd64/server/libjvm.so
7fec1c95d000-7fec1c9a8000 rw-p 00000000 00:00 0 
7fec1c9a8000-7fec1cb68000 r-xp 00000000 08:12 3941576                    /lib/x86_64-linux-gnu/libc-2.23.so
7fec1cb68000-7fec1cd68000 ---p 001c0000 08:12 3941576                    /lib/x86_64-linux-gnu/libc-2.23.so
7fec1cd68000-7fec1cd6c000 r--p 001c0000 08:12 3941576                    /lib/x86_64-linux-gnu/libc-2.23.so
7fec1cd6c000-7fec1cd6e000 rw-p 001c4000 08:12 3941576                    /lib/x86_64-linux-gnu/libc-2.23.so
7fec1cd6e000-7fec1cd72000 rw-p 00000000 00:00 0 
7fec1cd72000-7fec1cd75000 r-xp 00000000 08:12 3941544                    /lib/x86_64-linux-gnu/libdl-2.23.so
7fec1cd75000-7fec1cf74000 ---p 00003000 08:12 3941544                    /lib/x86_64-linux-gnu/libdl-2.23.so
7fec1cf74000-7fec1cf75000 r--p 00002000 08:12 3941544                    /lib/x86_64-linux-gnu/libdl-2.23.so
7fec1cf75000-7fec1cf76000 rw-p 00003000 08:12 3941544                    /lib/x86_64-linux-gnu/libdl-2.23.so
7fec1cf76000-7fec1cf8c000 r-xp 00000000 08:12 1450668                    /usr/local/jdk1.8.0_162/lib/amd64/jli/libjli.so
7fec1cf8c000-7fec1d18b000 ---p 00016000 08:12 1450668                    /usr/local/jdk1.8.0_162/lib/amd64/jli/libjli.so
7fec1d18b000-7fec1d18c000 rw-p 00015000 08:12 1450668                    /usr/local/jdk1.8.0_162/lib/amd64/jli/libjli.so
7fec1d18c000-7fec1d1a4000 r-xp 00000000 08:12 3941548                    /lib/x86_64-linux-gnu/libpthread-2.23.so
7fec1d1a4000-7fec1d3a3000 ---p 00018000 08:12 3941548                    /lib/x86_64-linux-gnu/libpthread-2.23.so
7fec1d3a3000-7fec1d3a4000 r--p 00017000 08:12 3941548                    /lib/x86_64-linux-gnu/libpthread-2.23.so
7fec1d3a4000-7fec1d3a5000 rw-p 00018000 08:12 3941548                    /lib/x86_64-linux-gnu/libpthread-2.23.so
7fec1d3a5000-7fec1d3a9000 rw-p 00000000 00:00 0 
7fec1d3a9000-7fec1d3cf000 r-xp 00000000 08:12 3941546                    /lib/x86_64-linux-gnu/ld-2.23.so
7fec1d3d1000-7fec1d3d6000 r--s 002f9000 08:12 2508525                    /usr/local/jdk1.8.0_162/jre/lib/charsets.jar
7fec1d3d6000-7fec1d3d9000 r--s 0001a000 08:12 2508541                    /usr/local/jdk1.8.0_162/jre/lib/jce.jar
7fec1d3d9000-7fec1d4a4000 rw-p 00000000 00:00 0 
7fec1d4a4000-7fec1d4a7000 ---p 00000000 00:00 0 
7fec1d4a7000-7fec1d5aa000 rw-p 00000000 00:00 0 
7fec1d5ac000-7fec1d5b1000 r--s 0009d000 08:12 2508535                    /usr/local/jdk1.8.0_162/jre/lib/jsse.jar
7fec1d5b1000-7fec1d5c4000 r--s 00345000 08:12 2508531                    /usr/local/jdk1.8.0_162/jre/lib/resources.jar
7fec1d5c4000-7fec1d5cc000 rw-s 00000000 08:12 6967249                    /tmp/hsperfdata_clexma/14179
7fec1d5cc000-7fec1d5cd000 rw-p 00000000 00:00 0 
7fec1d5cd000-7fec1d5ce000 r--p 00000000 00:00 0 
7fec1d5ce000-7fec1d5cf000 r--p 00025000 08:12 3941546                    /lib/x86_64-linux-gnu/ld-2.23.so
7fec1d5cf000-7fec1d5d0000 rw-p 00026000 08:12 3941546                    /lib/x86_64-linux-gnu/ld-2.23.so
7fec1d5d0000-7fec1d5d1000 rw-p 00000000 00:00 0 
7ffeec687000-7ffeec6a8000 rw-p 00000000 00:00 0                          [stack]
7ffeec77a000-7ffeec77d000 r--p 00000000 00:00 0                          [vvar]
7ffeec77d000-7ffeec77f000 r-xp 00000000 00:00 0                          [vdso]
ffffffffff600000-ffffffffff601000 r-xp 00000000 00:00 0                  [vsyscall]

VM Arguments:
jvm_args: -Dfile.encoding=UTF-8 
java_command: other.ConverterZeroTest
java_class_path (initial): /usr/local/jdk1.8.0_162/jre/lib/resources.jar:/usr/local/jdk1.8.0_162/jre/lib/rt.jar:/usr/local/jdk1.8.0_162/jre/lib/jsse.jar:/usr/local/jdk1.8.0_162/jre/lib/jce.jar:/usr/local/jdk1.8.0_162/jre/lib/charsets.jar:/usr/local/jdk1.8.0_162/jre/lib/jfr.jar:/usr/local/jdk1.8.0_162/jre/lib/ext/localedata.jar:/usr/local/jdk1.8.0_162/jre/lib/ext/cldrdata.jar:/usr/local/jdk1.8.0_162/jre/lib/ext/dnsns.jar:/usr/local/jdk1.8.0_162/jre/lib/ext/sunec.jar:/usr/local/jdk1.8.0_162/jre/lib/ext/jaccess.jar:/usr/local/jdk1.8.0_162/jre/lib/ext/zipfs.jar:/usr/local/jdk1.8.0_162/jre/lib/ext/nashorn.jar:/usr/local/jdk1.8.0_162/jre/lib/ext/jfxrt.jar:/usr/local/jdk1.8.0_162/jre/lib/ext/sunpkcs11.jar:/usr/local/jdk1.8.0_162/jre/lib/ext/sunjce_provider.jar:/home/clexma/Desktop/intern/workspace/OCAReach2QFPA/bin:/home/clexma/Desktop/intern/workspace/OCAReach2QFPA/lib/com.microsoft.z3.jar:/home/clexma/.p2/pool/plugins/org.junit_4.12.0.v201504281640/junit.jar
Launcher Type: SUN_STANDARD

Environment Variables:
JAVA_HOME=/usr/local/jdk1.8.0_162
PATH=/home/clexma/bin:/home/clexma/.local/bin:/usr/local/sbin:/usr/local/bin:/usr/sbin:/usr/bin:/sbin:/bin:/usr/games:/usr/local/games:/node-v8.12.0-linux-x64/bin:/snap/bin:/home/clexma/bin:/usr/local/jdk1.8.0_162/bin
SHELL=/bin/zsh
DISPLAY=:0

Signal Handlers:
SIGSEGV: [libjvm.so+0xad03c0], sa_mask[0]=11111111011111111101111111111110, sa_flags=SA_RESTART|SA_SIGINFO
SIGBUS: [libjvm.so+0xad03c0], sa_mask[0]=11111111011111111101111111111110, sa_flags=SA_RESTART|SA_SIGINFO
SIGFPE: [libjvm.so+0x928210], sa_mask[0]=11111111011111111101111111111110, sa_flags=SA_RESTART|SA_SIGINFO
SIGPIPE: [libjvm.so+0x928210], sa_mask[0]=11111111011111111101111111111110, sa_flags=SA_RESTART|SA_SIGINFO
SIGXFSZ: [libjvm.so+0x928210], sa_mask[0]=11111111011111111101111111111110, sa_flags=SA_RESTART|SA_SIGINFO
SIGILL: [libjvm.so+0x928210], sa_mask[0]=11111111011111111101111111111110, sa_flags=SA_RESTART|SA_SIGINFO
SIGUSR1: SIG_DFL, sa_mask[0]=00000000000000000000000000000000, sa_flags=none
SIGUSR2: [libjvm.so+0x929a70], sa_mask[0]=00100000000000000000000000000000, sa_flags=SA_RESTART|SA_SIGINFO
SIGHUP: [libjvm.so+0x92ae70], sa_mask[0]=11111111011111111101111111111110, sa_flags=SA_RESTART|SA_SIGINFO
SIGINT: [libjvm.so+0x92ae70], sa_mask[0]=11111111011111111101111111111110, sa_flags=SA_RESTART|SA_SIGINFO
SIGTERM: [libjvm.so+0x92ae70], sa_mask[0]=11111111011111111101111111111110, sa_flags=SA_RESTART|SA_SIGINFO
SIGQUIT: [libjvm.so+0x92ae70], sa_mask[0]=11111111011111111101111111111110, sa_flags=SA_RESTART|SA_SIGINFO


---------------  S Y S T E M  ---------------

OS:DISTRIB_ID=Ubuntu
DISTRIB_RELEASE=16.04
DISTRIB_CODENAME=xenial
DISTRIB_DESCRIPTION="Ubuntu 16.04.6 LTS"

uname:Linux 4.15.0-54-generic #58~16.04.1-Ubuntu SMP Mon Jun 24 13:21:41 UTC 2019 x86_64
libc:glibc 2.23 NPTL 2.23 
rlimit: STACK 8192k, CORE 0k, NPROC 30873, NOFILE 1048576, AS infinity
load average:0.73 0.56 0.74

/proc/meminfo:
MemTotal:        8039572 kB
MemFree:          839832 kB
MemAvailable:    2841432 kB
Buffers:          364664 kB
Cached:          2482812 kB
SwapCached:            0 kB
Active:          4866260 kB
Inactive:        1904124 kB
Active(anon):    3848276 kB
Inactive(anon):   832456 kB
Active(file):    1017984 kB
Inactive(file):  1071668 kB
Unevictable:        8512 kB
Mlocked:            8600 kB
SwapTotal:       8260604 kB
SwapFree:        8260604 kB
Dirty:               172 kB
Writeback:             0 kB
AnonPages:       3929640 kB
Mapped:           933564 kB
Shmem:            839292 kB
Slab:             271404 kB
SReclaimable:     218644 kB
SUnreclaim:        52760 kB
KernelStack:       16656 kB
PageTables:        58568 kB
NFS_Unstable:          0 kB
Bounce:                0 kB
WritebackTmp:          0 kB
CommitLimit:    12280388 kB
Committed_AS:    9823740 kB
VmallocTotal:   34359738367 kB
VmallocUsed:           0 kB
VmallocChunk:          0 kB
HardwareCorrupted:     0 kB
AnonHugePages:         0 kB
ShmemHugePages:        0 kB
ShmemPmdMapped:        0 kB
CmaTotal:              0 kB
CmaFree:               0 kB
HugePages_Total:       0
HugePages_Free:        0
HugePages_Rsvd:        0
HugePages_Surp:        0
Hugepagesize:       2048 kB
DirectMap4k:      226148 kB
DirectMap2M:     5937152 kB
DirectMap1G:     3145728 kB


CPU:total 4 (initial active 4) (2 cores per cpu, 2 threads per core) family 6 model 61 stepping 4, cmov, cx8, fxsr, mmx, sse, sse2, sse3, ssse3, sse4.1, sse4.2, popcnt, avx, avx2, clmul, erms, 3dnowpref, lzcnt, ht, tsc, tscinvbit, bmi1, bmi2, adx

/proc/cpuinfo:
processor	: 0
vendor_id	: GenuineIntel
cpu family	: 6
model		: 61
model name	: Intel(R) Core(TM) i7-5500U CPU @ 2.40GHz
stepping	: 4
microcode	: 0x2d
cpu MHz		: 2973.067
cache size	: 4096 KB
physical id	: 0
siblings	: 4
core id		: 0
cpu cores	: 2
apicid		: 0
initial apicid	: 0
fpu		: yes
fpu_exception	: yes
cpuid level	: 20
wp		: yes
flags		: fpu vme de pse tsc msr pae mce cx8 apic sep mtrr pge mca cmov pat pse36 clflush dts acpi mmx fxsr sse sse2 ss ht tm pbe syscall nx pdpe1gb rdtscp lm constant_tsc arch_perfmon pebs bts rep_good nopl xtopology nonstop_tsc cpuid aperfmperf pni pclmulqdq dtes64 monitor ds_cpl vmx est tm2 ssse3 sdbg fma cx16 xtpr pdcm pcid sse4_1 sse4_2 x2apic movbe popcnt tsc_deadline_timer xsave avx f16c rdrand lahf_lm abm 3dnowprefetch cpuid_fault epb invpcid_single pti ssbd ibrs ibpb stibp tpr_shadow vnmi flexpriority ept vpid fsgsbase tsc_adjust bmi1 avx2 smep bmi2 erms invpcid rdseed adx smap intel_pt xsaveopt dtherm ida arat pln pts md_clear flush_l1d
bugs		: cpu_meltdown spectre_v1 spectre_v2 spec_store_bypass l1tf mds
bogomips	: 4788.82
clflush size	: 64
cache_alignment	: 64
address sizes	: 39 bits physical, 48 bits virtual
power management:

processor	: 1
vendor_id	: GenuineIntel
cpu family	: 6
model		: 61
model name	: Intel(R) Core(TM) i7-5500U CPU @ 2.40GHz
stepping	: 4
microcode	: 0x2d
cpu MHz		: 2969.252
cache size	: 4096 KB
physical id	: 0
siblings	: 4
core id		: 0
cpu cores	: 2
apicid		: 1
initial apicid	: 1
fpu		: yes
fpu_exception	: yes
cpuid level	: 20
wp		: yes
flags		: fpu vme de pse tsc msr pae mce cx8 apic sep mtrr pge mca cmov pat pse36 clflush dts acpi mmx fxsr sse sse2 ss ht tm pbe syscall nx pdpe1gb rdtscp lm constant_tsc arch_perfmon pebs bts rep_good nopl xtopology nonstop_tsc cpuid aperfmperf pni pclmulqdq dtes64 monitor ds_cpl vmx est tm2 ssse3 sdbg fma cx16 xtpr pdcm pcid sse4_1 sse4_2 x2apic movbe popcnt tsc_deadline_timer xsave avx f16c rdrand lahf_lm abm 3dnowprefetch cpuid_fault epb invpcid_single pti ssbd ibrs ibpb stibp tpr_shadow vnmi flexpriority ept vpid fsgsbase tsc_adjust bmi1 avx2 smep bmi2 erms invpcid rdseed adx smap intel_pt xsaveopt dtherm ida arat pln pts md_clear flush_l1d
bugs		: cpu_meltdown spectre_v1 spectre_v2 spec_store_bypass l1tf mds
bogomips	: 4788.82
clflush size	: 64
cache_alignment	: 64
address sizes	: 39 bits physical, 48 bits virtual
power management:

processor	: 2
vendor_id	: GenuineIntel
cpu family	: 6
model		: 61
model name	: Intel(R) Core(TM) i7-5500U CPU @ 2.40GHz
stepping	: 4
microcode	: 0x2d
cpu MHz		: 2893.360
cache size	: 4096 KB
physical id	: 0
siblings	: 4
core id		: 1
cpu cores	: 2
apicid		: 2
initial apicid	: 2
fpu		: yes
fpu_exception	: yes
cpuid level	: 20
wp		: yes
flags		: fpu vme de pse tsc msr pae mce cx8 apic sep mtrr pge mca cmov pat pse36 clflush dts acpi mmx fxsr sse sse2 ss ht tm pbe syscall nx pdpe1gb rdtscp lm constant_tsc arch_perfmon pebs bts rep_good nopl xtopology nonstop_tsc cpuid aperfmperf pni pclmulqdq dtes64 monitor ds_cpl vmx est tm2 ssse3 sdbg fma cx16 xtpr pdcm pcid sse4_1 sse4_2 x2apic movbe popcnt tsc_deadline_timer xsave avx f16c rdrand lahf_lm abm 3dnowprefetch cpuid_fault epb invpcid_single pti ssbd ibrs ibpb stibp tpr_shadow vnmi flexpriority ept vpid fsgsbase tsc_adjust bmi1 avx2 smep bmi2 erms invpcid rdseed adx smap intel_pt xsaveopt dtherm ida arat pln pts md_clear flush_l1d
bugs		: cpu_meltdown spectre_v1 spectre_v2 spec_store_bypass l1tf mds
bogomips	: 4788.82
clflush size	: 64
cache_alignment	: 64
address sizes	: 39 bits physical, 48 bits virtual
power management:

processor	: 3
vendor_id	: GenuineIntel
cpu family	: 6
model		: 61
model name	: Intel(R) Core(TM) i7-5500U CPU @ 2.40GHz
stepping	: 4
microcode	: 0x2d
cpu MHz		: 2893.243
cache size	: 4096 KB
physical id	: 0
siblings	: 4
core id		: 1
cpu cores	: 2
apicid		: 3
initial apicid	: 3
fpu		: yes
fpu_exception	: yes
cpuid level	: 20
wp		: yes
flags		: fpu vme de pse tsc msr pae mce cx8 apic sep mtrr pge mca cmov pat pse36 clflush dts acpi mmx fxsr sse sse2 ss ht tm pbe syscall nx pdpe1gb rdtscp lm constant_tsc arch_perfmon pebs bts rep_good nopl xtopology nonstop_tsc cpuid aperfmperf pni pclmulqdq dtes64 monitor ds_cpl vmx est tm2 ssse3 sdbg fma cx16 xtpr pdcm pcid sse4_1 sse4_2 x2apic movbe popcnt tsc_deadline_timer xsave avx f16c rdrand lahf_lm abm 3dnowprefetch cpuid_fault epb invpcid_single pti ssbd ibrs ibpb stibp tpr_shadow vnmi flexpriority ept vpid fsgsbase tsc_adjust bmi1 avx2 smep bmi2 erms invpcid rdseed adx smap intel_pt xsaveopt dtherm ida arat pln pts md_clear flush_l1d
bugs		: cpu_meltdown spectre_v1 spectre_v2 spec_store_bypass l1tf mds
bogomips	: 4788.82
clflush size	: 64
cache_alignment	: 64
address sizes	: 39 bits physical, 48 bits virtual
power management:



Memory: 4k page, physical 8039572k(839832k free), swap 8260604k(8260604k free)

vm_info: Java HotSpot(TM) 64-Bit Server VM (25.162-b12) for linux-amd64 JRE (1.8.0_162-b12), built on Dec 19 2017 21:15:48 by "java_re" with gcc 4.3.0 20080428 (Red Hat 4.3.0-8)

time: Thu Jul  4 14:38:02 2019
elapsed time: 0 seconds (0d 0h 0m 0s)

