#
# A fatal error has been detected by the Java Runtime Environment:
#
#  SIGSEGV (0xb) at pc=0x00007f7cb1d68c6c, pid=14222, tid=0x00007f7cd8cfd700
#
# JRE version: Java(TM) SE Runtime Environment (8.0_162-b12) (build 1.8.0_162-b12)
# Java VM: Java HotSpot(TM) 64-Bit Server VM (25.162-b12 mixed mode linux-amd64 compressed oops)
# Problematic frame:
# C  [libz3.so+0xdcc6c]  Z3_mk_quantifier_const_ex+0xec
#
# Failed to write core dump. Core dumps have been disabled. To enable core dumping, try "ulimit -c unlimited" before starting Java again
#
# If you would like to submit a bug report, please visit:
#   http://bugreport.java.com/bugreport/crash.jsp
# The crash happened outside the Java Virtual Machine in native code.
# See problematic frame for where to report the bug.
#

---------------  T H R E A D  ---------------

Current thread (0x00007f7cd000b000):  JavaThread "main" [_thread_in_native, id=14227, stack(0x00007f7cd8bfd000,0x00007f7cd8cfe000)]

siginfo: si_signo: 11 (SIGSEGV), si_code: 1 (SEGV_MAPERR), si_addr: 0x0000000000000004

Registers:
RAX=0x0000000000000000, RBX=0x0000000000000000, RCX=0x0000000000000002, RDX=0x0000000000000001
RSP=0x00007f7cd8cfc1b0, RBP=0x00007f7cd8cfc350, RSI=0x0000000000000000, RDI=0x0000000000000000
R8 =0x0000000000000000, R9 =0x0000000000000002, R10=0x0000000000000313, R11=0x00007f7cb1d68b80
R12=0x0000000000000001, R13=0x00007f7cd8cfc4e0, R14=0x00007f7cd01f9698, R15=0x00007f7cd01f2b40
RIP=0x00007f7cb1d68c6c, EFLAGS=0x0000000000010202, CSGSFS=0x002b000000000033, ERR=0x0000000000000004
  TRAPNO=0x000000000000000e

Top of Stack: (sp=0x00007f7cd8cfc1b0)
0x00007f7cd8cfc1b0:   00b7597100bb0b00 00007f7cd01f9698
0x00007f7cd8cfc1c0:   0000000000000000 0000000000000000
0x00007f7cd8cfc1d0:   0000000000000001 0000000000000000
0x00007f7cd8cfc1e0:   0000000000000000 00000000000000b8
0x00007f7cd8cfc1f0:   0000000000000000 0000000000000002
0x00007f7cd8cfc200:   00007f7cd01e89f8 0000000000000000
0x00007f7cd8cfc210:   0000000000000000 0000000000000000
0x00007f7cd8cfc220:   0000000000000000 0000000000000000
0x00007f7cd8cfc230:   0000000000000000 0000000000000000
0x00007f7cd8cfc240:   0000000000000000 0000000000000000
0x00007f7cd8cfc250:   0000000000000000 0000000000000000
0x00007f7cd8cfc260:   0000000000000000 0000000000000000
0x00007f7cd8cfc270:   0000000000000000 0000000000000000
0x00007f7cd8cfc280:   0000000000000000 0000000000000000
0x00007f7cd8cfc290:   0000000000000000 0000000000000000
0x00007f7cd8cfc2a0:   0000000000000000 0000000000000000
0x00007f7cd8cfc2b0:   0000000000000000 0000000000000000
0x00007f7cd8cfc2c0:   0000000000000000 0000000000000000
0x00007f7cd8cfc2d0:   0000000000000000 0000000000000000
0x00007f7cd8cfc2e0:   0000000000000000 0000000000000000
0x00007f7cd8cfc2f0:   0000000000000000 0000000000000000
0x00007f7cd8cfc300:   0000000000000000 0000000000000000
0x00007f7cd8cfc310:   0000000000000000 b30343ade6c72600
0x00007f7cd8cfc320:   0000000000000000 00007f7cd000b1f8
0x00007f7cd8cfc330:   0000000000000001 00007f7cd8cfc4e0
0x00007f7cd8cfc340:   00007f7cd01f9698 00007f7cd01f2b40
0x00007f7cd8cfc350:   0000000000000000 00007f7cb1d69f65
0x00007f7cd8cfc360:   00007f7cd01f2b40 0000000000000000
0x00007f7cd8cfc370:   0000000000000000 0000000000000000
0x00007f7cd8cfc380:   0000000000000000 00007f7cd01f9698
0x00007f7cd8cfc390:   0000000000000003 00007f7cb325fb9b
0x00007f7cd8cfc3a0:   0000000000000000 00007f7cd01f9698 

Instructions: (pc=0x00007f7cb1d68c6c)
0x00007f7cb1d68c4c:   85 ff 74 0b 8b 75 28 85 f6 0f 85 a5 01 00 00 8b
0x00007f7cb1d68c5c:   8d a8 fe ff ff 85 c9 0f 84 6f 03 00 00 49 8b 1f
0x00007f7cb1d68c6c:   66 83 7b 04 00 0f 85 eb 0b 00 00 8b 85 a8 fe ff
0x00007f7cb1d68c7c:   ff 4d 8d 67 08 48 c7 85 c8 fe ff ff 00 00 00 00 

Register to memory mapping:

RAX=0x0000000000000000 is an unknown value
RBX=0x0000000000000000 is an unknown value
RCX=0x0000000000000002 is an unknown value
RDX=0x0000000000000001 is an unknown value
RSP=0x00007f7cd8cfc1b0 is pointing into the stack for thread: 0x00007f7cd000b000
RBP=0x00007f7cd8cfc350 is pointing into the stack for thread: 0x00007f7cd000b000
RSI=0x0000000000000000 is an unknown value
RDI=0x0000000000000000 is an unknown value
R8 =0x0000000000000000 is an unknown value
R9 =0x0000000000000002 is an unknown value
R10=0x0000000000000313 is an unknown value
R11=0x00007f7cb1d68b80: Z3_mk_quantifier_const_ex+0 in /usr/lib/libz3.so at 0x00007f7cb1c8c000
R12=0x0000000000000001 is an unknown value
R13=0x00007f7cd8cfc4e0 is pointing into the stack for thread: 0x00007f7cd000b000
R14=0x00007f7cd01f9698 is an unknown value
R15=0x00007f7cd01f2b40 is an unknown value


Stack: [0x00007f7cd8bfd000,0x00007f7cd8cfe000],  sp=0x00007f7cd8cfc1b0,  free space=1020k
Native frames: (J=compiled Java code, j=interpreted, Vv=VM code, C=native code)
C  [libz3.so+0xdcc6c]  Z3_mk_quantifier_const_ex+0xec
C  [libz3.so+0xddf65]  Z3_mk_quantifier_const+0x25

Java frames: (J=compiled Java code, j=interpreted, Vv=VM code)
j  com.microsoft.z3.Native.INTERNALmkQuantifierConst(JZII[JI[JJ)J+0
j  com.microsoft.z3.Native.mkQuantifierConst(JZII[JI[JJ)J+13
j  com.microsoft.z3.Quantifier.of(Lcom/microsoft/z3/Context;Z[Lcom/microsoft/z3/Expr;Lcom/microsoft/z3/Expr;I[Lcom/microsoft/z3/Pattern;[Lcom/microsoft/z3/Expr;Lcom/microsoft/z3/Symbol;Lcom/microsoft/z3/Symbol;)Lcom/microsoft/z3/Quantifier;+61
j  com.microsoft.z3.Context.mkExists([Lcom/microsoft/z3/Expr;Lcom/microsoft/z3/Expr;I[Lcom/microsoft/z3/Pattern;[Lcom/microsoft/z3/Expr;Lcom/microsoft/z3/Symbol;Lcom/microsoft/z3/Symbol;)Lcom/microsoft/z3/Quantifier;+13
j  formula.generator.QFPAGenerator.mkExistsQuantifier([Lcom/microsoft/z3/IntExpr;Lcom/microsoft/z3/Expr;)Lcom/microsoft/z3/Expr;+11
j  ocareach.ConverterZero.genZTPathForm(Lgraph/directed/zerograph/ZTPath;Lcom/microsoft/z3/IntExpr;Lcom/microsoft/z3/IntExpr;)Lcom/microsoft/z3/BoolExpr;+429
j  ocareach.ConverterZero.convertZero(Lautomata/State;Lautomata/State;)Ljava/lang/String;+170
j  ocareach.ConverterZero.convert()Ljava/lang/String;+25
j  other.ConverterZeroTest.main([Ljava/lang/String;)V+113
v  ~StubRoutines::call_stub

---------------  P R O C E S S  ---------------

Java Threads: ( => current thread )
  0x00007f7cd00fc000 JavaThread "Service Thread" daemon [_thread_blocked, id=14239, stack(0x00007f7cb356f000,0x00007f7cb3670000)]
  0x00007f7cd00bf000 JavaThread "C1 CompilerThread2" daemon [_thread_blocked, id=14238, stack(0x00007f7cb3670000,0x00007f7cb3771000)]
  0x00007f7cd00bd000 JavaThread "C2 CompilerThread1" daemon [_thread_blocked, id=14237, stack(0x00007f7cb3771000,0x00007f7cb3872000)]
  0x00007f7cd00ba000 JavaThread "C2 CompilerThread0" daemon [_thread_blocked, id=14236, stack(0x00007f7cb3872000,0x00007f7cb3973000)]
  0x00007f7cd00b8800 JavaThread "Signal Dispatcher" daemon [_thread_blocked, id=14235, stack(0x00007f7cb3973000,0x00007f7cb3a74000)]
  0x00007f7cd0085000 JavaThread "Finalizer" daemon [_thread_blocked, id=14234, stack(0x00007f7cb3eff000,0x00007f7cb4000000)]
  0x00007f7cd0080800 JavaThread "Reference Handler" daemon [_thread_blocked, id=14233, stack(0x00007f7cb809e000,0x00007f7cb819f000)]
=>0x00007f7cd000b000 JavaThread "main" [_thread_in_native, id=14227, stack(0x00007f7cd8bfd000,0x00007f7cd8cfe000)]

Other Threads:
  0x00007f7cd0078800 VMThread [stack: 0x00007f7cb819f000,0x00007f7cb82a0000] [id=14232]
  0x00007f7cd0109000 WatcherThread [stack: 0x00007f7cb346e000,0x00007f7cb356f000] [id=14240]

VM state:not at safepoint (normal execution)

VM Mutex/Monitor currently owned by a thread: None

Heap:
 PSYoungGen      total 36864K, used 3809K [0x00000000d7180000, 0x00000000d9a80000, 0x0000000100000000)
  eden space 31744K, 12% used [0x00000000d7180000,0x00000000d7538620,0x00000000d9080000)
  from space 5120K, 0% used [0x00000000d9580000,0x00000000d9580000,0x00000000d9a80000)
  to   space 5120K, 0% used [0x00000000d9080000,0x00000000d9080000,0x00000000d9580000)
 ParOldGen       total 84992K, used 0K [0x0000000085400000, 0x000000008a700000, 0x00000000d7180000)
  object space 84992K, 0% used [0x0000000085400000,0x0000000085400000,0x000000008a700000)
 Metaspace       used 3969K, capacity 5464K, committed 5760K, reserved 1056768K
  class space    used 430K, capacity 520K, committed 640K, reserved 1048576K

Card table byte_map: [0x00007f7cd55c5000,0x00007f7cd599c000] byte_map_base: 0x00007f7cd519b000

Marking Bits: (ParMarkBitMap*) 0x00007f7cd80d3ca0
 Begin Bits: [0x00007f7cb82a0000, 0x00007f7cba150000)
 End Bits:   [0x00007f7cba150000, 0x00007f7cbc000000)

Polling page: 0x00007f7cd8d26000

CodeCache: size=245760Kb used=1430Kb max_used=1430Kb free=244329Kb
 bounds [0x00007f7cc1000000, 0x00007f7cc1270000, 0x00007f7cd0000000]
 total_blobs=463 nmethods=172 adapters=205
 compilation: enabled

Compilation events (10 events):
Event: 0.180 Thread 0x00007f7cd00bf000  167       3       java.util.AbstractSequentialList::iterator (5 bytes)
Event: 0.180 Thread 0x00007f7cd00bf000 nmethod 167 0x00007f7cc11648d0 code [0x00007f7cc1164a40, 0x00007f7cc1164d28]
Event: 0.180 Thread 0x00007f7cd00bf000  168       1       com.microsoft.z3.Z3Object::getContext (5 bytes)
Event: 0.180 Thread 0x00007f7cd00bf000 nmethod 168 0x00007f7cc1164e10 code [0x00007f7cc1164f60, 0x00007f7cc1165070]
Event: 0.181 Thread 0x00007f7cd00bf000  169       3       java.lang.Integer::valueOf (32 bytes)
Event: 0.181 Thread 0x00007f7cd00bf000 nmethod 169 0x00007f7cc11650d0 code [0x00007f7cc1165260, 0x00007f7cc11655b0]
Event: 0.181 Thread 0x00007f7cd00bf000  170       3       java.lang.Integer::hashCode (8 bytes)
Event: 0.181 Thread 0x00007f7cd00bf000 nmethod 170 0x00007f7cc1165750 code [0x00007f7cc11658c0, 0x00007f7cc1165a70]
Event: 0.181 Thread 0x00007f7cd00bf000  171       3       java.lang.Integer::hashCode (2 bytes)
Event: 0.181 Thread 0x00007f7cd00bf000 nmethod 171 0x00007f7cc1165b10 code [0x00007f7cc1165c60, 0x00007f7cc1165d90]

GC Heap History (0 events):
No events

Deoptimization events (0 events):
No events

Classes redefined (0 events):
No events

Internal exceptions (2 events):
Event: 0.029 Thread 0x00007f7cd000b000 Exception <a 'java/lang/NoSuchMethodError': Method sun.misc.Unsafe.defineClass(Ljava/lang/String;[BII)Ljava/lang/Class; name or signature does not match> (0x00000000d7187ca0) thrown at [/HUDSON/workspace/8-2-build-linux-amd64/jdk8u162/10278/hotspot/src/sh
Event: 0.029 Thread 0x00007f7cd000b000 Exception <a 'java/lang/NoSuchMethodError': Method sun.misc.Unsafe.prefetchRead(Ljava/lang/Object;J)V name or signature does not match> (0x00000000d7187f88) thrown at [/HUDSON/workspace/8-2-build-linux-amd64/jdk8u162/10278/hotspot/src/share/vm/prims/jni.c

Events (10 events):
Event: 0.177 loading class table/dwt/DWTEntry
Event: 0.177 loading class table/dwt/DWTEntry done
Event: 0.177 loading class graph/directed/abs/LoopTag
Event: 0.177 loading class graph/directed/abs/LoopTag done
Event: 0.178 loading class graph/directed/abs/ASDGPath
Event: 0.178 loading class graph/directed/abs/ASDGPath done
Event: 0.179 loading class graph/directed/DGPath
Event: 0.179 loading class graph/directed/DGPath done
Event: 0.181 loading class com/microsoft/z3/Pattern
Event: 0.181 loading class com/microsoft/z3/Pattern done


Dynamic libraries:
00400000-00401000 r-xp 00000000 08:12 1328075                            /usr/local/jdk1.8.0_162/bin/java
00600000-00601000 rw-p 00000000 08:12 1328075                            /usr/local/jdk1.8.0_162/bin/java
00e05000-00e26000 rw-p 00000000 00:00 0                                  [heap]
85400000-8a700000 rw-p 00000000 00:00 0 
8a700000-d7180000 ---p 00000000 00:00 0 
d7180000-d9a80000 rw-p 00000000 00:00 0 
d9a80000-100000000 ---p 00000000 00:00 0 
100000000-1000a0000 rw-p 00000000 00:00 0 
1000a0000-140000000 ---p 00000000 00:00 0 
7f7c84000000-7f7c84021000 rw-p 00000000 00:00 0 
7f7c84021000-7f7c88000000 ---p 00000000 00:00 0 
7f7c88000000-7f7c88021000 rw-p 00000000 00:00 0 
7f7c88021000-7f7c8c000000 ---p 00000000 00:00 0 
7f7c8c000000-7f7c8c036000 rw-p 00000000 00:00 0 
7f7c8c036000-7f7c90000000 ---p 00000000 00:00 0 
7f7c90000000-7f7c900c5000 rw-p 00000000 00:00 0 
7f7c900c5000-7f7c94000000 ---p 00000000 00:00 0 
7f7c94000000-7f7c94021000 rw-p 00000000 00:00 0 
7f7c94021000-7f7c98000000 ---p 00000000 00:00 0 
7f7c98000000-7f7c980ba000 rw-p 00000000 00:00 0 
7f7c980ba000-7f7c9c000000 ---p 00000000 00:00 0 
7f7c9c000000-7f7c9c021000 rw-p 00000000 00:00 0 
7f7c9c021000-7f7ca0000000 ---p 00000000 00:00 0 
7f7ca0000000-7f7ca0021000 rw-p 00000000 00:00 0 
7f7ca0021000-7f7ca4000000 ---p 00000000 00:00 0 
7f7ca4000000-7f7ca4021000 rw-p 00000000 00:00 0 
7f7ca4021000-7f7ca8000000 ---p 00000000 00:00 0 
7f7ca8000000-7f7ca8021000 rw-p 00000000 00:00 0 
7f7ca8021000-7f7cac000000 ---p 00000000 00:00 0 
7f7cac000000-7f7cac021000 rw-p 00000000 00:00 0 
7f7cac021000-7f7cb0000000 ---p 00000000 00:00 0 
7f7cb14d2000-7f7cb14e8000 r-xp 00000000 08:12 3936818                    /lib/x86_64-linux-gnu/libgcc_s.so.1
7f7cb14e8000-7f7cb16e7000 ---p 00016000 08:12 3936818                    /lib/x86_64-linux-gnu/libgcc_s.so.1
7f7cb16e7000-7f7cb16e8000 rw-p 00015000 08:12 3936818                    /lib/x86_64-linux-gnu/libgcc_s.so.1
7f7cb16e8000-7f7cb1709000 r-xp 00000000 08:12 1316011                    /usr/lib/x86_64-linux-gnu/libgomp.so.1.0.0
7f7cb1709000-7f7cb1908000 ---p 00021000 08:12 1316011                    /usr/lib/x86_64-linux-gnu/libgomp.so.1.0.0
7f7cb1908000-7f7cb1909000 r--p 00020000 08:12 1316011                    /usr/lib/x86_64-linux-gnu/libgomp.so.1.0.0
7f7cb1909000-7f7cb190a000 rw-p 00021000 08:12 1316011                    /usr/lib/x86_64-linux-gnu/libgomp.so.1.0.0
7f7cb190a000-7f7cb1a7c000 r-xp 00000000 08:12 1317647                    /usr/lib/x86_64-linux-gnu/libstdc++.so.6.0.21
7f7cb1a7c000-7f7cb1c7c000 ---p 00172000 08:12 1317647                    /usr/lib/x86_64-linux-gnu/libstdc++.so.6.0.21
7f7cb1c7c000-7f7cb1c86000 r--p 00172000 08:12 1317647                    /usr/lib/x86_64-linux-gnu/libstdc++.so.6.0.21
7f7cb1c86000-7f7cb1c88000 rw-p 0017c000 08:12 1317647                    /usr/lib/x86_64-linux-gnu/libstdc++.so.6.0.21
7f7cb1c88000-7f7cb1c8c000 rw-p 00000000 00:00 0 
7f7cb1c8c000-7f7cb301a000 r-xp 00000000 08:12 1326236                    /usr/lib/libz3.so
7f7cb301a000-7f7cb321a000 ---p 0138e000 08:12 1326236                    /usr/lib/libz3.so
7f7cb321a000-7f7cb323c000 r--p 0138e000 08:12 1326236                    /usr/lib/libz3.so
7f7cb323c000-7f7cb323f000 rw-p 013b0000 08:12 1326236                    /usr/lib/libz3.so
7f7cb323f000-7f7cb3240000 rw-p 00000000 00:00 0 
7f7cb3240000-7f7cb326b000 r-xp 00000000 08:12 1326238                    /usr/lib/libz3java.so
7f7cb326b000-7f7cb346b000 ---p 0002b000 08:12 1326238                    /usr/lib/libz3java.so
7f7cb346b000-7f7cb346c000 r--p 0002b000 08:12 1326238                    /usr/lib/libz3java.so
7f7cb346c000-7f7cb346e000 rw-p 0002c000 08:12 1326238                    /usr/lib/libz3java.so
7f7cb346e000-7f7cb346f000 ---p 00000000 00:00 0 
7f7cb346f000-7f7cb356f000 rw-p 00000000 00:00 0 
7f7cb356f000-7f7cb3572000 ---p 00000000 00:00 0 
7f7cb3572000-7f7cb3670000 rw-p 00000000 00:00 0 
7f7cb3670000-7f7cb3673000 ---p 00000000 00:00 0 
7f7cb3673000-7f7cb3771000 rw-p 00000000 00:00 0 
7f7cb3771000-7f7cb3774000 ---p 00000000 00:00 0 
7f7cb3774000-7f7cb3872000 rw-p 00000000 00:00 0 
7f7cb3872000-7f7cb3875000 ---p 00000000 00:00 0 
7f7cb3875000-7f7cb3973000 rw-p 00000000 00:00 0 
7f7cb3973000-7f7cb3976000 ---p 00000000 00:00 0 
7f7cb3976000-7f7cb3a74000 rw-p 00000000 00:00 0 
7f7cb3a74000-7f7cb3eff000 r--p 00000000 08:12 1313896                    /usr/lib/locale/locale-archive
7f7cb3eff000-7f7cb3f02000 ---p 00000000 00:00 0 
7f7cb3f02000-7f7cb4000000 rw-p 00000000 00:00 0 
7f7cb4000000-7f7cb4021000 rw-p 00000000 00:00 0 
7f7cb4021000-7f7cb8000000 ---p 00000000 00:00 0 
7f7cb809e000-7f7cb80a1000 ---p 00000000 00:00 0 
7f7cb80a1000-7f7cb819f000 rw-p 00000000 00:00 0 
7f7cb819f000-7f7cb81a0000 ---p 00000000 00:00 0 
7f7cb81a0000-7f7cbc000000 rw-p 00000000 00:00 0 
7f7cbc000000-7f7cbc021000 rw-p 00000000 00:00 0 
7f7cbc021000-7f7cc0000000 ---p 00000000 00:00 0 
7f7cc005b000-7f7cc00f1000 r--s 0110a000 08:12 3150950                    /usr/local/jdk1.8.0_162/jre/lib/ext/jfxrt.jar
7f7cc00f1000-7f7cc1000000 rw-p 00000000 00:00 0 
7f7cc1000000-7f7cc1270000 rwxp 00000000 00:00 0 
7f7cc1270000-7f7cd0000000 ---p 00000000 00:00 0 
7f7cd0000000-7f7cd0428000 rw-p 00000000 00:00 0 
7f7cd0428000-7f7cd4000000 ---p 00000000 00:00 0 
7f7cd4032000-7f7cd4035000 r--s 00027000 08:12 5521420                    /home/clexma/Desktop/intern/workspace/OCAReach2QFPA/lib/com.microsoft.z3.jar
7f7cd4035000-7f7cd403a000 r--s 00084000 08:12 2508504                    /usr/local/jdk1.8.0_162/jre/lib/jfr.jar
7f7cd403a000-7f7cd410d000 rw-p 00000000 00:00 0 
7f7cd410d000-7f7cd42e6000 r--s 03d65000 08:12 2508527                    /usr/local/jdk1.8.0_162/jre/lib/rt.jar
7f7cd42e6000-7f7cd485c000 rw-p 00000000 00:00 0 
7f7cd485c000-7f7cd4b5c000 ---p 00000000 00:00 0 
7f7cd4b5c000-7f7cd4f32000 rw-p 00000000 00:00 0 
7f7cd4f32000-7f7cd4f33000 ---p 00000000 00:00 0 
7f7cd4f33000-7f7cd5033000 rw-p 00000000 00:00 0 
7f7cd5033000-7f7cd5034000 ---p 00000000 00:00 0 
7f7cd5034000-7f7cd5134000 rw-p 00000000 00:00 0 
7f7cd5134000-7f7cd5135000 ---p 00000000 00:00 0 
7f7cd5135000-7f7cd5235000 rw-p 00000000 00:00 0 
7f7cd5235000-7f7cd5236000 ---p 00000000 00:00 0 
7f7cd5236000-7f7cd5360000 rw-p 00000000 00:00 0 
7f7cd5360000-7f7cd55c5000 ---p 00000000 00:00 0 
7f7cd55c5000-7f7cd55ef000 rw-p 00000000 00:00 0 
7f7cd55ef000-7f7cd5853000 ---p 00000000 00:00 0 
7f7cd5853000-7f7cd5869000 rw-p 00000000 00:00 0 
7f7cd5869000-7f7cd599b000 ---p 00000000 00:00 0 
7f7cd599b000-7f7cd59a6000 rw-p 00000000 00:00 0 
7f7cd59a6000-7f7cd5d5c000 ---p 00000000 00:00 0 
7f7cd5d5c000-7f7cd5d77000 r-xp 00000000 08:12 3542971                    /usr/local/jdk1.8.0_162/jre/lib/amd64/libzip.so
7f7cd5d77000-7f7cd5f77000 ---p 0001b000 08:12 3542971                    /usr/local/jdk1.8.0_162/jre/lib/amd64/libzip.so
7f7cd5f77000-7f7cd5f78000 rw-p 0001b000 08:12 3542971                    /usr/local/jdk1.8.0_162/jre/lib/amd64/libzip.so
7f7cd5f78000-7f7cd5f83000 r-xp 00000000 08:12 3941570                    /lib/x86_64-linux-gnu/libnss_files-2.23.so
7f7cd5f83000-7f7cd6182000 ---p 0000b000 08:12 3941570                    /lib/x86_64-linux-gnu/libnss_files-2.23.so
7f7cd6182000-7f7cd6183000 r--p 0000a000 08:12 3941570                    /lib/x86_64-linux-gnu/libnss_files-2.23.so
7f7cd6183000-7f7cd6184000 rw-p 0000b000 08:12 3941570                    /lib/x86_64-linux-gnu/libnss_files-2.23.so
7f7cd6184000-7f7cd618a000 rw-p 00000000 00:00 0 
7f7cd618a000-7f7cd6195000 r-xp 00000000 08:12 3941554                    /lib/x86_64-linux-gnu/libnss_nis-2.23.so
7f7cd6195000-7f7cd6394000 ---p 0000b000 08:12 3941554                    /lib/x86_64-linux-gnu/libnss_nis-2.23.so
7f7cd6394000-7f7cd6395000 r--p 0000a000 08:12 3941554                    /lib/x86_64-linux-gnu/libnss_nis-2.23.so
7f7cd6395000-7f7cd6396000 rw-p 0000b000 08:12 3941554                    /lib/x86_64-linux-gnu/libnss_nis-2.23.so
7f7cd6396000-7f7cd63ac000 r-xp 00000000 08:12 3941565                    /lib/x86_64-linux-gnu/libnsl-2.23.so
7f7cd63ac000-7f7cd65ab000 ---p 00016000 08:12 3941565                    /lib/x86_64-linux-gnu/libnsl-2.23.so
7f7cd65ab000-7f7cd65ac000 r--p 00015000 08:12 3941565                    /lib/x86_64-linux-gnu/libnsl-2.23.so
7f7cd65ac000-7f7cd65ad000 rw-p 00016000 08:12 3941565                    /lib/x86_64-linux-gnu/libnsl-2.23.so
7f7cd65ad000-7f7cd65af000 rw-p 00000000 00:00 0 
7f7cd65af000-7f7cd65b7000 r-xp 00000000 08:12 3941578                    /lib/x86_64-linux-gnu/libnss_compat-2.23.so
7f7cd65b7000-7f7cd67b6000 ---p 00008000 08:12 3941578                    /lib/x86_64-linux-gnu/libnss_compat-2.23.so
7f7cd67b6000-7f7cd67b7000 r--p 00007000 08:12 3941578                    /lib/x86_64-linux-gnu/libnss_compat-2.23.so
7f7cd67b7000-7f7cd67b8000 rw-p 00008000 08:12 3941578                    /lib/x86_64-linux-gnu/libnss_compat-2.23.so
7f7cd67b8000-7f7cd67e3000 r-xp 00000000 08:12 3542965                    /usr/local/jdk1.8.0_162/jre/lib/amd64/libjava.so
7f7cd67e3000-7f7cd69e2000 ---p 0002b000 08:12 3542965                    /usr/local/jdk1.8.0_162/jre/lib/amd64/libjava.so
7f7cd69e2000-7f7cd69e4000 rw-p 0002a000 08:12 3542965                    /usr/local/jdk1.8.0_162/jre/lib/amd64/libjava.so
7f7cd69e4000-7f7cd69f1000 r-xp 00000000 08:12 3542970                    /usr/local/jdk1.8.0_162/jre/lib/amd64/libverify.so
7f7cd69f1000-7f7cd6bf1000 ---p 0000d000 08:12 3542970                    /usr/local/jdk1.8.0_162/jre/lib/amd64/libverify.so
7f7cd6bf1000-7f7cd6bf3000 rw-p 0000d000 08:12 3542970                    /usr/local/jdk1.8.0_162/jre/lib/amd64/libverify.so
7f7cd6bf3000-7f7cd6bfa000 r-xp 00000000 08:12 3941539                    /lib/x86_64-linux-gnu/librt-2.23.so
7f7cd6bfa000-7f7cd6df9000 ---p 00007000 08:12 3941539                    /lib/x86_64-linux-gnu/librt-2.23.so
7f7cd6df9000-7f7cd6dfa000 r--p 00006000 08:12 3941539                    /lib/x86_64-linux-gnu/librt-2.23.so
7f7cd6dfa000-7f7cd6dfb000 rw-p 00007000 08:12 3941539                    /lib/x86_64-linux-gnu/librt-2.23.so
7f7cd6dfb000-7f7cd6f03000 r-xp 00000000 08:12 3941580                    /lib/x86_64-linux-gnu/libm-2.23.so
7f7cd6f03000-7f7cd7102000 ---p 00108000 08:12 3941580                    /lib/x86_64-linux-gnu/libm-2.23.so
7f7cd7102000-7f7cd7103000 r--p 00107000 08:12 3941580                    /lib/x86_64-linux-gnu/libm-2.23.so
7f7cd7103000-7f7cd7104000 rw-p 00108000 08:12 3941580                    /lib/x86_64-linux-gnu/libm-2.23.so
7f7cd7104000-7f7cd7ddd000 r-xp 00000000 08:12 3542947                    /usr/local/jdk1.8.0_162/jre/lib/amd64/server/libjvm.so
7f7cd7ddd000-7f7cd7fdc000 ---p 00cd9000 08:12 3542947                    /usr/local/jdk1.8.0_162/jre/lib/amd64/server/libjvm.so
7f7cd7fdc000-7f7cd80b6000 rw-p 00cd8000 08:12 3542947                    /usr/local/jdk1.8.0_162/jre/lib/amd64/server/libjvm.so
7f7cd80b6000-7f7cd8101000 rw-p 00000000 00:00 0 
7f7cd8101000-7f7cd82c1000 r-xp 00000000 08:12 3941576                    /lib/x86_64-linux-gnu/libc-2.23.so
7f7cd82c1000-7f7cd84c1000 ---p 001c0000 08:12 3941576                    /lib/x86_64-linux-gnu/libc-2.23.so
7f7cd84c1000-7f7cd84c5000 r--p 001c0000 08:12 3941576                    /lib/x86_64-linux-gnu/libc-2.23.so
7f7cd84c5000-7f7cd84c7000 rw-p 001c4000 08:12 3941576                    /lib/x86_64-linux-gnu/libc-2.23.so
7f7cd84c7000-7f7cd84cb000 rw-p 00000000 00:00 0 
7f7cd84cb000-7f7cd84ce000 r-xp 00000000 08:12 3941544                    /lib/x86_64-linux-gnu/libdl-2.23.so
7f7cd84ce000-7f7cd86cd000 ---p 00003000 08:12 3941544                    /lib/x86_64-linux-gnu/libdl-2.23.so
7f7cd86cd000-7f7cd86ce000 r--p 00002000 08:12 3941544                    /lib/x86_64-linux-gnu/libdl-2.23.so
7f7cd86ce000-7f7cd86cf000 rw-p 00003000 08:12 3941544                    /lib/x86_64-linux-gnu/libdl-2.23.so
7f7cd86cf000-7f7cd86e5000 r-xp 00000000 08:12 1450668                    /usr/local/jdk1.8.0_162/lib/amd64/jli/libjli.so
7f7cd86e5000-7f7cd88e4000 ---p 00016000 08:12 1450668                    /usr/local/jdk1.8.0_162/lib/amd64/jli/libjli.so
7f7cd88e4000-7f7cd88e5000 rw-p 00015000 08:12 1450668                    /usr/local/jdk1.8.0_162/lib/amd64/jli/libjli.so
7f7cd88e5000-7f7cd88fd000 r-xp 00000000 08:12 3941548                    /lib/x86_64-linux-gnu/libpthread-2.23.so
7f7cd88fd000-7f7cd8afc000 ---p 00018000 08:12 3941548                    /lib/x86_64-linux-gnu/libpthread-2.23.so
7f7cd8afc000-7f7cd8afd000 r--p 00017000 08:12 3941548                    /lib/x86_64-linux-gnu/libpthread-2.23.so
7f7cd8afd000-7f7cd8afe000 rw-p 00018000 08:12 3941548                    /lib/x86_64-linux-gnu/libpthread-2.23.so
7f7cd8afe000-7f7cd8b02000 rw-p 00000000 00:00 0 
7f7cd8b02000-7f7cd8b28000 r-xp 00000000 08:12 3941546                    /lib/x86_64-linux-gnu/ld-2.23.so
7f7cd8b2a000-7f7cd8b2f000 r--s 002f9000 08:12 2508525                    /usr/local/jdk1.8.0_162/jre/lib/charsets.jar
7f7cd8b2f000-7f7cd8b32000 r--s 0001a000 08:12 2508541                    /usr/local/jdk1.8.0_162/jre/lib/jce.jar
7f7cd8b32000-7f7cd8bfd000 rw-p 00000000 00:00 0 
7f7cd8bfd000-7f7cd8c00000 ---p 00000000 00:00 0 
7f7cd8c00000-7f7cd8d03000 rw-p 00000000 00:00 0 
7f7cd8d05000-7f7cd8d0a000 r--s 0009d000 08:12 2508535                    /usr/local/jdk1.8.0_162/jre/lib/jsse.jar
7f7cd8d0a000-7f7cd8d1d000 r--s 00345000 08:12 2508531                    /usr/local/jdk1.8.0_162/jre/lib/resources.jar
7f7cd8d1d000-7f7cd8d25000 rw-s 00000000 08:12 6967249                    /tmp/hsperfdata_clexma/14222
7f7cd8d25000-7f7cd8d26000 rw-p 00000000 00:00 0 
7f7cd8d26000-7f7cd8d27000 r--p 00000000 00:00 0 
7f7cd8d27000-7f7cd8d28000 r--p 00025000 08:12 3941546                    /lib/x86_64-linux-gnu/ld-2.23.so
7f7cd8d28000-7f7cd8d29000 rw-p 00026000 08:12 3941546                    /lib/x86_64-linux-gnu/ld-2.23.so
7f7cd8d29000-7f7cd8d2a000 rw-p 00000000 00:00 0 
7ffe8fc9f000-7ffe8fcc0000 rw-p 00000000 00:00 0                          [stack]
7ffe8fde5000-7ffe8fde8000 r--p 00000000 00:00 0                          [vvar]
7ffe8fde8000-7ffe8fdea000 r-xp 00000000 00:00 0                          [vdso]
ffffffffff600000-ffffffffff601000 r-xp 00000000 00:00 0                  [vsyscall]

VM Arguments:
jvm_args: -Dfile.encoding=UTF-8 
java_command: other.ConverterZeroTest
java_class_path (initial): /usr/local/jdk1.8.0_162/jre/lib/resources.jar:/usr/local/jdk1.8.0_162/jre/lib/rt.jar:/usr/local/jdk1.8.0_162/jre/lib/jsse.jar:/usr/local/jdk1.8.0_162/jre/lib/jce.jar:/usr/local/jdk1.8.0_162/jre/lib/charsets.jar:/usr/local/jdk1.8.0_162/jre/lib/jfr.jar:/usr/local/jdk1.8.0_162/jre/lib/ext/localedata.jar:/usr/local/jdk1.8.0_162/jre/lib/ext/cldrdata.jar:/usr/local/jdk1.8.0_162/jre/lib/ext/dnsns.jar:/usr/local/jdk1.8.0_162/jre/lib/ext/sunec.jar:/usr/local/jdk1.8.0_162/jre/lib/ext/jaccess.jar:/usr/local/jdk1.8.0_162/jre/lib/ext/zipfs.jar:/usr/local/jdk1.8.0_162/jre/lib/ext/nashorn.jar:/usr/local/jdk1.8.0_162/jre/lib/ext/jfxrt.jar:/usr/local/jdk1.8.0_162/jre/lib/ext/sunpkcs11.jar:/usr/local/jdk1.8.0_162/jre/lib/ext/sunjce_provider.jar:/home/clexma/Desktop/intern/workspace/OCAReach2QFPA/bin:/home/clexma/Desktop/intern/workspace/OCAReach2QFPA/lib/com.microsoft.z3.jar:/home/clexma/.p2/pool/plugins/org.junit_4.12.0.v201504281640/junit.jar
Launcher Type: SUN_STANDARD

Environment Variables:
JAVA_HOME=/usr/local/jdk1.8.0_162
PATH=/home/clexma/bin:/home/clexma/.local/bin:/usr/local/sbin:/usr/local/bin:/usr/sbin:/usr/bin:/sbin:/bin:/usr/games:/usr/local/games:/node-v8.12.0-linux-x64/bin:/snap/bin:/home/clexma/bin:/usr/local/jdk1.8.0_162/bin
SHELL=/bin/zsh
DISPLAY=:0

Signal Handlers:
SIGSEGV: [libjvm.so+0xad03c0], sa_mask[0]=11111111011111111101111111111110, sa_flags=SA_RESTART|SA_SIGINFO
SIGBUS: [libjvm.so+0xad03c0], sa_mask[0]=11111111011111111101111111111110, sa_flags=SA_RESTART|SA_SIGINFO
SIGFPE: [libjvm.so+0x928210], sa_mask[0]=11111111011111111101111111111110, sa_flags=SA_RESTART|SA_SIGINFO
SIGPIPE: [libjvm.so+0x928210], sa_mask[0]=11111111011111111101111111111110, sa_flags=SA_RESTART|SA_SIGINFO
SIGXFSZ: [libjvm.so+0x928210], sa_mask[0]=11111111011111111101111111111110, sa_flags=SA_RESTART|SA_SIGINFO
SIGILL: [libjvm.so+0x928210], sa_mask[0]=11111111011111111101111111111110, sa_flags=SA_RESTART|SA_SIGINFO
SIGUSR1: SIG_DFL, sa_mask[0]=00000000000000000000000000000000, sa_flags=none
SIGUSR2: [libjvm.so+0x929a70], sa_mask[0]=00100000000000000000000000000000, sa_flags=SA_RESTART|SA_SIGINFO
SIGHUP: [libjvm.so+0x92ae70], sa_mask[0]=11111111011111111101111111111110, sa_flags=SA_RESTART|SA_SIGINFO
SIGINT: [libjvm.so+0x92ae70], sa_mask[0]=11111111011111111101111111111110, sa_flags=SA_RESTART|SA_SIGINFO
SIGTERM: [libjvm.so+0x92ae70], sa_mask[0]=11111111011111111101111111111110, sa_flags=SA_RESTART|SA_SIGINFO
SIGQUIT: [libjvm.so+0x92ae70], sa_mask[0]=11111111011111111101111111111110, sa_flags=SA_RESTART|SA_SIGINFO


---------------  S Y S T E M  ---------------

OS:DISTRIB_ID=Ubuntu
DISTRIB_RELEASE=16.04
DISTRIB_CODENAME=xenial
DISTRIB_DESCRIPTION="Ubuntu 16.04.6 LTS"

uname:Linux 4.15.0-54-generic #58~16.04.1-Ubuntu SMP Mon Jun 24 13:21:41 UTC 2019 x86_64
libc:glibc 2.23 NPTL 2.23 
rlimit: STACK 8192k, CORE 0k, NPROC 30873, NOFILE 1048576, AS infinity
load average:1.20 0.70 0.78

/proc/meminfo:
MemTotal:        8039572 kB
MemFree:          833836 kB
MemAvailable:    2835412 kB
Buffers:          364692 kB
Cached:          2480492 kB
SwapCached:            0 kB
Active:          4874396 kB
Inactive:        1901620 kB
Active(anon):    3856372 kB
Inactive(anon):   829952 kB
Active(file):    1018024 kB
Inactive(file):  1071668 kB
Unevictable:        8512 kB
Mlocked:            8600 kB
SwapTotal:       8260604 kB
SwapFree:        8260604 kB
Dirty:                80 kB
Writeback:             0 kB
AnonPages:       3937528 kB
Mapped:           934896 kB
Shmem:            836788 kB
Slab:             271340 kB
SReclaimable:     218580 kB
SUnreclaim:        52760 kB
KernelStack:       16608 kB
PageTables:        58548 kB
NFS_Unstable:          0 kB
Bounce:                0 kB
WritebackTmp:          0 kB
CommitLimit:    12280388 kB
Committed_AS:    9824916 kB
VmallocTotal:   34359738367 kB
VmallocUsed:           0 kB
VmallocChunk:          0 kB
HardwareCorrupted:     0 kB
AnonHugePages:         0 kB
ShmemHugePages:        0 kB
ShmemPmdMapped:        0 kB
CmaTotal:              0 kB
CmaFree:               0 kB
HugePages_Total:       0
HugePages_Free:        0
HugePages_Rsvd:        0
HugePages_Surp:        0
Hugepagesize:       2048 kB
DirectMap4k:      226148 kB
DirectMap2M:     5937152 kB
DirectMap1G:     3145728 kB


CPU:total 4 (initial active 4) (2 cores per cpu, 2 threads per core) family 6 model 61 stepping 4, cmov, cx8, fxsr, mmx, sse, sse2, sse3, ssse3, sse4.1, sse4.2, popcnt, avx, avx2, clmul, erms, 3dnowpref, lzcnt, ht, tsc, tscinvbit, bmi1, bmi2, adx

/proc/cpuinfo:
processor	: 0
vendor_id	: GenuineIntel
cpu family	: 6
model		: 61
model name	: Intel(R) Core(TM) i7-5500U CPU @ 2.40GHz
stepping	: 4
microcode	: 0x2d
cpu MHz		: 2868.653
cache size	: 4096 KB
physical id	: 0
siblings	: 4
core id		: 0
cpu cores	: 2
apicid		: 0
initial apicid	: 0
fpu		: yes
fpu_exception	: yes
cpuid level	: 20
wp		: yes
flags		: fpu vme de pse tsc msr pae mce cx8 apic sep mtrr pge mca cmov pat pse36 clflush dts acpi mmx fxsr sse sse2 ss ht tm pbe syscall nx pdpe1gb rdtscp lm constant_tsc arch_perfmon pebs bts rep_good nopl xtopology nonstop_tsc cpuid aperfmperf pni pclmulqdq dtes64 monitor ds_cpl vmx est tm2 ssse3 sdbg fma cx16 xtpr pdcm pcid sse4_1 sse4_2 x2apic movbe popcnt tsc_deadline_timer xsave avx f16c rdrand lahf_lm abm 3dnowprefetch cpuid_fault epb invpcid_single pti ssbd ibrs ibpb stibp tpr_shadow vnmi flexpriority ept vpid fsgsbase tsc_adjust bmi1 avx2 smep bmi2 erms invpcid rdseed adx smap intel_pt xsaveopt dtherm ida arat pln pts md_clear flush_l1d
bugs		: cpu_meltdown spectre_v1 spectre_v2 spec_store_bypass l1tf mds
bogomips	: 4788.82
clflush size	: 64
cache_alignment	: 64
address sizes	: 39 bits physical, 48 bits virtual
power management:

processor	: 1
vendor_id	: GenuineIntel
cpu family	: 6
model		: 61
model name	: Intel(R) Core(TM) i7-5500U CPU @ 2.40GHz
stepping	: 4
microcode	: 0x2d
cpu MHz		: 2654.455
cache size	: 4096 KB
physical id	: 0
siblings	: 4
core id		: 0
cpu cores	: 2
apicid		: 1
initial apicid	: 1
fpu		: yes
fpu_exception	: yes
cpuid level	: 20
wp		: yes
flags		: fpu vme de pse tsc msr pae mce cx8 apic sep mtrr pge mca cmov pat pse36 clflush dts acpi mmx fxsr sse sse2 ss ht tm pbe syscall nx pdpe1gb rdtscp lm constant_tsc arch_perfmon pebs bts rep_good nopl xtopology nonstop_tsc cpuid aperfmperf pni pclmulqdq dtes64 monitor ds_cpl vmx est tm2 ssse3 sdbg fma cx16 xtpr pdcm pcid sse4_1 sse4_2 x2apic movbe popcnt tsc_deadline_timer xsave avx f16c rdrand lahf_lm abm 3dnowprefetch cpuid_fault epb invpcid_single pti ssbd ibrs ibpb stibp tpr_shadow vnmi flexpriority ept vpid fsgsbase tsc_adjust bmi1 avx2 smep bmi2 erms invpcid rdseed adx smap intel_pt xsaveopt dtherm ida arat pln pts md_clear flush_l1d
bugs		: cpu_meltdown spectre_v1 spectre_v2 spec_store_bypass l1tf mds
bogomips	: 4788.82
clflush size	: 64
cache_alignment	: 64
address sizes	: 39 bits physical, 48 bits virtual
power management:

processor	: 2
vendor_id	: GenuineIntel
cpu family	: 6
model		: 61
model name	: Intel(R) Core(TM) i7-5500U CPU @ 2.40GHz
stepping	: 4
microcode	: 0x2d
cpu MHz		: 2628.673
cache size	: 4096 KB
physical id	: 0
siblings	: 4
core id		: 1
cpu cores	: 2
apicid		: 2
initial apicid	: 2
fpu		: yes
fpu_exception	: yes
cpuid level	: 20
wp		: yes
flags		: fpu vme de pse tsc msr pae mce cx8 apic sep mtrr pge mca cmov pat pse36 clflush dts acpi mmx fxsr sse sse2 ss ht tm pbe syscall nx pdpe1gb rdtscp lm constant_tsc arch_perfmon pebs bts rep_good nopl xtopology nonstop_tsc cpuid aperfmperf pni pclmulqdq dtes64 monitor ds_cpl vmx est tm2 ssse3 sdbg fma cx16 xtpr pdcm pcid sse4_1 sse4_2 x2apic movbe popcnt tsc_deadline_timer xsave avx f16c rdrand lahf_lm abm 3dnowprefetch cpuid_fault epb invpcid_single pti ssbd ibrs ibpb stibp tpr_shadow vnmi flexpriority ept vpid fsgsbase tsc_adjust bmi1 avx2 smep bmi2 erms invpcid rdseed adx smap intel_pt xsaveopt dtherm ida arat pln pts md_clear flush_l1d
bugs		: cpu_meltdown spectre_v1 spectre_v2 spec_store_bypass l1tf mds
bogomips	: 4788.82
clflush size	: 64
cache_alignment	: 64
address sizes	: 39 bits physical, 48 bits virtual
power management:

processor	: 3
vendor_id	: GenuineIntel
cpu family	: 6
model		: 61
model name	: Intel(R) Core(TM) i7-5500U CPU @ 2.40GHz
stepping	: 4
microcode	: 0x2d
cpu MHz		: 2810.938
cache size	: 4096 KB
physical id	: 0
siblings	: 4
core id		: 1
cpu cores	: 2
apicid		: 3
initial apicid	: 3
fpu		: yes
fpu_exception	: yes
cpuid level	: 20
wp		: yes
flags		: fpu vme de pse tsc msr pae mce cx8 apic sep mtrr pge mca cmov pat pse36 clflush dts acpi mmx fxsr sse sse2 ss ht tm pbe syscall nx pdpe1gb rdtscp lm constant_tsc arch_perfmon pebs bts rep_good nopl xtopology nonstop_tsc cpuid aperfmperf pni pclmulqdq dtes64 monitor ds_cpl vmx est tm2 ssse3 sdbg fma cx16 xtpr pdcm pcid sse4_1 sse4_2 x2apic movbe popcnt tsc_deadline_timer xsave avx f16c rdrand lahf_lm abm 3dnowprefetch cpuid_fault epb invpcid_single pti ssbd ibrs ibpb stibp tpr_shadow vnmi flexpriority ept vpid fsgsbase tsc_adjust bmi1 avx2 smep bmi2 erms invpcid rdseed adx smap intel_pt xsaveopt dtherm ida arat pln pts md_clear flush_l1d
bugs		: cpu_meltdown spectre_v1 spectre_v2 spec_store_bypass l1tf mds
bogomips	: 4788.82
clflush size	: 64
cache_alignment	: 64
address sizes	: 39 bits physical, 48 bits virtual
power management:



Memory: 4k page, physical 8039572k(833932k free), swap 8260604k(8260604k free)

vm_info: Java HotSpot(TM) 64-Bit Server VM (25.162-b12) for linux-amd64 JRE (1.8.0_162-b12), built on Dec 19 2017 21:15:48 by "java_re" with gcc 4.3.0 20080428 (Red Hat 4.3.0-8)

time: Thu Jul  4 14:38:26 2019
elapsed time: 0 seconds (0d 0h 0m 0s)

