#
# A fatal error has been detected by the Java Runtime Environment:
#
#  SIGSEGV (0xb) at pc=0x00007f83d68fac6c, pid=14397, tid=0x00007f83fd9ea700
#
# JRE version: Java(TM) SE Runtime Environment (8.0_162-b12) (build 1.8.0_162-b12)
# Java VM: Java HotSpot(TM) 64-Bit Server VM (25.162-b12 mixed mode linux-amd64 compressed oops)
# Problematic frame:
# C  [libz3.so+0xdcc6c]  Z3_mk_quantifier_const_ex+0xec
#
# Failed to write core dump. Core dumps have been disabled. To enable core dumping, try "ulimit -c unlimited" before starting Java again
#
# If you would like to submit a bug report, please visit:
#   http://bugreport.java.com/bugreport/crash.jsp
# The crash happened outside the Java Virtual Machine in native code.
# See problematic frame for where to report the bug.
#

---------------  T H R E A D  ---------------

Current thread (0x00007f83f400b000):  JavaThread "main" [_thread_in_native, id=14402, stack(0x00007f83fd8ea000,0x00007f83fd9eb000)]

siginfo: si_signo: 11 (SIGSEGV), si_code: 1 (SEGV_MAPERR), si_addr: 0x0000000000000004

Registers:
RAX=0x0000000000000000, RBX=0x0000000000000000, RCX=0x0000000000000002, RDX=0x0000000000000001
RSP=0x00007f83fd9e91b0, RBP=0x00007f83fd9e9350, RSI=0x0000000000000000, RDI=0x0000000000000000
R8 =0x0000000000000000, R9 =0x0000000000000002, R10=0x0000000000000313, R11=0x00007f83d68fab80
R12=0x0000000000000001, R13=0x00007f83fd9e94e0, R14=0x00007f83f41a9438, R15=0x00007f83f41ef670
RIP=0x00007f83d68fac6c, EFLAGS=0x0000000000010202, CSGSFS=0x002b000000000033, ERR=0x0000000000000004
  TRAPNO=0x000000000000000e

Top of Stack: (sp=0x00007f83fd9e91b0)
0x00007f83fd9e91b0:   7478203d3e282029 00007f83f41a9438
0x00007f83fd9e91c0:   0000000000000000 0000000000000000
0x00007f83fd9e91d0:   0000000000000001 0000000000000000
0x00007f83fd9e91e0:   0000000000000000 00000000000000b8
0x00007f83fd9e91f0:   0000000000000000 0000000000000002
0x00007f83fd9e9200:   00007f83f4198b68 0000000000000000
0x00007f83fd9e9210:   0000000000000000 0000000000000000
0x00007f83fd9e9220:   0000000000000000 0000000000000000
0x00007f83fd9e9230:   0000000000000000 0000000000000000
0x00007f83fd9e9240:   0000000000000000 0000000000000000
0x00007f83fd9e9250:   0000000000000000 0000000000000000
0x00007f83fd9e9260:   0000000000000000 0000000000000000
0x00007f83fd9e9270:   0000000000000000 0000000000000000
0x00007f83fd9e9280:   0000000000000000 0000000000000000
0x00007f83fd9e9290:   0000000000000000 0000000000000000
0x00007f83fd9e92a0:   0000000000000000 0000000000000000
0x00007f83fd9e92b0:   0000000000000000 0000000000000000
0x00007f83fd9e92c0:   0000000000000000 0000000000000000
0x00007f83fd9e92d0:   0000000000000000 0000000000000000
0x00007f83fd9e92e0:   0000000000000000 0000000000000000
0x00007f83fd9e92f0:   0000000000000000 0000000000000000
0x00007f83fd9e9300:   0000000000000000 0000000000000000
0x00007f83fd9e9310:   0000000000000000 c670f259401dc100
0x00007f83fd9e9320:   0000000000000000 00007f83f400b1f8
0x00007f83fd9e9330:   0000000000000001 00007f83fd9e94e0
0x00007f83fd9e9340:   00007f83f41a9438 00007f83f41ef670
0x00007f83fd9e9350:   0000000000000000 00007f83d68fbf65
0x00007f83fd9e9360:   00007f83f41ef670 0000000000000000
0x00007f83fd9e9370:   0000000000000000 0000000000000000
0x00007f83fd9e9380:   0000000000000000 00007f83f41a9438
0x00007f83fd9e9390:   0000000000000003 00007f83d7df1b9b
0x00007f83fd9e93a0:   0000000000000000 00007f83f41a9438 

Instructions: (pc=0x00007f83d68fac6c)
0x00007f83d68fac4c:   85 ff 74 0b 8b 75 28 85 f6 0f 85 a5 01 00 00 8b
0x00007f83d68fac5c:   8d a8 fe ff ff 85 c9 0f 84 6f 03 00 00 49 8b 1f
0x00007f83d68fac6c:   66 83 7b 04 00 0f 85 eb 0b 00 00 8b 85 a8 fe ff
0x00007f83d68fac7c:   ff 4d 8d 67 08 48 c7 85 c8 fe ff ff 00 00 00 00 

Register to memory mapping:

RAX=0x0000000000000000 is an unknown value
RBX=0x0000000000000000 is an unknown value
RCX=0x0000000000000002 is an unknown value
RDX=0x0000000000000001 is an unknown value
RSP=0x00007f83fd9e91b0 is pointing into the stack for thread: 0x00007f83f400b000
RBP=0x00007f83fd9e9350 is pointing into the stack for thread: 0x00007f83f400b000
RSI=0x0000000000000000 is an unknown value
RDI=0x0000000000000000 is an unknown value
R8 =0x0000000000000000 is an unknown value
R9 =0x0000000000000002 is an unknown value
R10=0x0000000000000313 is an unknown value
R11=0x00007f83d68fab80: Z3_mk_quantifier_const_ex+0 in /usr/lib/libz3.so at 0x00007f83d681e000
R12=0x0000000000000001 is an unknown value
R13=0x00007f83fd9e94e0 is pointing into the stack for thread: 0x00007f83f400b000
R14=0x00007f83f41a9438 is an unknown value
R15=0x00007f83f41ef670 is an unknown value


Stack: [0x00007f83fd8ea000,0x00007f83fd9eb000],  sp=0x00007f83fd9e91b0,  free space=1020k
Native frames: (J=compiled Java code, j=interpreted, Vv=VM code, C=native code)
C  [libz3.so+0xdcc6c]  Z3_mk_quantifier_const_ex+0xec
C  [libz3.so+0xddf65]  Z3_mk_quantifier_const+0x25

Java frames: (J=compiled Java code, j=interpreted, Vv=VM code)
j  com.microsoft.z3.Native.INTERNALmkQuantifierConst(JZII[JI[JJ)J+0
j  com.microsoft.z3.Native.mkQuantifierConst(JZII[JI[JJ)J+13
j  com.microsoft.z3.Quantifier.of(Lcom/microsoft/z3/Context;Z[Lcom/microsoft/z3/Expr;Lcom/microsoft/z3/Expr;I[Lcom/microsoft/z3/Pattern;[Lcom/microsoft/z3/Expr;Lcom/microsoft/z3/Symbol;Lcom/microsoft/z3/Symbol;)Lcom/microsoft/z3/Quantifier;+61
j  com.microsoft.z3.Context.mkExists([Lcom/microsoft/z3/Expr;Lcom/microsoft/z3/Expr;I[Lcom/microsoft/z3/Pattern;[Lcom/microsoft/z3/Expr;Lcom/microsoft/z3/Symbol;Lcom/microsoft/z3/Symbol;)Lcom/microsoft/z3/Quantifier;+13
j  formula.generator.QFPAGenerator.mkExistsQuantifier([Lcom/microsoft/z3/IntExpr;Lcom/microsoft/z3/Expr;)Lcom/microsoft/z3/Expr;+11
j  ocareach.ConverterZero.genZTPathForm(Lgraph/directed/zerograph/ZTPath;Lcom/microsoft/z3/IntExpr;Lcom/microsoft/z3/IntExpr;)Lcom/microsoft/z3/BoolExpr;+487
j  ocareach.ConverterZero.convertZero(Lautomata/State;Lautomata/State;)Ljava/lang/String;+170
j  ocareach.ConverterZero.convert()Ljava/lang/String;+25
j  other.ConverterZeroTest.main([Ljava/lang/String;)V+113
v  ~StubRoutines::call_stub

---------------  P R O C E S S  ---------------

Java Threads: ( => current thread )
  0x00007f83f40d2000 JavaThread "Service Thread" daemon [_thread_blocked, id=14415, stack(0x00007f83e416b000,0x00007f83e426c000)]
  0x00007f83f40bf000 JavaThread "C1 CompilerThread2" daemon [_thread_blocked, id=14414, stack(0x00007f83e426c000,0x00007f83e436d000)]
  0x00007f83f40bd000 JavaThread "C2 CompilerThread1" daemon [_thread_blocked, id=14413, stack(0x00007f83e436d000,0x00007f83e446e000)]
  0x00007f83f40ba000 JavaThread "C2 CompilerThread0" daemon [_thread_blocked, id=14412, stack(0x00007f83e446e000,0x00007f83e456f000)]
  0x00007f83f40b8800 JavaThread "Signal Dispatcher" daemon [_thread_blocked, id=14411, stack(0x00007f83e456f000,0x00007f83e4670000)]
  0x00007f83f4085000 JavaThread "Finalizer" daemon [_thread_blocked, id=14410, stack(0x00007f83e4afb000,0x00007f83e4bfc000)]
  0x00007f83f4080800 JavaThread "Reference Handler" daemon [_thread_blocked, id=14409, stack(0x00007f83e4bfc000,0x00007f83e4cfd000)]
=>0x00007f83f400b000 JavaThread "main" [_thread_in_native, id=14402, stack(0x00007f83fd8ea000,0x00007f83fd9eb000)]

Other Threads:
  0x00007f83f4078800 VMThread [stack: 0x00007f83e4cfd000,0x00007f83e4dfe000] [id=14408]
  0x00007f83f40d7000 WatcherThread [stack: 0x00007f83e406a000,0x00007f83e416b000] [id=14416]

VM state:not at safepoint (normal execution)

VM Mutex/Monitor currently owned by a thread: None

Heap:
 PSYoungGen      total 36864K, used 3809K [0x00000000d7180000, 0x00000000d9a80000, 0x0000000100000000)
  eden space 31744K, 12% used [0x00000000d7180000,0x00000000d75385d0,0x00000000d9080000)
  from space 5120K, 0% used [0x00000000d9580000,0x00000000d9580000,0x00000000d9a80000)
  to   space 5120K, 0% used [0x00000000d9080000,0x00000000d9080000,0x00000000d9580000)
 ParOldGen       total 84992K, used 0K [0x0000000085400000, 0x000000008a700000, 0x00000000d7180000)
  object space 84992K, 0% used [0x0000000085400000,0x0000000085400000,0x000000008a700000)
 Metaspace       used 3975K, capacity 5464K, committed 5760K, reserved 1056768K
  class space    used 430K, capacity 520K, committed 640K, reserved 1048576K

Card table byte_map: [0x00007f83fa2b2000,0x00007f83fa689000] byte_map_base: 0x00007f83f9e88000

Marking Bits: (ParMarkBitMap*) 0x00007f83fcdc0ca0
 Begin Bits: [0x00007f83dc2a0000, 0x00007f83de150000)
 End Bits:   [0x00007f83de150000, 0x00007f83e0000000)

Polling page: 0x00007f83fda13000

CodeCache: size=245760Kb used=1451Kb max_used=1451Kb free=244308Kb
 bounds [0x00007f83e5000000, 0x00007f83e5270000, 0x00007f83f4000000]
 total_blobs=466 nmethods=175 adapters=205
 compilation: enabled

Compilation events (10 events):
Event: 0.177 Thread 0x00007f83f40bf000  169       1       com.microsoft.z3.Z3Object::getContext (5 bytes)
Event: 0.177 Thread 0x00007f83f40bf000 nmethod 169 0x00007f83e5169510 code [0x00007f83e5169660, 0x00007f83e5169770]
Event: 0.178 Thread 0x00007f83f40bf000  170       3       java.lang.Integer::valueOf (32 bytes)
Event: 0.178 Thread 0x00007f83f40bf000 nmethod 170 0x00007f83e51697d0 code [0x00007f83e5169960, 0x00007f83e5169cb0]
Event: 0.179 Thread 0x00007f83f40bf000  171       3       java.lang.Integer::hashCode (8 bytes)
Event: 0.179 Thread 0x00007f83f40bf000 nmethod 171 0x00007f83e5169e50 code [0x00007f83e5169fc0, 0x00007f83e516a170]
Event: 0.179 Thread 0x00007f83f40bf000  172       3       java.lang.Integer::hashCode (2 bytes)
Event: 0.179 Thread 0x00007f83f40bf000 nmethod 172 0x00007f83e516a210 code [0x00007f83e516a360, 0x00007f83e516a490]
Event: 0.179 Thread 0x00007f83f40bf000  173       3       java.nio.CharBuffer::arrayOffset (35 bytes)
Event: 0.179 Thread 0x00007f83f40bf000 nmethod 173 0x00007f83e516a8d0 code [0x00007f83e516aa60, 0x00007f83e516ad18]

GC Heap History (0 events):
No events

Deoptimization events (0 events):
No events

Classes redefined (0 events):
No events

Internal exceptions (2 events):
Event: 0.028 Thread 0x00007f83f400b000 Exception <a 'java/lang/NoSuchMethodError': Method sun.misc.Unsafe.defineClass(Ljava/lang/String;[BII)Ljava/lang/Class; name or signature does not match> (0x00000000d7187ca0) thrown at [/HUDSON/workspace/8-2-build-linux-amd64/jdk8u162/10278/hotspot/src/sh
Event: 0.028 Thread 0x00007f83f400b000 Exception <a 'java/lang/NoSuchMethodError': Method sun.misc.Unsafe.prefetchRead(Ljava/lang/Object;J)V name or signature does not match> (0x00000000d7187f88) thrown at [/HUDSON/workspace/8-2-build-linux-amd64/jdk8u162/10278/hotspot/src/share/vm/prims/jni.c

Events (10 events):
Event: 0.174 loading class table/dwt/DWTEntry
Event: 0.174 loading class table/dwt/DWTEntry done
Event: 0.174 loading class graph/directed/abs/LoopTag
Event: 0.174 loading class graph/directed/abs/LoopTag done
Event: 0.175 loading class graph/directed/abs/ASDGPath
Event: 0.175 loading class graph/directed/abs/ASDGPath done
Event: 0.176 loading class graph/directed/DGPath
Event: 0.176 loading class graph/directed/DGPath done
Event: 0.179 loading class com/microsoft/z3/Pattern
Event: 0.179 loading class com/microsoft/z3/Pattern done


Dynamic libraries:
00400000-00401000 r-xp 00000000 08:12 1328075                            /usr/local/jdk1.8.0_162/bin/java
00600000-00601000 rw-p 00000000 08:12 1328075                            /usr/local/jdk1.8.0_162/bin/java
01afd000-01b1e000 rw-p 00000000 00:00 0                                  [heap]
85400000-8a700000 rw-p 00000000 00:00 0 
8a700000-d7180000 ---p 00000000 00:00 0 
d7180000-d9a80000 rw-p 00000000 00:00 0 
d9a80000-100000000 ---p 00000000 00:00 0 
100000000-1000a0000 rw-p 00000000 00:00 0 
1000a0000-140000000 ---p 00000000 00:00 0 
7f83a8000000-7f83a8021000 rw-p 00000000 00:00 0 
7f83a8021000-7f83ac000000 ---p 00000000 00:00 0 
7f83ac000000-7f83ac021000 rw-p 00000000 00:00 0 
7f83ac021000-7f83b0000000 ---p 00000000 00:00 0 
7f83b0000000-7f83b00f1000 rw-p 00000000 00:00 0 
7f83b00f1000-7f83b4000000 ---p 00000000 00:00 0 
7f83b4000000-7f83b415e000 rw-p 00000000 00:00 0 
7f83b415e000-7f83b8000000 ---p 00000000 00:00 0 
7f83b8000000-7f83b8021000 rw-p 00000000 00:00 0 
7f83b8021000-7f83bc000000 ---p 00000000 00:00 0 
7f83bc000000-7f83bc066000 rw-p 00000000 00:00 0 
7f83bc066000-7f83c0000000 ---p 00000000 00:00 0 
7f83c0000000-7f83c0021000 rw-p 00000000 00:00 0 
7f83c0021000-7f83c4000000 ---p 00000000 00:00 0 
7f83c4000000-7f83c4021000 rw-p 00000000 00:00 0 
7f83c4021000-7f83c8000000 ---p 00000000 00:00 0 
7f83c8000000-7f83c8021000 rw-p 00000000 00:00 0 
7f83c8021000-7f83cc000000 ---p 00000000 00:00 0 
7f83cc000000-7f83cc021000 rw-p 00000000 00:00 0 
7f83cc021000-7f83d0000000 ---p 00000000 00:00 0 
7f83d0000000-7f83d0021000 rw-p 00000000 00:00 0 
7f83d0021000-7f83d4000000 ---p 00000000 00:00 0 
7f83d6064000-7f83d607a000 r-xp 00000000 08:12 3936818                    /lib/x86_64-linux-gnu/libgcc_s.so.1
7f83d607a000-7f83d6279000 ---p 00016000 08:12 3936818                    /lib/x86_64-linux-gnu/libgcc_s.so.1
7f83d6279000-7f83d627a000 rw-p 00015000 08:12 3936818                    /lib/x86_64-linux-gnu/libgcc_s.so.1
7f83d627a000-7f83d629b000 r-xp 00000000 08:12 1316011                    /usr/lib/x86_64-linux-gnu/libgomp.so.1.0.0
7f83d629b000-7f83d649a000 ---p 00021000 08:12 1316011                    /usr/lib/x86_64-linux-gnu/libgomp.so.1.0.0
7f83d649a000-7f83d649b000 r--p 00020000 08:12 1316011                    /usr/lib/x86_64-linux-gnu/libgomp.so.1.0.0
7f83d649b000-7f83d649c000 rw-p 00021000 08:12 1316011                    /usr/lib/x86_64-linux-gnu/libgomp.so.1.0.0
7f83d649c000-7f83d660e000 r-xp 00000000 08:12 1317647                    /usr/lib/x86_64-linux-gnu/libstdc++.so.6.0.21
7f83d660e000-7f83d680e000 ---p 00172000 08:12 1317647                    /usr/lib/x86_64-linux-gnu/libstdc++.so.6.0.21
7f83d680e000-7f83d6818000 r--p 00172000 08:12 1317647                    /usr/lib/x86_64-linux-gnu/libstdc++.so.6.0.21
7f83d6818000-7f83d681a000 rw-p 0017c000 08:12 1317647                    /usr/lib/x86_64-linux-gnu/libstdc++.so.6.0.21
7f83d681a000-7f83d681e000 rw-p 00000000 00:00 0 
7f83d681e000-7f83d7bac000 r-xp 00000000 08:12 1326236                    /usr/lib/libz3.so
7f83d7bac000-7f83d7dac000 ---p 0138e000 08:12 1326236                    /usr/lib/libz3.so
7f83d7dac000-7f83d7dce000 r--p 0138e000 08:12 1326236                    /usr/lib/libz3.so
7f83d7dce000-7f83d7dd1000 rw-p 013b0000 08:12 1326236                    /usr/lib/libz3.so
7f83d7dd1000-7f83d7dd2000 rw-p 00000000 00:00 0 
7f83d7dd2000-7f83d7dfd000 r-xp 00000000 08:12 1326238                    /usr/lib/libz3java.so
7f83d7dfd000-7f83d7ffd000 ---p 0002b000 08:12 1326238                    /usr/lib/libz3java.so
7f83d7ffd000-7f83d7ffe000 r--p 0002b000 08:12 1326238                    /usr/lib/libz3java.so
7f83d7ffe000-7f83d8000000 rw-p 0002c000 08:12 1326238                    /usr/lib/libz3java.so
7f83d8000000-7f83d8021000 rw-p 00000000 00:00 0 
7f83d8021000-7f83dc000000 ---p 00000000 00:00 0 
7f83dc20a000-7f83dc2a0000 r--s 0110a000 08:12 3150950                    /usr/local/jdk1.8.0_162/jre/lib/ext/jfxrt.jar
7f83dc2a0000-7f83e0000000 rw-p 00000000 00:00 0 
7f83e0000000-7f83e0021000 rw-p 00000000 00:00 0 
7f83e0021000-7f83e4000000 ---p 00000000 00:00 0 
7f83e406a000-7f83e406b000 ---p 00000000 00:00 0 
7f83e406b000-7f83e416b000 rw-p 00000000 00:00 0 
7f83e416b000-7f83e416e000 ---p 00000000 00:00 0 
7f83e416e000-7f83e426c000 rw-p 00000000 00:00 0 
7f83e426c000-7f83e426f000 ---p 00000000 00:00 0 
7f83e426f000-7f83e436d000 rw-p 00000000 00:00 0 
7f83e436d000-7f83e4370000 ---p 00000000 00:00 0 
7f83e4370000-7f83e446e000 rw-p 00000000 00:00 0 
7f83e446e000-7f83e4471000 ---p 00000000 00:00 0 
7f83e4471000-7f83e456f000 rw-p 00000000 00:00 0 
7f83e456f000-7f83e4572000 ---p 00000000 00:00 0 
7f83e4572000-7f83e4670000 rw-p 00000000 00:00 0 
7f83e4670000-7f83e4afb000 r--p 00000000 08:12 1313896                    /usr/lib/locale/locale-archive
7f83e4afb000-7f83e4afe000 ---p 00000000 00:00 0 
7f83e4afe000-7f83e4bfc000 rw-p 00000000 00:00 0 
7f83e4bfc000-7f83e4bff000 ---p 00000000 00:00 0 
7f83e4bff000-7f83e4cfd000 rw-p 00000000 00:00 0 
7f83e4cfd000-7f83e4cfe000 ---p 00000000 00:00 0 
7f83e4cfe000-7f83e5000000 rw-p 00000000 00:00 0 
7f83e5000000-7f83e5270000 rwxp 00000000 00:00 0 
7f83e5270000-7f83f4000000 ---p 00000000 00:00 0 
7f83f4000000-7f83f43f8000 rw-p 00000000 00:00 0 
7f83f43f8000-7f83f8000000 ---p 00000000 00:00 0 
7f83f8012000-7f83f8015000 r--s 00027000 08:12 5521420                    /home/clexma/Desktop/intern/workspace/OCAReach2QFPA/lib/com.microsoft.z3.jar
7f83f8015000-7f83f801a000 r--s 00084000 08:12 2508504                    /usr/local/jdk1.8.0_162/jre/lib/jfr.jar
7f83f801a000-7f83f8dfa000 rw-p 00000000 00:00 0 
7f83f8dfa000-7f83f8fd3000 r--s 03d65000 08:12 2508527                    /usr/local/jdk1.8.0_162/jre/lib/rt.jar
7f83f8fd3000-7f83f9549000 rw-p 00000000 00:00 0 
7f83f9549000-7f83f9849000 ---p 00000000 00:00 0 
7f83f9849000-7f83f9c1f000 rw-p 00000000 00:00 0 
7f83f9c1f000-7f83f9c20000 ---p 00000000 00:00 0 
7f83f9c20000-7f83f9d20000 rw-p 00000000 00:00 0 
7f83f9d20000-7f83f9d21000 ---p 00000000 00:00 0 
7f83f9d21000-7f83f9e21000 rw-p 00000000 00:00 0 
7f83f9e21000-7f83f9e22000 ---p 00000000 00:00 0 
7f83f9e22000-7f83f9f22000 rw-p 00000000 00:00 0 
7f83f9f22000-7f83f9f23000 ---p 00000000 00:00 0 
7f83f9f23000-7f83fa04d000 rw-p 00000000 00:00 0 
7f83fa04d000-7f83fa2b2000 ---p 00000000 00:00 0 
7f83fa2b2000-7f83fa2dc000 rw-p 00000000 00:00 0 
7f83fa2dc000-7f83fa540000 ---p 00000000 00:00 0 
7f83fa540000-7f83fa556000 rw-p 00000000 00:00 0 
7f83fa556000-7f83fa688000 ---p 00000000 00:00 0 
7f83fa688000-7f83fa693000 rw-p 00000000 00:00 0 
7f83fa693000-7f83faa49000 ---p 00000000 00:00 0 
7f83faa49000-7f83faa64000 r-xp 00000000 08:12 3542971                    /usr/local/jdk1.8.0_162/jre/lib/amd64/libzip.so
7f83faa64000-7f83fac64000 ---p 0001b000 08:12 3542971                    /usr/local/jdk1.8.0_162/jre/lib/amd64/libzip.so
7f83fac64000-7f83fac65000 rw-p 0001b000 08:12 3542971                    /usr/local/jdk1.8.0_162/jre/lib/amd64/libzip.so
7f83fac65000-7f83fac70000 r-xp 00000000 08:12 3941570                    /lib/x86_64-linux-gnu/libnss_files-2.23.so
7f83fac70000-7f83fae6f000 ---p 0000b000 08:12 3941570                    /lib/x86_64-linux-gnu/libnss_files-2.23.so
7f83fae6f000-7f83fae70000 r--p 0000a000 08:12 3941570                    /lib/x86_64-linux-gnu/libnss_files-2.23.so
7f83fae70000-7f83fae71000 rw-p 0000b000 08:12 3941570                    /lib/x86_64-linux-gnu/libnss_files-2.23.so
7f83fae71000-7f83fae77000 rw-p 00000000 00:00 0 
7f83fae77000-7f83fae82000 r-xp 00000000 08:12 3941554                    /lib/x86_64-linux-gnu/libnss_nis-2.23.so
7f83fae82000-7f83fb081000 ---p 0000b000 08:12 3941554                    /lib/x86_64-linux-gnu/libnss_nis-2.23.so
7f83fb081000-7f83fb082000 r--p 0000a000 08:12 3941554                    /lib/x86_64-linux-gnu/libnss_nis-2.23.so
7f83fb082000-7f83fb083000 rw-p 0000b000 08:12 3941554                    /lib/x86_64-linux-gnu/libnss_nis-2.23.so
7f83fb083000-7f83fb099000 r-xp 00000000 08:12 3941565                    /lib/x86_64-linux-gnu/libnsl-2.23.so
7f83fb099000-7f83fb298000 ---p 00016000 08:12 3941565                    /lib/x86_64-linux-gnu/libnsl-2.23.so
7f83fb298000-7f83fb299000 r--p 00015000 08:12 3941565                    /lib/x86_64-linux-gnu/libnsl-2.23.so
7f83fb299000-7f83fb29a000 rw-p 00016000 08:12 3941565                    /lib/x86_64-linux-gnu/libnsl-2.23.so
7f83fb29a000-7f83fb29c000 rw-p 00000000 00:00 0 
7f83fb29c000-7f83fb2a4000 r-xp 00000000 08:12 3941578                    /lib/x86_64-linux-gnu/libnss_compat-2.23.so
7f83fb2a4000-7f83fb4a3000 ---p 00008000 08:12 3941578                    /lib/x86_64-linux-gnu/libnss_compat-2.23.so
7f83fb4a3000-7f83fb4a4000 r--p 00007000 08:12 3941578                    /lib/x86_64-linux-gnu/libnss_compat-2.23.so
7f83fb4a4000-7f83fb4a5000 rw-p 00008000 08:12 3941578                    /lib/x86_64-linux-gnu/libnss_compat-2.23.so
7f83fb4a5000-7f83fb4d0000 r-xp 00000000 08:12 3542965                    /usr/local/jdk1.8.0_162/jre/lib/amd64/libjava.so
7f83fb4d0000-7f83fb6cf000 ---p 0002b000 08:12 3542965                    /usr/local/jdk1.8.0_162/jre/lib/amd64/libjava.so
7f83fb6cf000-7f83fb6d1000 rw-p 0002a000 08:12 3542965                    /usr/local/jdk1.8.0_162/jre/lib/amd64/libjava.so
7f83fb6d1000-7f83fb6de000 r-xp 00000000 08:12 3542970                    /usr/local/jdk1.8.0_162/jre/lib/amd64/libverify.so
7f83fb6de000-7f83fb8de000 ---p 0000d000 08:12 3542970                    /usr/local/jdk1.8.0_162/jre/lib/amd64/libverify.so
7f83fb8de000-7f83fb8e0000 rw-p 0000d000 08:12 3542970                    /usr/local/jdk1.8.0_162/jre/lib/amd64/libverify.so
7f83fb8e0000-7f83fb8e7000 r-xp 00000000 08:12 3941539                    /lib/x86_64-linux-gnu/librt-2.23.so
7f83fb8e7000-7f83fbae6000 ---p 00007000 08:12 3941539                    /lib/x86_64-linux-gnu/librt-2.23.so
7f83fbae6000-7f83fbae7000 r--p 00006000 08:12 3941539                    /lib/x86_64-linux-gnu/librt-2.23.so
7f83fbae7000-7f83fbae8000 rw-p 00007000 08:12 3941539                    /lib/x86_64-linux-gnu/librt-2.23.so
7f83fbae8000-7f83fbbf0000 r-xp 00000000 08:12 3941580                    /lib/x86_64-linux-gnu/libm-2.23.so
7f83fbbf0000-7f83fbdef000 ---p 00108000 08:12 3941580                    /lib/x86_64-linux-gnu/libm-2.23.so
7f83fbdef000-7f83fbdf0000 r--p 00107000 08:12 3941580                    /lib/x86_64-linux-gnu/libm-2.23.so
7f83fbdf0000-7f83fbdf1000 rw-p 00108000 08:12 3941580                    /lib/x86_64-linux-gnu/libm-2.23.so
7f83fbdf1000-7f83fcaca000 r-xp 00000000 08:12 3542947                    /usr/local/jdk1.8.0_162/jre/lib/amd64/server/libjvm.so
7f83fcaca000-7f83fccc9000 ---p 00cd9000 08:12 3542947                    /usr/local/jdk1.8.0_162/jre/lib/amd64/server/libjvm.so
7f83fccc9000-7f83fcda3000 rw-p 00cd8000 08:12 3542947                    /usr/local/jdk1.8.0_162/jre/lib/amd64/server/libjvm.so
7f83fcda3000-7f83fcdee000 rw-p 00000000 00:00 0 
7f83fcdee000-7f83fcfae000 r-xp 00000000 08:12 3941576                    /lib/x86_64-linux-gnu/libc-2.23.so
7f83fcfae000-7f83fd1ae000 ---p 001c0000 08:12 3941576                    /lib/x86_64-linux-gnu/libc-2.23.so
7f83fd1ae000-7f83fd1b2000 r--p 001c0000 08:12 3941576                    /lib/x86_64-linux-gnu/libc-2.23.so
7f83fd1b2000-7f83fd1b4000 rw-p 001c4000 08:12 3941576                    /lib/x86_64-linux-gnu/libc-2.23.so
7f83fd1b4000-7f83fd1b8000 rw-p 00000000 00:00 0 
7f83fd1b8000-7f83fd1bb000 r-xp 00000000 08:12 3941544                    /lib/x86_64-linux-gnu/libdl-2.23.so
7f83fd1bb000-7f83fd3ba000 ---p 00003000 08:12 3941544                    /lib/x86_64-linux-gnu/libdl-2.23.so
7f83fd3ba000-7f83fd3bb000 r--p 00002000 08:12 3941544                    /lib/x86_64-linux-gnu/libdl-2.23.so
7f83fd3bb000-7f83fd3bc000 rw-p 00003000 08:12 3941544                    /lib/x86_64-linux-gnu/libdl-2.23.so
7f83fd3bc000-7f83fd3d2000 r-xp 00000000 08:12 1450668                    /usr/local/jdk1.8.0_162/lib/amd64/jli/libjli.so
7f83fd3d2000-7f83fd5d1000 ---p 00016000 08:12 1450668                    /usr/local/jdk1.8.0_162/lib/amd64/jli/libjli.so
7f83fd5d1000-7f83fd5d2000 rw-p 00015000 08:12 1450668                    /usr/local/jdk1.8.0_162/lib/amd64/jli/libjli.so
7f83fd5d2000-7f83fd5ea000 r-xp 00000000 08:12 3941548                    /lib/x86_64-linux-gnu/libpthread-2.23.so
7f83fd5ea000-7f83fd7e9000 ---p 00018000 08:12 3941548                    /lib/x86_64-linux-gnu/libpthread-2.23.so
7f83fd7e9000-7f83fd7ea000 r--p 00017000 08:12 3941548                    /lib/x86_64-linux-gnu/libpthread-2.23.so
7f83fd7ea000-7f83fd7eb000 rw-p 00018000 08:12 3941548                    /lib/x86_64-linux-gnu/libpthread-2.23.so
7f83fd7eb000-7f83fd7ef000 rw-p 00000000 00:00 0 
7f83fd7ef000-7f83fd815000 r-xp 00000000 08:12 3941546                    /lib/x86_64-linux-gnu/ld-2.23.so
7f83fd817000-7f83fd81c000 r--s 002f9000 08:12 2508525                    /usr/local/jdk1.8.0_162/jre/lib/charsets.jar
7f83fd81c000-7f83fd81f000 r--s 0001a000 08:12 2508541                    /usr/local/jdk1.8.0_162/jre/lib/jce.jar
7f83fd81f000-7f83fd8ea000 rw-p 00000000 00:00 0 
7f83fd8ea000-7f83fd8ed000 ---p 00000000 00:00 0 
7f83fd8ed000-7f83fd9f0000 rw-p 00000000 00:00 0 
7f83fd9f2000-7f83fd9f7000 r--s 0009d000 08:12 2508535                    /usr/local/jdk1.8.0_162/jre/lib/jsse.jar
7f83fd9f7000-7f83fda0a000 r--s 00345000 08:12 2508531                    /usr/local/jdk1.8.0_162/jre/lib/resources.jar
7f83fda0a000-7f83fda12000 rw-s 00000000 08:12 6967257                    /tmp/hsperfdata_clexma/14397
7f83fda12000-7f83fda13000 rw-p 00000000 00:00 0 
7f83fda13000-7f83fda14000 r--p 00000000 00:00 0 
7f83fda14000-7f83fda15000 r--p 00025000 08:12 3941546                    /lib/x86_64-linux-gnu/ld-2.23.so
7f83fda15000-7f83fda16000 rw-p 00026000 08:12 3941546                    /lib/x86_64-linux-gnu/ld-2.23.so
7f83fda16000-7f83fda17000 rw-p 00000000 00:00 0 
7fffa2055000-7fffa2076000 rw-p 00000000 00:00 0                          [stack]
7fffa2123000-7fffa2126000 r--p 00000000 00:00 0                          [vvar]
7fffa2126000-7fffa2128000 r-xp 00000000 00:00 0                          [vdso]
ffffffffff600000-ffffffffff601000 r-xp 00000000 00:00 0                  [vsyscall]

VM Arguments:
jvm_args: -Dfile.encoding=UTF-8 
java_command: other.ConverterZeroTest
java_class_path (initial): /usr/local/jdk1.8.0_162/jre/lib/resources.jar:/usr/local/jdk1.8.0_162/jre/lib/rt.jar:/usr/local/jdk1.8.0_162/jre/lib/jsse.jar:/usr/local/jdk1.8.0_162/jre/lib/jce.jar:/usr/local/jdk1.8.0_162/jre/lib/charsets.jar:/usr/local/jdk1.8.0_162/jre/lib/jfr.jar:/usr/local/jdk1.8.0_162/jre/lib/ext/localedata.jar:/usr/local/jdk1.8.0_162/jre/lib/ext/cldrdata.jar:/usr/local/jdk1.8.0_162/jre/lib/ext/dnsns.jar:/usr/local/jdk1.8.0_162/jre/lib/ext/sunec.jar:/usr/local/jdk1.8.0_162/jre/lib/ext/jaccess.jar:/usr/local/jdk1.8.0_162/jre/lib/ext/zipfs.jar:/usr/local/jdk1.8.0_162/jre/lib/ext/nashorn.jar:/usr/local/jdk1.8.0_162/jre/lib/ext/jfxrt.jar:/usr/local/jdk1.8.0_162/jre/lib/ext/sunpkcs11.jar:/usr/local/jdk1.8.0_162/jre/lib/ext/sunjce_provider.jar:/home/clexma/Desktop/intern/workspace/OCAReach2QFPA/bin:/home/clexma/Desktop/intern/workspace/OCAReach2QFPA/lib/com.microsoft.z3.jar:/home/clexma/.p2/pool/plugins/org.junit_4.12.0.v201504281640/junit.jar
Launcher Type: SUN_STANDARD

Environment Variables:
JAVA_HOME=/usr/local/jdk1.8.0_162
PATH=/home/clexma/bin:/home/clexma/.local/bin:/usr/local/sbin:/usr/local/bin:/usr/sbin:/usr/bin:/sbin:/bin:/usr/games:/usr/local/games:/node-v8.12.0-linux-x64/bin:/snap/bin:/home/clexma/bin:/usr/local/jdk1.8.0_162/bin
SHELL=/bin/zsh
DISPLAY=:0

Signal Handlers:
SIGSEGV: [libjvm.so+0xad03c0], sa_mask[0]=11111111011111111101111111111110, sa_flags=SA_RESTART|SA_SIGINFO
SIGBUS: [libjvm.so+0xad03c0], sa_mask[0]=11111111011111111101111111111110, sa_flags=SA_RESTART|SA_SIGINFO
SIGFPE: [libjvm.so+0x928210], sa_mask[0]=11111111011111111101111111111110, sa_flags=SA_RESTART|SA_SIGINFO
SIGPIPE: [libjvm.so+0x928210], sa_mask[0]=11111111011111111101111111111110, sa_flags=SA_RESTART|SA_SIGINFO
SIGXFSZ: [libjvm.so+0x928210], sa_mask[0]=11111111011111111101111111111110, sa_flags=SA_RESTART|SA_SIGINFO
SIGILL: [libjvm.so+0x928210], sa_mask[0]=11111111011111111101111111111110, sa_flags=SA_RESTART|SA_SIGINFO
SIGUSR1: SIG_DFL, sa_mask[0]=00000000000000000000000000000000, sa_flags=none
SIGUSR2: [libjvm.so+0x929a70], sa_mask[0]=00100000000000000000000000000000, sa_flags=SA_RESTART|SA_SIGINFO
SIGHUP: [libjvm.so+0x92ae70], sa_mask[0]=11111111011111111101111111111110, sa_flags=SA_RESTART|SA_SIGINFO
SIGINT: [libjvm.so+0x92ae70], sa_mask[0]=11111111011111111101111111111110, sa_flags=SA_RESTART|SA_SIGINFO
SIGTERM: [libjvm.so+0x92ae70], sa_mask[0]=11111111011111111101111111111110, sa_flags=SA_RESTART|SA_SIGINFO
SIGQUIT: [libjvm.so+0x92ae70], sa_mask[0]=11111111011111111101111111111110, sa_flags=SA_RESTART|SA_SIGINFO


---------------  S Y S T E M  ---------------

OS:DISTRIB_ID=Ubuntu
DISTRIB_RELEASE=16.04
DISTRIB_CODENAME=xenial
DISTRIB_DESCRIPTION="Ubuntu 16.04.6 LTS"

uname:Linux 4.15.0-54-generic #58~16.04.1-Ubuntu SMP Mon Jun 24 13:21:41 UTC 2019 x86_64
libc:glibc 2.23 NPTL 2.23 
rlimit: STACK 8192k, CORE 0k, NPROC 30873, NOFILE 1048576, AS infinity
load average:1.43 1.14 0.95

/proc/meminfo:
MemTotal:        8039572 kB
MemFree:          785104 kB
MemAvailable:    2786908 kB
Buffers:          364836 kB
Cached:          2478716 kB
SwapCached:            0 kB
Active:          4928364 kB
Inactive:        1896224 kB
Active(anon):    3906660 kB
Inactive(anon):   827912 kB
Active(file):    1021704 kB
Inactive(file):  1068312 kB
Unevictable:        8512 kB
Mlocked:            8600 kB
SwapTotal:       8260604 kB
SwapFree:        8260604 kB
Dirty:               224 kB
Writeback:             0 kB
AnonPages:       3987748 kB
Mapped:           935680 kB
Shmem:            834748 kB
Slab:             271264 kB
SReclaimable:     218484 kB
SUnreclaim:        52780 kB
KernelStack:       16736 kB
PageTables:        58464 kB
NFS_Unstable:          0 kB
Bounce:                0 kB
WritebackTmp:          0 kB
CommitLimit:    12280388 kB
Committed_AS:    9815732 kB
VmallocTotal:   34359738367 kB
VmallocUsed:           0 kB
VmallocChunk:          0 kB
HardwareCorrupted:     0 kB
AnonHugePages:         0 kB
ShmemHugePages:        0 kB
ShmemPmdMapped:        0 kB
CmaTotal:              0 kB
CmaFree:               0 kB
HugePages_Total:       0
HugePages_Free:        0
HugePages_Rsvd:        0
HugePages_Surp:        0
Hugepagesize:       2048 kB
DirectMap4k:      226148 kB
DirectMap2M:     5937152 kB
DirectMap1G:     3145728 kB


CPU:total 4 (initial active 4) (2 cores per cpu, 2 threads per core) family 6 model 61 stepping 4, cmov, cx8, fxsr, mmx, sse, sse2, sse3, ssse3, sse4.1, sse4.2, popcnt, avx, avx2, clmul, erms, 3dnowpref, lzcnt, ht, tsc, tscinvbit, bmi1, bmi2, adx

/proc/cpuinfo:
processor	: 0
vendor_id	: GenuineIntel
cpu family	: 6
model		: 61
model name	: Intel(R) Core(TM) i7-5500U CPU @ 2.40GHz
stepping	: 4
microcode	: 0x2d
cpu MHz		: 1856.555
cache size	: 4096 KB
physical id	: 0
siblings	: 4
core id		: 0
cpu cores	: 2
apicid		: 0
initial apicid	: 0
fpu		: yes
fpu_exception	: yes
cpuid level	: 20
wp		: yes
flags		: fpu vme de pse tsc msr pae mce cx8 apic sep mtrr pge mca cmov pat pse36 clflush dts acpi mmx fxsr sse sse2 ss ht tm pbe syscall nx pdpe1gb rdtscp lm constant_tsc arch_perfmon pebs bts rep_good nopl xtopology nonstop_tsc cpuid aperfmperf pni pclmulqdq dtes64 monitor ds_cpl vmx est tm2 ssse3 sdbg fma cx16 xtpr pdcm pcid sse4_1 sse4_2 x2apic movbe popcnt tsc_deadline_timer xsave avx f16c rdrand lahf_lm abm 3dnowprefetch cpuid_fault epb invpcid_single pti ssbd ibrs ibpb stibp tpr_shadow vnmi flexpriority ept vpid fsgsbase tsc_adjust bmi1 avx2 smep bmi2 erms invpcid rdseed adx smap intel_pt xsaveopt dtherm ida arat pln pts md_clear flush_l1d
bugs		: cpu_meltdown spectre_v1 spectre_v2 spec_store_bypass l1tf mds
bogomips	: 4788.82
clflush size	: 64
cache_alignment	: 64
address sizes	: 39 bits physical, 48 bits virtual
power management:

processor	: 1
vendor_id	: GenuineIntel
cpu family	: 6
model		: 61
model name	: Intel(R) Core(TM) i7-5500U CPU @ 2.40GHz
stepping	: 4
microcode	: 0x2d
cpu MHz		: 2345.372
cache size	: 4096 KB
physical id	: 0
siblings	: 4
core id		: 0
cpu cores	: 2
apicid		: 1
initial apicid	: 1
fpu		: yes
fpu_exception	: yes
cpuid level	: 20
wp		: yes
flags		: fpu vme de pse tsc msr pae mce cx8 apic sep mtrr pge mca cmov pat pse36 clflush dts acpi mmx fxsr sse sse2 ss ht tm pbe syscall nx pdpe1gb rdtscp lm constant_tsc arch_perfmon pebs bts rep_good nopl xtopology nonstop_tsc cpuid aperfmperf pni pclmulqdq dtes64 monitor ds_cpl vmx est tm2 ssse3 sdbg fma cx16 xtpr pdcm pcid sse4_1 sse4_2 x2apic movbe popcnt tsc_deadline_timer xsave avx f16c rdrand lahf_lm abm 3dnowprefetch cpuid_fault epb invpcid_single pti ssbd ibrs ibpb stibp tpr_shadow vnmi flexpriority ept vpid fsgsbase tsc_adjust bmi1 avx2 smep bmi2 erms invpcid rdseed adx smap intel_pt xsaveopt dtherm ida arat pln pts md_clear flush_l1d
bugs		: cpu_meltdown spectre_v1 spectre_v2 spec_store_bypass l1tf mds
bogomips	: 4788.82
clflush size	: 64
cache_alignment	: 64
address sizes	: 39 bits physical, 48 bits virtual
power management:

processor	: 2
vendor_id	: GenuineIntel
cpu family	: 6
model		: 61
model name	: Intel(R) Core(TM) i7-5500U CPU @ 2.40GHz
stepping	: 4
microcode	: 0x2d
cpu MHz		: 1784.797
cache size	: 4096 KB
physical id	: 0
siblings	: 4
core id		: 1
cpu cores	: 2
apicid		: 2
initial apicid	: 2
fpu		: yes
fpu_exception	: yes
cpuid level	: 20
wp		: yes
flags		: fpu vme de pse tsc msr pae mce cx8 apic sep mtrr pge mca cmov pat pse36 clflush dts acpi mmx fxsr sse sse2 ss ht tm pbe syscall nx pdpe1gb rdtscp lm constant_tsc arch_perfmon pebs bts rep_good nopl xtopology nonstop_tsc cpuid aperfmperf pni pclmulqdq dtes64 monitor ds_cpl vmx est tm2 ssse3 sdbg fma cx16 xtpr pdcm pcid sse4_1 sse4_2 x2apic movbe popcnt tsc_deadline_timer xsave avx f16c rdrand lahf_lm abm 3dnowprefetch cpuid_fault epb invpcid_single pti ssbd ibrs ibpb stibp tpr_shadow vnmi flexpriority ept vpid fsgsbase tsc_adjust bmi1 avx2 smep bmi2 erms invpcid rdseed adx smap intel_pt xsaveopt dtherm ida arat pln pts md_clear flush_l1d
bugs		: cpu_meltdown spectre_v1 spectre_v2 spec_store_bypass l1tf mds
bogomips	: 4788.82
clflush size	: 64
cache_alignment	: 64
address sizes	: 39 bits physical, 48 bits virtual
power management:

processor	: 3
vendor_id	: GenuineIntel
cpu family	: 6
model		: 61
model name	: Intel(R) Core(TM) i7-5500U CPU @ 2.40GHz
stepping	: 4
microcode	: 0x2d
cpu MHz		: 2190.358
cache size	: 4096 KB
physical id	: 0
siblings	: 4
core id		: 1
cpu cores	: 2
apicid		: 3
initial apicid	: 3
fpu		: yes
fpu_exception	: yes
cpuid level	: 20
wp		: yes
flags		: fpu vme de pse tsc msr pae mce cx8 apic sep mtrr pge mca cmov pat pse36 clflush dts acpi mmx fxsr sse sse2 ss ht tm pbe syscall nx pdpe1gb rdtscp lm constant_tsc arch_perfmon pebs bts rep_good nopl xtopology nonstop_tsc cpuid aperfmperf pni pclmulqdq dtes64 monitor ds_cpl vmx est tm2 ssse3 sdbg fma cx16 xtpr pdcm pcid sse4_1 sse4_2 x2apic movbe popcnt tsc_deadline_timer xsave avx f16c rdrand lahf_lm abm 3dnowprefetch cpuid_fault epb invpcid_single pti ssbd ibrs ibpb stibp tpr_shadow vnmi flexpriority ept vpid fsgsbase tsc_adjust bmi1 avx2 smep bmi2 erms invpcid rdseed adx smap intel_pt xsaveopt dtherm ida arat pln pts md_clear flush_l1d
bugs		: cpu_meltdown spectre_v1 spectre_v2 spec_store_bypass l1tf mds
bogomips	: 4788.82
clflush size	: 64
cache_alignment	: 64
address sizes	: 39 bits physical, 48 bits virtual
power management:



Memory: 4k page, physical 8039572k(784980k free), swap 8260604k(8260604k free)

vm_info: Java HotSpot(TM) 64-Bit Server VM (25.162-b12) for linux-amd64 JRE (1.8.0_162-b12), built on Dec 19 2017 21:15:48 by "java_re" with gcc 4.3.0 20080428 (Red Hat 4.3.0-8)

time: Thu Jul  4 14:40:42 2019
elapsed time: 0 seconds (0d 0h 0m 0s)

